<div class="story">
<h1></h1>
<div class="path">stories/Global_Nav/NotSignedIn.story</div>
<div class="narrative"><h2>Narrative:</h2>
<div class="element inOrderTo"><span class="keyword inOrderTo">In order to</span> check Functionality</div>
<div class="element asA"><span class="keyword asA">As a</span> n Tester</div>
<div class="element iWantTo"><span class="keyword iWantTo">I want to</span> verify Global Nav application
eta:@skip</div>
</div>
<div class="scenario">
<h2>Scenario: Test case -Not Signed-In</h2>
<div class="step failed">Given User on home page <span class="keyword failed">(FAILED)</span><br/><span class="message failed">net.thucydides.core.webdriver.UnsupportedDriverException: Could not instantiate class org.openqa.selenium.firefox.FirefoxDriver</span></div>
<div class="step notPerformed">When User Not signed In <span class="keyword notPerformed">(NOT PERFORMED)</span></div>
<div class="step notPerformed">Then User see the text 'Sign In' must be displayed <span class="keyword notPerformed">(NOT PERFORMED)</span></div>
<div class="step notPerformed">When User Hover over 'Sign In' <span class="keyword notPerformed">(NOT PERFORMED)</span></div>
<div class="step notPerformed">Then User see the panel must slide down showing two account options 'Oracle Account' and 'Cloud Account' <span class="keyword notPerformed">(NOT PERFORMED)</span></div>
<div class="step notPerformed">Then User verify Oracle Account must have options:
<span class="step parameter"><table>
<thead>
<tr>
<th>option</th></tr>
</thead>
<tbody>
<tr>
<td>Sign in</td></tr>
<tr>
<td>Create an account</td></tr>
<tr>
<td>Help</td></tr>
</tbody>
</table>
</span> <span class="keyword notPerformed">(NOT PERFORMED)</span></div>
<div class="step notPerformed">Then User verify Cloud Account must have only option:
<span class="step parameter"><table>
<thead>
<tr>
<th>option</th></tr>
</thead>
<tbody>
<tr>
<td>Sign In</td></tr>
<tr>
<td>Free Cloud Platform Trial</td></tr>
</tbody>
</table>
</span> <span class="keyword notPerformed">(NOT PERFORMED)</span></div>
<div class="step notPerformed">Then User Click on Cloud Account each links:
<span class="step parameter"><table>
<thead>
<tr>
<th>Option</th><th>Link</th><th>appropriate page</th></tr>
</thead>
<tbody>
<tr>
<td>Sign In</td><td>Sign In</td><td>Oracle Cloud</td></tr>
<tr>
<td>Sign In</td><td>Free Cloud Platform Trial</td><td>Oracle Cloud</td></tr>
</tbody>
</table>
</span> <span class="keyword notPerformed">(NOT PERFORMED)</span></div>
<div class="step notPerformed">Then User Click on Oracle Account each links:
<span class="step parameter"><table>
<thead>
<tr>
<th>Option</th><th>Link</th><th>appropriate page</th></tr>
</thead>
<tbody>
<tr>
<td>Sign In</td><td>Help</td><td>About Your Oracle Account</td></tr>
<tr>
<td>Sign In</td><td>Create an account</td><td>Create Account</td></tr>
<tr>
<td>Sign In</td><td>Sign in</td><td>Single Sign On - Login</td></tr>
</tbody>
</table>
</span> <span class="keyword notPerformed">(NOT PERFORMED)</span></div>
<pre class="failure">net.thucydides.core.webdriver.UnsupportedDriverException: Could not instantiate class org.openqa.selenium.firefox.FirefoxDriver
	at net.thucydides.core.webdriver.WebDriverFacade.newDriverInstance(WebDriverFacade.java:148)
	at net.thucydides.core.webdriver.WebDriverFacade.newProxyDriver(WebDriverFacade.java:135)
	at net.thucydides.core.webdriver.WebDriverFacade.getProxiedDriver(WebDriverFacade.java:105)
	at net.thucydides.core.webdriver.WebDriverFacade.manage(WebDriverFacade.java:379)
	at com.bdd.sample.pages.DictionaryPage.home_page(DictionaryPage.java:55)
	at com.bdd.sample.steps.serenity.EndUserSteps.is_the_home_page(EndUserSteps.java:20)
	at com.bdd.sample.steps.serenity.EndUserSteps$$EnhancerByCGLIB$$8e1b28ee.CGLIB$is_the_home_page$3(&lt;generated&gt;)
	at com.bdd.sample.steps.serenity.EndUserSteps$$EnhancerByCGLIB$$8e1b28ee$$FastClassByCGLIB$$2b329332.invoke(&lt;generated&gt;)
	at net.sf.cglib.proxy.MethodProxy.invokeSuper(MethodProxy.java:228)
	at net.thucydides.core.steps.StepInterceptor.invokeMethod(StepInterceptor.java:372)
	at net.thucydides.core.steps.StepInterceptor.executeTestStepMethod(StepInterceptor.java:357)
	at net.thucydides.core.steps.StepInterceptor.runTestStep(StepInterceptor.java:332)
	at net.thucydides.core.steps.StepInterceptor.testStepResult(StepInterceptor.java:134)
	at net.thucydides.core.steps.StepInterceptor.intercept(StepInterceptor.java:61)
	at com.bdd.sample.steps.serenity.EndUserSteps$$EnhancerByCGLIB$$8e1b28ee.is_the_home_page(&lt;generated&gt;)
	at com.bdd.sample.steps2.DefinitionSteps.Useronhomepage(DefinitionSteps.java:26)
	(reflection-invoke)
	at org.jbehave.core.steps.StepCreator$ParametrisedStep.perform(StepCreator.java:733)
	at org.jbehave.core.embedder.PerformableTree$FineSoFar.run(PerformableTree.java:346)
...</pre>
</div>
</div>
 '2.53.1', revision: 'a36b8b1cd5757287168e54b817830adce9b0158d', time: '2016-06-30 19:26:09'
System info: host: 'RABHINAN-LAP', ip: '10.178.30.255', os.name: 'Windows 7', os.arch: 'amd64', os.version: '6.1', java.version: '1.8.0_131'
Driver info: org.openqa.selenium.remote.RemoteWebDriver
Capabilities [{applicationCacheEnabled=false, rotatable=false, mobileEmulationEnabled=false, networkConnectionEnabled=false, chrome={chromedriverVersion=2.35.528161 (5b82f2d2aae0ca24b877009200ced9065a772e73), userDataDir=C:\Users\rabhinan\AppData\Local\Temp\scoped_dir12712_18103}, takesHeapSnapshot=true, pageLoadStrategy=normal, databaseEnabled=false, handlesAlerts=true, hasTouchScreen=false, version=68.0.3440.106, platform=XP, browserConnectionEnabled=false, nativeEvents=true, acceptSslCerts=false, acceptInsecureCerts=false, locationContextEnabled=true, webStorageEnabled=true, browserName=chrome, takesScreenshot=true, javascriptEnabled=true, cssSelectorsEnabled=true, setWindowRect=true, unexpectedAlertBehaviour=}]
Session ID: 8b3b9e2cd4dd4f68f0aaf7d06589ac92
	at net.serenitybdd.core.exceptions.SerenityManagedException.detachedCopyOf(SerenityManagedException.java:20)
	at net.thucydides.core.steps.StepInterceptor.runTestStep(StepInterceptor.java:341)
	at net.thucydides.core.steps.StepInterceptor.testStepResult(StepInterceptor.java:134)
	at net.thucydides.core.steps.StepInterceptor.intercept(StepInterceptor.java:61)
	at com.bdd.sample.steps.serenity.EndUserSteps$$EnhancerByCGLIB$$a07d08bb.is_the_home_page(&lt;generated&gt;)
	at com.bdd.sample.steps2.DefinitionSteps.Useronhomepage(DefinitionSteps.java:26)
	(reflection-invoke)
	at org.jbehave.core.steps.StepCreator$ParametrisedStep.perform(StepCreator.java:733)
	at org.jbehave.core.embedder.PerformableTree$FineSoFar.run(PerformableTree.java:346)
...</pre>
</div>
</div>
