<story path="stories/Global_Nav/SignedIn.story" title="">
<narrative keyword="Narrative:">
  <inOrderTo keyword="In order to">check Functionality</inOrderTo>
  <asA keyword="As a">Tester</asA>
  <iWantTo keyword="I want to">verify Global Nav application


eta:@skip</iWantTo>
</narrative>
<scenario keyword="Scenario:" title="Test case -Signed-In">
<step outcome="failed" keyword="FAILED">Given User on home page<failure>java.lang.NullPointerException: null value in entry: url=null</failure></step>
<step outcome="notPerformed" keyword="NOT PERFORMED">When User Signed In</step>
<step outcome="notPerformed" keyword="NOT PERFORMED">Then User see the Text &apos;Account&apos; must be displayed</step>
<step outcome="notPerformed" keyword="NOT PERFORMED">When User Hover Over &apos;Account&apos;</step>
<step outcome="notPerformed" keyword="NOT PERFORMED">Then User see the panel must slide down showing two Account options &apos;Oracle Account&apos; and &apos;Cloud Account&apos;</step>
<step outcome="notPerformed" keyword="NOT PERFORMED">Then User verify Oracle account must have options:
<parameter><parameters>
<names><name>option</name></names>
<values><value>Sign Out</value></values>
<values><value>Account</value></values>
<values><value>Help</value></values>
</parameters>
</parameter></step>
<step outcome="notPerformed" keyword="NOT PERFORMED">Then User verify Cloud account must have only option:
<parameter><parameters>
<names><name>option</name></names>
<values><value>Sign In</value></values>
<values><value>Free Cloud Platform Trial</value></values>
</parameters>
</parameter></step>
<step outcome="notPerformed" keyword="NOT PERFORMED">Then User Click on Cloud Account each links:
<parameter><parameters>
<names><name>Option</name><name>Link</name><name>appropriate page</name></names>
<values><value>Account</value><value>Sign In</value><value>Oracle Cloud</value></values>
<values><value>Account</value><value>Free Cloud Platform Trial</value><value>Oracle Cloud</value></values>
</parameters>
</parameter></step>
<step outcome="notPerformed" keyword="NOT PERFORMED">Then User Clicks on oracle account each links:
<parameter><parameters>
<names><name>Option</name><name>Link</name><name>appropriate page</name></names>
<values><value>Account</value><value>Help</value><value>About Your Oracle Account</value></values>
<values><value>Account</value><value>Account</value><value>Update Account</value></values>
<values><value>Account</value><value>Sign Out</value><value>Search</value></values>
</parameters>
</parameter></step>
<failure>java.lang.NullPointerException: null value in entry: url=null
	at com.google.common.collect.CollectPreconditions.checkEntryNotNull(CollectPreconditions.java:34)
	at com.google.common.collect.SingletonImmutableBiMap.&lt;init&gt;(SingletonImmutableBiMap.java:42)
	at com.google.common.collect.ImmutableBiMap.of(ImmutableBiMap.java:73)
	at com.google.common.collect.ImmutableMap.of(ImmutableMap.java:120)
	at org.openqa.selenium.remote.RemoteWebDriver.get(RemoteWebDriver.java:316)
	at net.thucydides.core.webdriver.WebDriverFacade.ignoreUndefinedErrorsIfTheUrlIsCorrectFor(WebDriverFacade.java:191)
	at net.thucydides.core.webdriver.WebDriverFacade.openIgnoringHtmlUnitScriptErrors(WebDriverFacade.java:180)
	at net.thucydides.core.webdriver.WebDriverFacade.get(WebDriverFacade.java:175)
	at com.bdd.sample.pages.DictionaryPage.home_page(DictionaryPage.java:57)
	at com.bdd.sample.steps.serenity.EndUserSteps.is_the_home_page(EndUserSteps.java:20)
	at com.bdd.sample.steps.serenity.EndUserSteps$$EnhancerByCGLIB$$6d6e98e7.CGLIB$is_the_home_page$3(&lt;generated&gt;)
	at com.bdd.sample.steps.serenity.EndUserSteps$$EnhancerByCGLIB$$6d6e98e7$$FastClassByCGLIB$$2f3fae3c.invoke(&lt;generated&gt;)
	at net.sf.cglib.proxy.MethodProxy.invokeSuper(MethodProxy.java:228)
	at net.thucydides.core.steps.StepInterceptor.invokeMethod(StepInterceptor.java:372)
	at net.thucydides.core.steps.StepInterceptor.executeTestStepMethod(StepInterceptor.java:357)
	at net.thucydides.core.steps.StepInterceptor.runTestStep(StepInterceptor.java:332)
	at net.thucydides.core.steps.StepInterceptor.testStepResult(StepInterceptor.java:134)
	at net.thucydides.core.steps.StepInterceptor.intercept(StepInterceptor.java:61)
	at com.bdd.sample.steps.serenity.EndUserSteps$$EnhancerByCGLIB$$6d6e98e7.is_the_home_page(&lt;generated&gt;)
	at com.bdd.sample.steps2.DefinitionSteps.Useronhomepage(DefinitionSteps.java:26)
	(reflection-invoke)
	at org.jbehave.core.steps.StepCreator$ParametrisedStep.perform(StepCreator.java:733)
	at org.jbehave.core.embedder.PerformableTree$FineSoFar.run(PerformableTree.java:346)
...</failure>
</scenario>
</story>
