<story path="stories/consult_dictionary/Not Signed In.story" title="">
<narrative keyword="Narrative:">
  <inOrderTo keyword="In order to">check Functionality</inOrderTo>
  <asA keyword="As a">n Tester</asA>
  <iWantTo keyword="I want to">verify Global Nav application
eta:@skip</iWantTo>
</narrative>
<scenario keyword="Scenario:" title="Test case -Not Signed-In">
<step outcome="successful">Given User on home page</step>
<step outcome="successful">When User Not signed In</step>
<step outcome="successful">Then User see the text &apos;Sign In&apos; must be displayed</step>
<step outcome="successful">When User Hover over &apos;Sign In&apos;</step>
<step outcome="successful">Then User see the panel must slide down showing two account options &apos;Oracle Account&apos; and &apos;Cloud Account&apos;</step>
<step outcome="failed" keyword="FAILED">Then User verify Oracle Account must have options:
<parameter><parameters>
<names><name>option</name></names>
<values><value>Sign in</value></values>
<values><value>Create an account</value></values>
<values><value>Help</value></values>
</parameters>
</parameter><failure>java.lang.AssertionError</failure></step>
<step outcome="notPerformed" keyword="NOT PERFORMED">Then User verify Cloud Account must have only option:
<parameter><parameters>
<names><name>option</name></names>
<values><value>Sign in</value></values>
</parameters>
</parameter></step>
<step outcome="notPerformed" keyword="NOT PERFORMED">Then User Click on Oracle Account each links:
<parameter><parameters>
<names><name>Option</name><name>Link</name><name>appropriate page</name></names>
<values><value>Sign In</value><value>Sign in</value><value>Single Sign On - Login</value></values>
<values><value>Sign In</value><value>Create an account</value><value>Create Account</value></values>
<values><value>Sign In</value><value>Help</value><value>About Your Oracle Account</value></values>
</parameters>
</parameter></step>
<step outcome="notPerformed" keyword="NOT PERFORMED">Then User Click on Cloud Account each links:
<parameter><parameters>
<names><name>Option</name><name>Link</name><name>appropriate page</name></names>
<values><value>Sign In</value><value>Sign in</value><value>Oracle Cloud</value></values>
</parameters>
</parameter></step>
<failure>java.lang.AssertionError
	at org.junit.Assert.fail(Assert.java:86)
	at org.junit.Assert.assertTrue(Assert.java:41)
	at org.junit.Assert.assertTrue(Assert.java:52)
	at com.bdd.sample.pages.NotSignedInPage.oracle_account_option(NotSignedInPage.java:96)
	at com.bdd.sample.steps.serenity.NotSignedInStep.Expected_oracle_account_option(NotSignedInStep.java:42)
	at com.bdd.sample.steps.serenity.NotSignedInStep$$EnhancerByCGLIB$$48dc5bc0.CGLIB$Expected_oracle_account_option$7(&lt;generated&gt;)
	at com.bdd.sample.steps.serenity.NotSignedInStep$$EnhancerByCGLIB$$48dc5bc0$$FastClassByCGLIB$$afd4363a.invoke(&lt;generated&gt;)
	at net.sf.cglib.proxy.MethodProxy.invokeSuper(MethodProxy.java:228)
	at net.thucydides.core.steps.StepInterceptor.invokeMethod(StepInterceptor.java:369)
	at net.thucydides.core.steps.StepInterceptor.executeTestStepMethod(StepInterceptor.java:354)
	at net.thucydides.core.steps.StepInterceptor.runTestStep(StepInterceptor.java:329)
	at net.thucydides.core.steps.StepInterceptor.testStepResult(StepInterceptor.java:134)
	at net.thucydides.core.steps.StepInterceptor.intercept(StepInterceptor.java:61)
	at com.bdd.sample.steps.serenity.NotSignedInStep$$EnhancerByCGLIB$$48dc5bc0.Expected_oracle_account_option(&lt;generated&gt;)
	at com.bdd.sample.steps2.NotSignedInDefinition.UserverifyOracleAccountmusthaveoptions(NotSignedInDefinition.java:53)
	(reflection-invoke)
	at org.jbehave.core.steps.StepCreator$ParametrisedStep.perform(StepCreator.java:599)
	at org.jbehave.core.embedder.PerformableTree$FineSoFar.run(PerformableTree.java:340)
...</failure>
</scenario>
</story>
