<div class="story">
<h1></h1>
<div class="path">stories/Global_Nav/NotSignedIn.story</div>
<div class="narrative"><h2>Narrative:</h2>
<div class="element inOrderTo"><span class="keyword inOrderTo">In order to</span> check Functionality</div>
<div class="element asA"><span class="keyword asA">As a</span> n Tester</div>
<div class="element iWantTo"><span class="keyword iWantTo">I want to</span> verify Global Nav application
eta:@skip</div>
</div>
<div class="scenario">
<h2>Scenario: Test case -Not Signed-In</h2>
<div class="step successful">Given User on home page</div>
<div class="step successful">When User Not signed In</div>
<div class="step successful">Then User see the text 'Sign In' must be displayed</div>
<div class="step successful">When User Hover over 'Sign In'</div>
<div class="step successful">Then User see the panel must slide down showing two account options 'Oracle Account' and 'Cloud Account'</div>
<div class="step successful">Then User verify Oracle Account must have options:
<span class="step parameter"><table>
<thead>
<tr>
<th>option</th></tr>
</thead>
<tbody>
<tr>
<td>Sign in</td></tr>
<tr>
<td>Create an account</td></tr>
<tr>
<td>Help</td></tr>
</tbody>
</table>
</span></div>
<div class="step successful">Then User verify Cloud Account must have only option:
<span class="step parameter"><table>
<thead>
<tr>
<th>option</th></tr>
</thead>
<tbody>
<tr>
<td>Sign In</td></tr>
<tr>
<td>Free Cloud Platform Trial</td></tr>
</tbody>
</table>
</span></div>
<div class="step failed">Then User Click on Cloud Account each links:
<span class="step parameter"><table>
<thead>
<tr>
<th>Option</th><th>Link</th><th>appropriate page</th></tr>
</thead>
<tbody>
<tr>
<td>Sign In</td><td>Sign In</td><td>Oracle Cloud</td></tr>
<tr>
<td>Sign In</td><td>Free Cloud Platform Trial</td><td>Oracle Cloud</td></tr>
</tbody>
</table>
</span> <span class="keyword failed">(FAILED)</span><br/><span class="message failed">java.lang.AssertionError</span></div>
<div class="step notPerformed">Then User Click on Oracle Account each links:
<span class="step parameter"><table>
<thead>
<tr>
<th>Option</th><th>Link</th><th>appropriate page</th></tr>
</thead>
<tbody>
<tr>
<td>Sign In</td><td>Help</td><td>About Your Oracle Account</td></tr>
<tr>
<td>Sign In</td><td>Create an account</td><td>Create Account</td></tr>
<tr>
<td>Sign In</td><td>Sign in</td><td>Single Sign On - Login</td></tr>
</tbody>
</table>
</span> <span class="keyword notPerformed">(NOT PERFORMED)</span></div>
<pre class="failure">java.lang.AssertionError
	at org.junit.Assert.fail(Assert.java:86)
	at org.junit.Assert.assertTrue(Assert.java:41)
	at org.junit.Assert.assertTrue(Assert.java:52)
	at com.bdd.sample.pages.NotSignedInPage.is_page_(NotSignedInPage.java:172)
	at com.bdd.sample.steps.serenity.NotSignedInStep.Page(NotSignedInStep.java:79)
	at com.bdd.sample.steps.serenity.NotSignedInStep$$EnhancerByCGLIB$$143e4441.CGLIB$Page$3(&lt;generated&gt;)
	at com.bdd.sample.steps.serenity.NotSignedInStep$$EnhancerByCGLIB$$143e4441$$FastClassByCGLIB$$5115546f.invoke(&lt;generated&gt;)
	at net.sf.cglib.proxy.MethodProxy.invokeSuper(MethodProxy.java:228)
	at net.thucydides.core.steps.StepInterceptor.invokeMethod(StepInterceptor.java:372)
	at net.thucydides.core.steps.StepInterceptor.executeTestStepMethod(StepInterceptor.java:357)
	at net.thucydides.core.steps.StepInterceptor.runTestStep(StepInterceptor.java:332)
	at net.thucydides.core.steps.StepInterceptor.testStepResult(StepInterceptor.java:134)
	at net.thucydides.core.steps.StepInterceptor.intercept(StepInterceptor.java:61)
	at com.bdd.sample.steps.serenity.NotSignedInStep$$EnhancerByCGLIB$$143e4441.Page(&lt;generated&gt;)
	at com.bdd.sample.steps.serenity.NotSignedInStep.is_page_(NotSignedInStep.java:87)
	at com.bdd.sample.steps.serenity.NotSignedInStep$$EnhancerByCGLIB$$143e4441.CGLIB$is_page_$1(&lt;generated&gt;)
	at com.bdd.sample.steps.serenity.NotSignedInStep$$EnhancerByCGLIB$$143e4441$$FastClassByCGLIB$$5115546f.invoke(&lt;generated&gt;)
	at net.sf.cglib.proxy.MethodProxy.invokeSuper(MethodProxy.java:228)
	at net.thucydides.core.steps.StepInterceptor.invokeMethod(StepInterceptor.java:372)
	at net.thucydides.core.steps.StepInterceptor.executeTestStepMethod(StepInterceptor.java:357)
	at net.thucydides.core.steps.StepInterceptor.runTestStep(StepInterceptor.java:332)
	at net.thucydides.core.steps.StepInterceptor.testStepResult(StepInterceptor.java:134)
	at net.thucydides.core.steps.StepInterceptor.intercept(StepInterceptor.java:61)
	at com.bdd.sample.steps.serenity.NotSignedInStep$$EnhancerByCGLIB$$143e4441.is_page_(&lt;generated&gt;)
	at com.bdd.sample.steps2.NotSignedInDefinition.UserClickoneachoptions(NotSignedInDefinition.java:97)
	(reflection-invoke)
	at org.jbehave.core.steps.StepCreator$ParametrisedStep.perform(StepCreator.java:733)
	at org.jbehave.core.embedder.PerformableTree$FineSoFar.run(PerformableTree.java:346)
...</pre>
</div>
</div>
