<story path="stories/consult_dictionary/Signed In.story" title="">
<narrative keyword="Narrative:">
  <inOrderTo keyword="In order to">check Functionality</inOrderTo>
  <asA keyword="As a">n Tester</asA>
  <iWantTo keyword="I want to">verify Global Nav application
eta:@skip</iWantTo>
</narrative>
<scenario keyword="Scenario:" title="Test case -Signed-In">
<step outcome="successful">Given User on home page</step>
<step outcome="successful">When User Signed In</step>
<step outcome="successful">Then User see the Text &apos;Account&apos; must be displayed</step>
<step outcome="successful">When User Hover Over &apos;Account&apos;</step>
<step outcome="successful">Then User see the panel must slide down showing two Account options &apos;Oracle Account&apos; and &apos;Cloud Account&apos;</step>
<step outcome="successful">Then User verify Oracle account must have options:
<parameter><parameters>
<names><name>option</name></names>
<values><value>Sign Out</value></values>
<values><value>Account</value></values>
<values><value>Help</value></values>
</parameters>
</parameter></step>
<step outcome="successful">Then User verify Cloud account must have only option:
<parameter><parameters>
<names><name>option</name></names>
<values><value>Sign in</value></values>
</parameters>
</parameter></step>
<step outcome="successful">Then User Click on Cloud account each links:
<parameter><parameters>
<names><name>Option</name><name>Link</name><name>appropriate page</name></names>
<values><value>Account</value><value>Sign in</value><value>Oracle Cloud</value></values>
</parameters>
</parameter></step>
<step outcome="failed" keyword="FAILED">Then User Click on Oracle account each links:
<parameter><parameters>
<names><name>Option</name><name>Link</name><name>appropriate page</name></names>
<values><value>Account</value><value>Help</value><value>About Your Oracle Account</value></values>
<values><value>Account</value><value>Account</value><value>Update Account</value></values>
<values><value>Account</value><value>Sign Out</value><value>Single Sign off</value></values>
</parameters>
</parameter><failure>java.lang.AssertionError</failure></step>
<failure>java.lang.AssertionError
	at org.junit.Assert.fail(Assert.java:86)
	at org.junit.Assert.assertTrue(Assert.java:41)
	at org.junit.Assert.assertTrue(Assert.java:52)
	at com.bdd.sample.pages.SignedInPage.is_page(SignedInPage.java:157)
	at com.bdd.sample.steps.serenity.SignedInSteps.page(SignedInSteps.java:55)
	at com.bdd.sample.steps.serenity.SignedInSteps$$EnhancerByCGLIB$$5c763102.CGLIB$page$5(&lt;generated&gt;)
	at com.bdd.sample.steps.serenity.SignedInSteps$$EnhancerByCGLIB$$5c763102$$FastClassByCGLIB$$9d4c084.invoke(&lt;generated&gt;)
	at net.sf.cglib.proxy.MethodProxy.invokeSuper(MethodProxy.java:228)
	at net.thucydides.core.steps.StepInterceptor.invokeMethod(StepInterceptor.java:369)
	at net.thucydides.core.steps.StepInterceptor.executeTestStepMethod(StepInterceptor.java:354)
	at net.thucydides.core.steps.StepInterceptor.runTestStep(StepInterceptor.java:329)
	at net.thucydides.core.steps.StepInterceptor.testStepResult(StepInterceptor.java:134)
	at net.thucydides.core.steps.StepInterceptor.intercept(StepInterceptor.java:61)
	at com.bdd.sample.steps.serenity.SignedInSteps$$EnhancerByCGLIB$$5c763102.page(&lt;generated&gt;)
	at com.bdd.sample.steps.serenity.SignedInSteps.is_page(SignedInSteps.java:62)
	at com.bdd.sample.steps.serenity.SignedInSteps$$EnhancerByCGLIB$$5c763102.CGLIB$is_page$0(&lt;generated&gt;)
	at com.bdd.sample.steps.serenity.SignedInSteps$$EnhancerByCGLIB$$5c763102$$FastClassByCGLIB$$9d4c084.invoke(&lt;generated&gt;)
	at net.sf.cglib.proxy.MethodProxy.invokeSuper(MethodProxy.java:228)
	at net.thucydides.core.steps.StepInterceptor.invokeMethod(StepInterceptor.java:369)
	at net.thucydides.core.steps.StepInterceptor.executeTestStepMethod(StepInterceptor.java:354)
	at net.thucydides.core.steps.StepInterceptor.runTestStep(StepInterceptor.java:329)
	at net.thucydides.core.steps.StepInterceptor.testStepResult(StepInterceptor.java:134)
	at net.thucydides.core.steps.StepInterceptor.intercept(StepInterceptor.java:61)
	at com.bdd.sample.steps.serenity.SignedInSteps$$EnhancerByCGLIB$$5c763102.is_page(&lt;generated&gt;)
	at com.bdd.sample.steps2.SignedInDefinition.UserClickonOracleAccounteachlinks(SignedInDefinition.java:79)
	(reflection-invoke)
	at org.jbehave.core.steps.StepCreator$ParametrisedStep.perform(StepCreator.java:599)
	at org.jbehave.core.embedder.PerformableTree$FineSoFar.run(PerformableTree.java:340)
...</failure>
</scenario>
</story>
