<div class="story">
<h1></h1>
<div class="path">stories/consult_dictionary/f.story</div>
<div class="narrative"><h2>Narrative:</h2>
<div class="element inOrderTo"><span class="keyword inOrderTo">In order to</span> check Functionality</div>
<div class="element asA"><span class="keyword asA">As a</span> n Tester</div>
<div class="element iWantTo"><span class="keyword iWantTo">I want to</span> verify Global Nav application
eta:@skip</div>
</div>
<div class="scenario">
<h2>Scenario: Test case -Not Signed-In</h2>
<div class="step successful">Given User on home page</div>
<div class="step successful">When User Not signed In</div>
<div class="step successful">Then User see the text 'Sign In' must be displayed</div>
<div class="step successful">When User Hover over 'Sign In'</div>
<div class="step successful">Then User see the panel must slide down showing two account options 'Oracle Account' and 'Cloud Account'</div>
<div class="step failed">Then User verify Oracle Account must have options:
<span class="step parameter"><table>
<thead>
<tr>
<th>option</th></tr>
</thead>
<tbody>
<tr>
<td>Sign in</td></tr>
<tr>
<td>Create an account</td></tr>
<tr>
<td>Help</td></tr>
</tbody>
</table>
</span> <span class="keyword failed">(FAILED)</span><br/><span class="message failed">java.lang.AssertionError</span></div>
<div class="step notPerformed">Then User verify Cloud Account must have only option:
<span class="step parameter"><table>
<thead>
<tr>
<th>option</th></tr>
</thead>
<tbody>
<tr>
<td>Sign in</td></tr>
</tbody>
</table>
</span> <span class="keyword notPerformed">(NOT PERFORMED)</span></div>
<div class="step notPerformed">Then User Click on Oracle Account each links:
<span class="step parameter"><table>
<thead>
<tr>
<th>Option</th><th>Link</th><th>appropriate page</th></tr>
</thead>
<tbody>
<tr>
<td>Sign In</td><td>Sign in</td><td>Single Sign On - Login</td></tr>
<tr>
<td>Sign In</td><td>Create an account</td><td>Create Account</td></tr>
<tr>
<td>Account</td><td>Help</td><td>About Your Oracle Account</td></tr>
</tbody>
</table>
</span> <span class="keyword notPerformed">(NOT PERFORMED)</span></div>
<div class="step notPerformed">Then User Click on Cloud Account each links:
<span class="step parameter"><table>
<thead>
<tr>
<th>Option</th><th>Link</th><th>appropriate page</th></tr>
</thead>
<tbody>
<tr>
<td>Sign In</td><td>Sign in</td><td>Oracle Cloud</td></tr>
</tbody>
</table>
</span> <span class="keyword notPerformed">(NOT PERFORMED)</span></div>
<pre class="failure">java.lang.AssertionError
	at org.junit.Assert.fail(Assert.java:86)
	at org.junit.Assert.assertTrue(Assert.java:41)
	at org.junit.Assert.assertTrue(Assert.java:52)
	at com.bdd.sample.pages.NotSignedInPage.oracle_account_option(NotSignedInPage.java:96)
	at com.bdd.sample.steps.serenity.NotSignedInStep.Expected_oracle_account_option(NotSignedInStep.java:42)
	at com.bdd.sample.steps.serenity.NotSignedInStep$$EnhancerByCGLIB$$12e60581.CGLIB$Expected_oracle_account_option$6(&lt;generated&gt;)
	at com.bdd.sample.steps.serenity.NotSignedInStep$$EnhancerByCGLIB$$12e60581$$FastClassByCGLIB$$3a030f0d.invoke(&lt;generated&gt;)
	at net.sf.cglib.proxy.MethodProxy.invokeSuper(MethodProxy.java:228)
	at net.thucydides.core.steps.StepInterceptor.invokeMethod(StepInterceptor.java:369)
	at net.thucydides.core.steps.StepInterceptor.executeTestStepMethod(StepInterceptor.java:354)
	at net.thucydides.core.steps.StepInterceptor.runTestStep(StepInterceptor.java:329)
	at net.thucydides.core.steps.StepInterceptor.testStepResult(StepInterceptor.java:134)
	at net.thucydides.core.steps.StepInterceptor.intercept(StepInterceptor.java:61)
	at com.bdd.sample.steps.serenity.NotSignedInStep$$EnhancerByCGLIB$$12e60581.Expected_oracle_account_option(&lt;generated&gt;)
	at com.bdd.sample.steps2.NotSignedInDefinition.UserverifyOracleAccountmusthaveoptions(NotSignedInDefinition.java:53)
	(reflection-invoke)
	at org.jbehave.core.steps.StepCreator$ParametrisedStep.perform(StepCreator.java:599)
	at org.jbehave.core.embedder.PerformableTree$FineSoFar.run(PerformableTree.java:340)
...</pre>
</div>
</div>
