-------------------------------------------------------------------------------
Test set: com.bdd.sample.AcceptanceTestSuite
-------------------------------------------------------------------------------
Tests run: 58, Failures: 6, Errors: 1, Skipped: 2, Time elapsed: 623.181 sec <<< FAILURE! - in com.bdd.sample.AcceptanceTestSuite
Then User Click on Cloud Account each links:(com.bdd.sample.steps2.NotSignedInDefinition)  Time elapsed: 69.888 sec  <<< FAILURE!
java.lang.AssertionError: null
	at org.junit.Assert.fail(Assert.java:86)
	at org.junit.Assert.assertTrue(Assert.java:41)
	at org.junit.Assert.assertTrue(Assert.java:52)
	at com.bdd.sample.pages.NotSignedInPage.is_page_(NotSignedInPage.java:172)
	at com.bdd.sample.steps.serenity.NotSignedInStep.Page(NotSignedInStep.java:79)
	at com.bdd.sample.steps.serenity.NotSignedInStep$$EnhancerByCGLIB$$143e4441.CGLIB$Page$3(<generated>)
	at com.bdd.sample.steps.serenity.NotSignedInStep$$EnhancerByCGLIB$$143e4441$$FastClassByCGLIB$$5115546f.invoke(<generated>)
	at net.sf.cglib.proxy.MethodProxy.invokeSuper(MethodProxy.java:228)
	at net.thucydides.core.steps.StepInterceptor.invokeMethod(StepInterceptor.java:372)
	at net.thucydides.core.steps.StepInterceptor.executeTestStepMethod(StepInterceptor.java:357)
	at net.thucydides.core.steps.StepInterceptor.runTestStep(StepInterceptor.java:332)
	at net.thucydides.core.steps.StepInterceptor.testStepResult(StepInterceptor.java:134)
	at net.thucydides.core.steps.StepInterceptor.intercept(StepInterceptor.java:61)
	at com.bdd.sample.steps.serenity.NotSignedInStep$$EnhancerByCGLIB$$143e4441.Page(<generated>)
	at com.bdd.sample.steps.serenity.NotSignedInStep.is_page_(NotSignedInStep.java:87)
	at com.bdd.sample.steps.serenity.NotSignedInStep$$EnhancerByCGLIB$$143e4441.CGLIB$is_page_$1(<generated>)
	at com.bdd.sample.steps.serenity.NotSignedInStep$$EnhancerByCGLIB$$143e4441$$FastClassByCGLIB$$5115546f.invoke(<generated>)
	at net.sf.cglib.proxy.MethodProxy.invokeSuper(MethodProxy.java:228)
	at net.thucydides.core.steps.StepInterceptor.invokeMethod(StepInterceptor.java:372)
	at net.thucydides.core.steps.StepInterceptor.executeTestStepMethod(StepInterceptor.java:357)
	at net.thucydides.core.steps.StepInterceptor.runTestStep(StepInterceptor.java:332)
	at net.thucydides.core.steps.StepInterceptor.testStepResult(StepInterceptor.java:134)
	at net.thucydides.core.steps.StepInterceptor.intercept(StepInterceptor.java:61)
	at com.bdd.sample.steps.serenity.NotSignedInStep$$EnhancerByCGLIB$$143e4441.is_page_(<generated>)
	at com.bdd.sample.steps2.NotSignedInDefinition.UserClickoneachoptions(NotSignedInDefinition.java:97)

Scenario: Test case -Not Signed-In  Time elapsed: 69.906 sec  <<< FAILURE!
java.lang.AssertionError: scenario failed!
	at de.codecentric.jbehave.junit.monitoring.JUnitScenarioReporter.afterScenario(JUnitScenarioReporter.java:218)
	at org.jbehave.core.reporters.DelegatingStoryReporter.afterScenario(DelegatingStoryReporter.java:44)
	at org.jbehave.core.reporters.ConcurrentStoryReporter.afterScenario(ConcurrentStoryReporter.java:187)
	at org.jbehave.core.embedder.PerformableTree$PerformableScenario.perform(PerformableTree.java:905)
	at org.jbehave.core.embedder.PerformableTree$PerformableStory.performScenarios(PerformableTree.java:825)
	at org.jbehave.core.embedder.PerformableTree$PerformableStory.perform(PerformableTree.java:798)
	at org.jbehave.core.embedder.PerformableTree.performCancellable(PerformableTree.java:422)
	at org.jbehave.core.embedder.PerformableTree.perform(PerformableTree.java:393)
	at org.jbehave.core.embedder.StoryManager$EnqueuedStory.call(StoryManager.java:292)
	at org.jbehave.core.embedder.StoryManager$EnqueuedStory.call(StoryManager.java:266)
	at java.util.concurrent.FutureTask.run(FutureTask.java:266)
	at java.util.concurrent.ThreadPoolExecutor.runWorker(ThreadPoolExecutor.java:1142)
	at java.util.concurrent.ThreadPoolExecutor$Worker.run(ThreadPoolExecutor.java:617)
	at java.lang.Thread.run(Thread.java:748)

NotSignedIn.story  Time elapsed: 78.364 sec  <<< FAILURE!
java.lang.AssertionError: story failed!
	at de.codecentric.jbehave.junit.monitoring.JUnitScenarioReporter.afterStory(JUnitScenarioReporter.java:143)
	at org.jbehave.core.reporters.DelegatingStoryReporter.afterStory(DelegatingStoryReporter.java:51)
	at org.jbehave.core.reporters.ConcurrentStoryReporter.afterStory(ConcurrentStoryReporter.java:127)
	at org.jbehave.core.embedder.PerformableTree$PerformableStory.perform(PerformableTree.java:806)
	at org.jbehave.core.embedder.PerformableTree.performCancellable(PerformableTree.java:422)
	at org.jbehave.core.embedder.PerformableTree.perform(PerformableTree.java:393)
	at org.jbehave.core.embedder.StoryManager$EnqueuedStory.call(StoryManager.java:292)
	at org.jbehave.core.embedder.StoryManager$EnqueuedStory.call(StoryManager.java:266)
	at java.util.concurrent.FutureTask.run(FutureTask.java:266)
	at java.util.concurrent.ThreadPoolExecutor.runWorker(ThreadPoolExecutor.java:1142)
	at java.util.concurrent.ThreadPoolExecutor$Worker.run(ThreadPoolExecutor.java:617)
	at java.lang.Thread.run(Thread.java:748)

Then User Click on Cloud Account each links:?(com.bdd.sample.steps2.NotSignedInDefinition)  Time elapsed: 50.871 sec  <<< FAILURE!
java.lang.AssertionError: null
	at org.junit.Assert.fail(Assert.java:86)
	at org.junit.Assert.assertTrue(Assert.java:41)
	at org.junit.Assert.assertTrue(Assert.java:52)
	at com.bdd.sample.pages.NotSignedInPage.is_page_(NotSignedInPage.java:172)
	at com.bdd.sample.steps.serenity.NotSignedInStep.Page(NotSignedInStep.java:79)
	at com.bdd.sample.steps.serenity.NotSignedInStep$$EnhancerByCGLIB$$143e4441.CGLIB$Page$3(<generated>)
	at com.bdd.sample.steps.serenity.NotSignedInStep$$EnhancerByCGLIB$$143e4441$$FastClassByCGLIB$$5115546f.invoke(<generated>)
	at net.sf.cglib.proxy.MethodProxy.invokeSuper(MethodProxy.java:228)
	at net.thucydides.core.steps.StepInterceptor.invokeMethod(StepInterceptor.java:372)
	at net.thucydides.core.steps.StepInterceptor.executeTestStepMethod(StepInterceptor.java:357)
	at net.thucydides.core.steps.StepInterceptor.runTestStep(StepInterceptor.java:332)
	at net.thucydides.core.steps.StepInterceptor.testStepResult(StepInterceptor.java:134)
	at net.thucydides.core.steps.StepInterceptor.intercept(StepInterceptor.java:61)
	at com.bdd.sample.steps.serenity.NotSignedInStep$$EnhancerByCGLIB$$143e4441.Page(<generated>)
	at com.bdd.sample.steps.serenity.NotSignedInStep.is_page_(NotSignedInStep.java:87)
	at com.bdd.sample.steps.serenity.NotSignedInStep$$EnhancerByCGLIB$$143e4441.CGLIB$is_page_$1(<generated>)
	at com.bdd.sample.steps.serenity.NotSignedInStep$$EnhancerByCGLIB$$143e4441$$FastClassByCGLIB$$5115546f.invoke(<generated>)
	at net.sf.cglib.proxy.MethodProxy.invokeSuper(MethodProxy.java:228)
	at net.thucydides.core.steps.StepInterceptor.invokeMethod(StepInterceptor.java:372)
	at net.thucydides.core.steps.StepInterceptor.executeTestStepMethod(StepInterceptor.java:357)
	at net.thucydides.core.steps.StepInterceptor.runTestStep(StepInterceptor.java:332)
	at net.thucydides.core.steps.StepInterceptor.testStepResult(StepInterceptor.java:134)
	at net.thucydides.core.steps.StepInterceptor.intercept(StepInterceptor.java:61)
	at com.bdd.sample.steps.serenity.NotSignedInStep$$EnhancerByCGLIB$$143e4441.is_page_(<generated>)
	at com.bdd.sample.steps2.NotSignedInDefinition.UserClickoneachoptions(NotSignedInDefinition.java:97)

Scenario: Test case -Signed-In  Time elapsed: 50.89 sec  <<< FAILURE!
java.lang.AssertionError: scenario failed!
	at de.codecentric.jbehave.junit.monitoring.JUnitScenarioReporter.afterScenario(JUnitScenarioReporter.java:218)
	at org.jbehave.core.reporters.DelegatingStoryReporter.afterScenario(DelegatingStoryReporter.java:44)
	at org.jbehave.core.reporters.ConcurrentStoryReporter.afterScenario(ConcurrentStoryReporter.java:187)
	at org.jbehave.core.embedder.PerformableTree$PerformableScenario.perform(PerformableTree.java:905)
	at org.jbehave.core.embedder.PerformableTree$PerformableStory.performScenarios(PerformableTree.java:825)
	at org.jbehave.core.embedder.PerformableTree$PerformableStory.perform(PerformableTree.java:798)
	at org.jbehave.core.embedder.PerformableTree.performCancellable(PerformableTree.java:422)
	at org.jbehave.core.embedder.PerformableTree.perform(PerformableTree.java:393)
	at org.jbehave.core.embedder.StoryManager$EnqueuedStory.call(StoryManager.java:292)
	at org.jbehave.core.embedder.StoryManager$EnqueuedStory.call(StoryManager.java:266)
	at java.util.concurrent.FutureTask.run(FutureTask.java:266)
	at java.util.concurrent.ThreadPoolExecutor.runWorker(ThreadPoolExecutor.java:1142)
	at java.util.concurrent.ThreadPoolExecutor$Worker.run(ThreadPoolExecutor.java:617)
	at java.lang.Thread.run(Thread.java:748)

SignedIn.story  Time elapsed: 60.2 sec  <<< FAILURE!
java.lang.AssertionError: story failed!
	at de.codecentric.jbehave.junit.monitoring.JUnitScenarioReporter.afterStory(JUnitScenarioReporter.java:143)
	at org.jbehave.core.reporters.DelegatingStoryReporter.afterStory(DelegatingStoryReporter.java:51)
	at org.jbehave.core.reporters.ConcurrentStoryReporter.afterStory(ConcurrentStoryReporter.java:127)
	at org.jbehave.core.embedder.PerformableTree$PerformableStory.perform(PerformableTree.java:806)
	at org.jbehave.core.embedder.PerformableTree.performCancellable(PerformableTree.java:422)
	at org.jbehave.core.embedder.PerformableTree.perform(PerformableTree.java:393)
	at org.jbehave.core.embedder.StoryManager$EnqueuedStory.call(StoryManager.java:292)
	at org.jbehave.core.embedder.StoryManager$EnqueuedStory.call(StoryManager.java:266)
	at java.util.concurrent.FutureTask.run(FutureTask.java:266)
	at java.util.concurrent.ThreadPoolExecutor.runWorker(ThreadPoolExecutor.java:1142)
	at java.util.concurrent.ThreadPoolExecutor$Worker.run(ThreadPoolExecutor.java:617)
	at java.lang.Thread.run(Thread.java:748)

com.bdd.sample.AcceptanceTestSuite  Time elapsed: 3.751 sec  <<< ERROR!
java.lang.RuntimeException: org.jbehave.core.embedder.Embedder$RunningStoriesFailed: Failures in running stories: 
org.jbehave.core.embedder.PerformableTree$SomethingHappened@4071886f: java.lang.AssertionError
	at org.jbehave.core.embedder.Embedder$ThrowingRunningStoriesFailed.handleFailures(Embedder.java:553)
	at org.jbehave.core.embedder.Embedder.handleFailures(Embedder.java:238)
	at org.jbehave.core.embedder.Embedder.runStoriesAsPaths(Embedder.java:216)
	at net.serenitybdd.jbehave.embedders.ExtendedEmbedder.runStoriesAsPaths(ExtendedEmbedder.java:60)
	at net.serenitybdd.jbehave.runners.SerenityReportingRunner.run(SerenityReportingRunner.java:177)
	at org.apache.maven.surefire.junit4.JUnit4Provider.execute(JUnit4Provider.java:283)
	at org.apache.maven.surefire.junit4.JUnit4Provider.executeWithRerun(JUnit4Provider.java:173)
	at org.apache.maven.surefire.junit4.JUnit4Provider.executeTestSet(JUnit4Provider.java:153)
	at org.apache.maven.surefire.junit4.JUnit4Provider.invoke(JUnit4Provider.java:128)

