<?xml version="1.0" encoding="UTF-8"?>
<testsuite name="com.bdd.sample.AcceptanceTestSuite" time="1,298.025" tests="57" errors="0" skipped="0" failures="0">
  <properties>
[...]
</properties>
  <testcase name="BeforeStories" classname="java.lang.Object" time="0.006"/>
  <testcase name="Given User on home page" classname="com.bdd.sample.steps2.DefinitionSteps" time="20.93"/>
  <testcase name="When User verifies Menu bar should not Move while pageload" classname="com.bdd.sample.steps2.DefinitionSteps" time="3.22"/>
  <testcase name="Then User verifies left Header contains:" classname="com.bdd.sample.steps2.DefinitionSteps" time="12.03"/>
  <testcase name="Then User verifies right Header contains:" classname="com.bdd.sample.steps2.DefinitionSteps" time="17.22"/>
  <testcase name="Scenario: Test case -Accelerator" classname="Scenario: Test case -Accelerator" time="18.107"/>
  <testcase name="Accelerator.story" classname="Accelerator.story" time="18.111"/>
  <testcase name="Given User on home page​" classname="com.bdd.sample.steps2.DefinitionSteps" time="11.879"/>
  <testcase name="When User Hover over on &apos;Country&apos; text" classname="com.bdd.sample.steps2.CountryListDefinition" time="5.066"/>
  <testcase name="Then panel must show Regions in the 1st panel and their countries in the 2nd panel 2 column countries list must be displayed" classname="com.bdd.sample.steps2.CountryListDefinition" time="7.175"/>
  <testcase name="Then Depending upon which country the page belongs to,  pin must appear against it" classname="com.bdd.sample.steps2.CountryListDefinition" time="41.548"/>
  <testcase name="Scenario: Show regions and its countries" classname="Scenario: Show regions and its countries" time="42.463"/>
  <testcase name="CountryList.story" classname="CountryList.story" time="42.692"/>
  <testcase name="Given User on home page​​" classname="com.bdd.sample.steps2.DefinitionSteps" time="12.108"/>
  <testcase name="When User hover on Menu Bar shows primary panel with categories" classname="com.bdd.sample.steps2.MenuDefinitionSteps" time="9.617"/>
  <testcase name="Then User hover on primary categories panel shows secondary panel" classname="com.bdd.sample.steps2.MenuDefinitionSteps" time="9.71"/>
  <testcase name="Then User hover on Secondary panel should show categerioes and direct links with arrow pointing" classname="com.bdd.sample.steps2.MenuDefinitionSteps" time="12.382"/>
  <testcase name="Scenario: Test case -Menu" classname="Scenario: Test case -Menu" time="13.138"/>
  <testcase name="Menu.story" classname="Menu.story" time="13.238"/>
  <testcase name="Given User on home page​​​" classname="com.bdd.sample.steps2.DefinitionSteps" time="10.384"/>
  <testcase name="When User Not signed In" classname="com.bdd.sample.steps2.NotSignedInDefinition" time="4.628"/>
  <testcase name="Then User see the text &apos;Sign In&apos; must be displayed" classname="com.bdd.sample.steps2.NotSignedInDefinition" time="15.159"/>
  <testcase name="When User Hover over &apos;Sign In&apos;" classname="com.bdd.sample.steps2.NotSignedInDefinition" time="6.066"/>
  <testcase name="Then User see the panel must slide down showing two account options &apos;Oracle Account&apos; and &apos;Cloud Account&apos;" classname="com.bdd.sample.steps2.NotSignedInDefinition" time="4.94"/>
  <testcase name="Then User verify Oracle Account must have options:" classname="com.bdd.sample.steps2.NotSignedInDefinition" time="8.355"/>
  <testcase name="Then User verify Cloud Account must have only option:" classname="com.bdd.sample.steps2.NotSignedInDefinition" time="4.12"/>
  <testcase name="Then User Click on Cloud Account each links:" classname="com.bdd.sample.steps2.NotSignedInDefinition" time="26.066"/>
  <testcase name="Then User Click on Oracle Account each links:" classname="com.bdd.sample.steps2.NotSignedInDefinition" time="108.07"/>
  <testcase name="Scenario: Test case -Not Signed-In" classname="Scenario: Test case -Not Signed-In" time="109.812"/>
  <testcase name="NotSignedIn.story" classname="NotSignedIn.story" time="109.813"/>
  <testcase name="Given User on home page​​​​" classname="com.bdd.sample.steps2.DefinitionSteps" time="13.189"/>
  <testcase name="When User begins to type keyword &apos;ora&apos; in search box autosuggest must suggest options" classname="com.bdd.sample.steps2.SearchAutosuggestDefinition" time="15.322"/>
  <testcase name="Then User start entering keyword &apos;jav&apos; again and autosuggest must reappear" classname="com.bdd.sample.steps2.SearchAutosuggestDefinition" time="13.963"/>
  <testcase name="Then User Enters keyword &apos;oracle&apos; and hit enter results must be displayed in &apos;Oracle.com Search&apos; page" classname="com.bdd.sample.steps2.SearchAutosuggestDefinition" time="20.061"/>
  <testcase name="Then User Enters keyword &apos;jav&apos; and click search icon results must be displayed in &apos;Oracle.com Search&apos; page" classname="com.bdd.sample.steps2.SearchAutosuggestDefinition" time="26.123"/>
  <testcase name="Then User Enters keyword &apos;oracle&apos; and once autosuggestion appears, click outside the search field and verify that the autosuggest retracts" classname="com.bdd.sample.steps2.SearchAutosuggestDefinition" time="17.127"/>
  <testcase name="Scenario: Test case -Search Autosuggestion" classname="Scenario: Test case -Search Autosuggestion" time="18.277"/>
  <testcase name="SearchAutosuggestion.story" classname="SearchAutosuggestion.story" time="18.279"/>
  <testcase name="Given User on home page​​​​​" classname="com.bdd.sample.steps2.DefinitionSteps" time="10.642"/>
  <testcase name="When User click inside the search box must show the cursor" classname="com.bdd.sample.steps2.SearchBoxDefinitionSteps" time="12.864"/>
  <testcase name="Then User checks Without entering any text in the search box hit return key Search field must flash in red and disappear" classname="com.bdd.sample.steps2.SearchBoxDefinitionSteps" time="8.099"/>
  <testcase name="Then User text is type &apos;jav&apos; in the search box options must be displayed to choose" classname="com.bdd.sample.steps2.SearchBoxDefinitionSteps" time="11.303"/>
  <testcase name="Then User Click on the &apos;java me&apos; options should navigate to &apos;Oracle.com Search&apos; page" classname="com.bdd.sample.steps2.SearchBoxDefinitionSteps" time="14.081"/>
  <testcase name="Scenario: Test case -Search Box" classname="Scenario: Test case -Search Box" time="14.95"/>
  <testcase name="SearchBox.story" classname="SearchBox.story" time="14.951"/>
  <testcase name="Given User on home page​​​​​​" classname="com.bdd.sample.steps2.DefinitionSteps" time="12.446"/>
  <testcase name="When User Signed In" classname="com.bdd.sample.steps2.SignedInDefinition" time="26.074"/>
  <testcase name="Then User see the Text &apos;Account&apos; must be displayed" classname="com.bdd.sample.steps2.SignedInDefinition" time="4.614"/>
  <testcase name="When User Hover Over &apos;Account&apos;" classname="com.bdd.sample.steps2.SignedInDefinition" time="6.592"/>
  <testcase name="Then User see the panel must slide down showing two Account options &apos;Oracle Account&apos; and &apos;Cloud Account&apos;" classname="com.bdd.sample.steps2.SignedInDefinition" time="4.67"/>
  <testcase name="Then User verify Oracle account must have options:" classname="com.bdd.sample.steps2.SignedInDefinition" time="12.049"/>
  <testcase name="Then User verify Cloud account must have only option:" classname="com.bdd.sample.steps2.SignedInDefinition" time="4.681"/>
  <testcase name="Then User Click on Cloud account each links:" classname="com.bdd.sample.steps2.SignedInDefinition" time="26.746"/>
  <testcase name="Then User Clicks on oracle account each links:" classname="com.bdd.sample.steps2.SignedInDefinition" time="80.679"/>
  <testcase name="Scenario: Test case -Signed-In" classname="Scenario: Test case -Signed-In" time="81.68"/>
  <testcase name="SignedIn.story" classname="SignedIn.story" time="81.681"/>
  <testcase name="AfterStories" classname="java.lang.Object" time="8.829"/>
</testsuite>