<?xml version="1.0" encoding="UTF-8"?>
<testsuite name="com.bdd.sample.AcceptanceTestSuite" time="93.603" tests="58" errors="8" skipped="34" failures="14">
  <properties>
[...]
</properties>
  <testcase name="BeforeStories" classname="java.lang.Object" time="0.104"/>
  <testcase name="Given User on home page" classname="com.bdd.sample.steps2.DefinitionSteps" time="6.528">
    <error message="null value in entry: url=null" type="java.lang.NullPointerException"><![CDATA[java.lang.NullPointerException: null value in entry: url=null
	at com.google.common.collect.CollectPreconditions.checkEntryNotNull(CollectPreconditions.java:34)
	at com.google.common.collect.SingletonImmutableBiMap.<init>(SingletonImmutableBiMap.java:42)
	at com.google.common.collect.ImmutableBiMap.of(ImmutableBiMap.java:73)
	at com.google.common.collect.ImmutableMap.of(ImmutableMap.java:120)
	at org.openqa.selenium.remote.RemoteWebDriver.get(RemoteWebDriver.java:316)
	at net.thucydides.core.webdriver.WebDriverFacade.ignoreUndefinedErrorsIfTheUrlIsCorrectFor(WebDriverFacade.java:191)
	at net.thucydides.core.webdriver.WebDriverFacade.openIgnoringHtmlUnitScriptErrors(WebDriverFacade.java:180)
	at net.thucydides.core.webdriver.WebDriverFacade.get(WebDriverFacade.java:175)
	at com.bdd.sample.pages.DictionaryPage.home_page(DictionaryPage.java:57)
	at com.bdd.sample.steps.serenity.EndUserSteps.is_the_home_page(EndUserSteps.java:20)
	at com.bdd.sample.steps.serenity.EndUserSteps$$EnhancerByCGLIB$$6d6e98e7.CGLIB$is_the_home_page$3(<generated>)
	at com.bdd.sample.steps.serenity.EndUserSteps$$EnhancerByCGLIB$$6d6e98e7$$FastClassByCGLIB$$2f3fae3c.invoke(<generated>)
	at net.sf.cglib.proxy.MethodProxy.invokeSuper(MethodProxy.java:228)
	at net.thucydides.core.steps.StepInterceptor.invokeMethod(StepInterceptor.java:372)
	at net.thucydides.core.steps.StepInterceptor.executeTestStepMethod(StepInterceptor.java:357)
	at net.thucydides.core.steps.StepInterceptor.runTestStep(StepInterceptor.java:332)
	at net.thucydides.core.steps.StepInterceptor.testStepResult(StepInterceptor.java:134)
	at net.thucydides.core.steps.StepInterceptor.intercept(StepInterceptor.java:61)
	at com.bdd.sample.steps.serenity.EndUserSteps$$EnhancerByCGLIB$$6d6e98e7.is_the_home_page(<generated>)
	at com.bdd.sample.steps2.DefinitionSteps.Useronhomepage(DefinitionSteps.java:26)
]]></error>
    <system-out><![CDATA[
Running story stories/Global_Nav/Accelerator.story
Using timeout for story Accelerator.story of 300 secs.

(stories/Global_Nav/Accelerator.story)
Narrative:
In order to check Functionality
As a n Tester
I want to verify Global Nav application
eta:@skip
Scenario: Test case -Accelerator
]]></system-out>
    <system-err><![CDATA[[pool-1-thread-1] INFO net.serenitybdd.jbehave.embedders.monitors.ReportingEmbedderMonitor - 48208774story running with path stories/Global_Nav/Accelerator.story
[pool-1-thread-1] INFO net.serenitybdd.core.Serenity - Test Suite Started: Accelerator
[pool-1-thread-1] INFO net.serenitybdd.core.Serenity - 
 _____ _____ ____ _____   ____ _____  _    ____ _____ _____ ____  
|_   _| ____/ ___|_   _| / ___|_   _|/ \  |  _ \_   _| ____|  _ \ 
  | | |  _| \___ \ | |   \___ \ | | / _ \ | |_) || | |  _| | | | |
  | | | |___ ___) || |    ___) || |/ ___ \|  _ < | | | |___| |_| |
  |_| |_____|____/ |_|   |____/ |_/_/   \_\_| \_\|_| |_____|____/ 
                                                                  

TEST STARTED: Test case -Accelerator
-------------------------------------------------------------------(stories/Global_Nav/Accelerator.story;Test case -Accelerator)
Starting ChromeDriver 2.46.628402 (536cd7adbad73a3783fdc2cab92ab2ba7ec361e1) on port 39639
Only local connections are allowed.
Please protect ports used by ChromeDriver and related test frameworks to prevent access by malicious code.
]]></system-err>
  </testcase>
  <testcase name="When User verifies Menu bar should not Move while pageload" classname="com.bdd.sample.steps2.DefinitionSteps" time="0">
    <skipped/>
    <system-out><![CDATA[Given User on home page (FAILED)
(java.lang.NullPointerException: null value in entry: url=null)
]]></system-out>
  </testcase>
  <testcase name="Then User verifies left Header contains:" classname="com.bdd.sample.steps2.DefinitionSteps" time="0">
    <skipped/>
    <system-out><![CDATA[When User verifies Menu bar should not Move while pageload (NOT PERFORMED)
]]></system-out>
  </testcase>
  <testcase name="Then User verifies right Header contains:" classname="com.bdd.sample.steps2.DefinitionSteps" time="0">
    <skipped/>
    <system-out><![CDATA[Then User verifies left Header contains:

|Header1|
|Logo|
|Search|
|Menu|
 (NOT PERFORMED)
]]></system-out>
  </testcase>
  <testcase name="Scenario: Test case -Accelerator" classname="Scenario: Test case -Accelerator" time="6.578">
    <failure message="scenario failed!" type="java.lang.AssertionError">java.lang.AssertionError: scenario failed!
	at de.codecentric.jbehave.junit.monitoring.JUnitScenarioReporter.afterScenario(JUnitScenarioReporter.java:218)
	at org.jbehave.core.reporters.DelegatingStoryReporter.afterScenario(DelegatingStoryReporter.java:44)
	at org.jbehave.core.reporters.ConcurrentStoryReporter.afterScenario(ConcurrentStoryReporter.java:187)
	at org.jbehave.core.embedder.PerformableTree$PerformableScenario.perform(PerformableTree.java:905)
	at org.jbehave.core.embedder.PerformableTree$PerformableStory.performScenarios(PerformableTree.java:825)
	at org.jbehave.core.embedder.PerformableTree$PerformableStory.perform(PerformableTree.java:798)
	at org.jbehave.core.embedder.PerformableTree.performCancellable(PerformableTree.java:422)
	at org.jbehave.core.embedder.PerformableTree.perform(PerformableTree.java:393)
	at org.jbehave.core.embedder.StoryManager$EnqueuedStory.call(StoryManager.java:292)
	at org.jbehave.core.embedder.StoryManager$EnqueuedStory.call(StoryManager.java:266)
	at java.util.concurrent.FutureTask.run(FutureTask.java:266)
	at java.util.concurrent.ThreadPoolExecutor.runWorker(ThreadPoolExecutor.java:1142)
	at java.util.concurrent.ThreadPoolExecutor$Worker.run(ThreadPoolExecutor.java:617)
	at java.lang.Thread.run(Thread.java:748)
</failure>
    <system-out><![CDATA[Then User verifies right Header contains:

|Header2|
|Account|
|Country|
|Call|
 (NOT PERFORMED)
]]></system-out>
  </testcase>
  <testcase name="Accelerator.story" classname="Accelerator.story" time="7.253">
    <failure message="story failed!" type="java.lang.AssertionError">java.lang.AssertionError: story failed!
	at de.codecentric.jbehave.junit.monitoring.JUnitScenarioReporter.afterStory(JUnitScenarioReporter.java:143)
	at org.jbehave.core.reporters.DelegatingStoryReporter.afterStory(DelegatingStoryReporter.java:51)
	at org.jbehave.core.reporters.ConcurrentStoryReporter.afterStory(ConcurrentStoryReporter.java:127)
	at org.jbehave.core.embedder.PerformableTree$PerformableStory.perform(PerformableTree.java:806)
	at org.jbehave.core.embedder.PerformableTree.performCancellable(PerformableTree.java:422)
	at org.jbehave.core.embedder.PerformableTree.perform(PerformableTree.java:393)
	at org.jbehave.core.embedder.StoryManager$EnqueuedStory.call(StoryManager.java:292)
	at org.jbehave.core.embedder.StoryManager$EnqueuedStory.call(StoryManager.java:266)
	at java.util.concurrent.FutureTask.run(FutureTask.java:266)
	at java.util.concurrent.ThreadPoolExecutor.runWorker(ThreadPoolExecutor.java:1142)
	at java.util.concurrent.ThreadPoolExecutor$Worker.run(ThreadPoolExecutor.java:617)
	at java.lang.Thread.run(Thread.java:748)
</failure>
    <system-out><![CDATA[
java.lang.NullPointerException: null value in entry: url=null
	at com.google.common.collect.CollectPreconditions.checkEntryNotNull(CollectPreconditions.java:34)
	at com.google.common.collect.SingletonImmutableBiMap.<init>(SingletonImmutableBiMap.java:42)
	at com.google.common.collect.ImmutableBiMap.of(ImmutableBiMap.java:73)
	at com.google.common.collect.ImmutableMap.of(ImmutableMap.java:120)
	at org.openqa.selenium.remote.RemoteWebDriver.get(RemoteWebDriver.java:316)
	at net.thucydides.core.webdriver.WebDriverFacade.ignoreUndefinedErrorsIfTheUrlIsCorrectFor(WebDriverFacade.java:191)
	at net.thucydides.core.webdriver.WebDriverFacade.openIgnoringHtmlUnitScriptErrors(WebDriverFacade.java:180)
	at net.thucydides.core.webdriver.WebDriverFacade.get(WebDriverFacade.java:175)
	at com.bdd.sample.pages.DictionaryPage.home_page(DictionaryPage.java:57)
	at com.bdd.sample.steps.serenity.EndUserSteps.is_the_home_page(EndUserSteps.java:20)
	at com.bdd.sample.steps.serenity.EndUserSteps$$EnhancerByCGLIB$$6d6e98e7.CGLIB$is_the_home_page$3(<generated>)
	at com.bdd.sample.steps.serenity.EndUserSteps$$EnhancerByCGLIB$$6d6e98e7$$FastClassByCGLIB$$2f3fae3c.invoke(<generated>)
	at net.sf.cglib.proxy.MethodProxy.invokeSuper(MethodProxy.java:228)
	at net.thucydides.core.steps.StepInterceptor.invokeMethod(StepInterceptor.java:372)
	at net.thucydides.core.steps.StepInterceptor.executeTestStepMethod(StepInterceptor.java:357)
	at net.thucydides.core.steps.StepInterceptor.runTestStep(StepInterceptor.java:332)
	at net.thucydides.core.steps.StepInterceptor.testStepResult(StepInterceptor.java:134)
	at net.thucydides.core.steps.StepInterceptor.intercept(StepInterceptor.java:61)
	at com.bdd.sample.steps.serenity.EndUserSteps$$EnhancerByCGLIB$$6d6e98e7.is_the_home_page(<generated>)
	at com.bdd.sample.steps2.DefinitionSteps.Useronhomepage(DefinitionSteps.java:26)
	(reflection-invoke)
	at org.jbehave.core.steps.StepCreator$ParametrisedStep.perform(StepCreator.java:733)
	at org.jbehave.core.embedder.PerformableTree$FineSoFar.run(PerformableTree.java:346)
...
]]></system-out>
    <system-err><![CDATA[[pool-1-thread-1] ERROR net.serenitybdd.core.Serenity - &amp#27;[91m
           __  _____ _____ ____ _____   _____ _    ___ _     _____ ____  
  _       / / |_   _| ____/ ___|_   _| |  ___/ \  |_ _| |   | ____|  _ \ 
 (_)_____| |    | | |  _| \___ \ | |   | |_ / _ \  | || |   |  _| | | | |
  _|_____| |    | | | |___ ___) || |   |  _/ ___ \ | || |___| |___| |_| |
 (_)     | |    |_| |_____|____/ |_|   |_|/_/   \_\___|_____|_____|____/ 
          \_\                                                            

TEST FAILED WITH ERROR: Test case -Accelerator
---------------------------------------------------------------------&amp#27;[0m
[pool-1-thread-1] ERROR net.serenitybdd.core.Serenity - &amp#27;[91mTEST FAILED AT STEP Is the home page&amp#27;[0m
[pool-1-thread-1] ERROR net.serenitybdd.core.Serenity - null value in entry: url=null
]]></system-err>
  </testcase>
  <testcase name="Given User on home page​" classname="com.bdd.sample.steps2.DefinitionSteps" time="3.84">
    <error message="null value in entry: url=null" type="java.lang.NullPointerException"><![CDATA[java.lang.NullPointerException: null value in entry: url=null
	at com.google.common.collect.CollectPreconditions.checkEntryNotNull(CollectPreconditions.java:34)
	at com.google.common.collect.SingletonImmutableBiMap.<init>(SingletonImmutableBiMap.java:42)
	at com.google.common.collect.ImmutableBiMap.of(ImmutableBiMap.java:73)
	at com.google.common.collect.ImmutableMap.of(ImmutableMap.java:120)
	at org.openqa.selenium.remote.RemoteWebDriver.get(RemoteWebDriver.java:316)
	at net.thucydides.core.webdriver.WebDriverFacade.ignoreUndefinedErrorsIfTheUrlIsCorrectFor(WebDriverFacade.java:191)
	at net.thucydides.core.webdriver.WebDriverFacade.openIgnoringHtmlUnitScriptErrors(WebDriverFacade.java:180)
	at net.thucydides.core.webdriver.WebDriverFacade.get(WebDriverFacade.java:175)
	at com.bdd.sample.pages.DictionaryPage.home_page(DictionaryPage.java:57)
	at com.bdd.sample.steps.serenity.EndUserSteps.is_the_home_page(EndUserSteps.java:20)
	at com.bdd.sample.steps.serenity.EndUserSteps$$EnhancerByCGLIB$$6d6e98e7.CGLIB$is_the_home_page$3(<generated>)
	at com.bdd.sample.steps.serenity.EndUserSteps$$EnhancerByCGLIB$$6d6e98e7$$FastClassByCGLIB$$2f3fae3c.invoke(<generated>)
	at net.sf.cglib.proxy.MethodProxy.invokeSuper(MethodProxy.java:228)
	at net.thucydides.core.steps.StepInterceptor.invokeMethod(StepInterceptor.java:372)
	at net.thucydides.core.steps.StepInterceptor.executeTestStepMethod(StepInterceptor.java:357)
	at net.thucydides.core.steps.StepInterceptor.runTestStep(StepInterceptor.java:332)
	at net.thucydides.core.steps.StepInterceptor.testStepResult(StepInterceptor.java:134)
	at net.thucydides.core.steps.StepInterceptor.intercept(StepInterceptor.java:61)
	at com.bdd.sample.steps.serenity.EndUserSteps$$EnhancerByCGLIB$$6d6e98e7.is_the_home_page(<generated>)
	at com.bdd.sample.steps2.DefinitionSteps.Useronhomepage(DefinitionSteps.java:26)
]]></error>
    <system-out><![CDATA[
Running story stories/Global_Nav/CountryList.story

(stories/Global_Nav/CountryList.story)
Scenario: Show regions and its countries
Using timeout for story CountryList.story of 300 secs.
]]></system-out>
    <system-err><![CDATA[[pool-1-thread-1] INFO net.serenitybdd.jbehave.embedders.monitors.ReportingEmbedderMonitor - 48208774story running with path stories/Global_Nav/CountryList.story
[pool-1-thread-1] INFO net.serenitybdd.core.Serenity - Test Suite Started: Country list
[pool-1-thread-1] INFO net.serenitybdd.core.Serenity - 
 _____ _____ ____ _____   ____ _____  _    ____ _____ _____ ____  
|_   _| ____/ ___|_   _| / ___|_   _|/ \  |  _ \_   _| ____|  _ \ 
  | | |  _| \___ \ | |   \___ \ | | / _ \ | |_) || | |  _| | | | |
  | | | |___ ___) || |    ___) || |/ ___ \|  _ < | | | |___| |_| |
  |_| |_____|____/ |_|   |____/ |_/_/   \_\_| \_\|_| |_____|____/ 
                                                                  

TEST STARTED: Show regions and its countries
-------------------------------------------------------------------(stories/Global_Nav/CountryList.story;Show regions and its countries)
]]></system-err>
  </testcase>
  <testcase name="When User Hover over on &apos;Country&apos; text" classname="com.bdd.sample.steps2.CountryListDefinition" time="0">
    <skipped/>
    <system-out><![CDATA[Given User on home page (FAILED)
(java.lang.NullPointerException: null value in entry: url=null)
]]></system-out>
  </testcase>
  <testcase name="Then panel must show Regions in the 1st panel and their countries in the 2nd panel 2 column countries list must be displayed" classname="com.bdd.sample.steps2.CountryListDefinition" time="0">
    <skipped/>
    <system-out><![CDATA[When User Hover over on 'Country' text (NOT PERFORMED)
]]></system-out>
  </testcase>
  <testcase name="Then Depending upon which country the page belongs to,  pin must appear against it" classname="com.bdd.sample.steps2.CountryListDefinition" time="0">
    <skipped/>
    <system-out><![CDATA[Then panel must show Regions in the 1st panel and their countries in the 2nd panel 2 column countries list must be displayed (NOT PERFORMED)
]]></system-out>
  </testcase>
  <testcase name="Scenario: Show regions and its countries" classname="Scenario: Show regions and its countries" time="3.841">
    <failure message="scenario failed!" type="java.lang.AssertionError">java.lang.AssertionError: scenario failed!
	at de.codecentric.jbehave.junit.monitoring.JUnitScenarioReporter.afterScenario(JUnitScenarioReporter.java:218)
	at org.jbehave.core.reporters.DelegatingStoryReporter.afterScenario(DelegatingStoryReporter.java:44)
	at org.jbehave.core.reporters.ConcurrentStoryReporter.afterScenario(ConcurrentStoryReporter.java:187)
	at org.jbehave.core.embedder.PerformableTree$PerformableScenario.perform(PerformableTree.java:905)
	at org.jbehave.core.embedder.PerformableTree$PerformableStory.performScenarios(PerformableTree.java:825)
	at org.jbehave.core.embedder.PerformableTree$PerformableStory.perform(PerformableTree.java:798)
	at org.jbehave.core.embedder.PerformableTree.performCancellable(PerformableTree.java:422)
	at org.jbehave.core.embedder.PerformableTree.perform(PerformableTree.java:393)
	at org.jbehave.core.embedder.StoryManager$EnqueuedStory.call(StoryManager.java:292)
	at org.jbehave.core.embedder.StoryManager$EnqueuedStory.call(StoryManager.java:266)
	at java.util.concurrent.FutureTask.run(FutureTask.java:266)
	at java.util.concurrent.ThreadPoolExecutor.runWorker(ThreadPoolExecutor.java:1142)
	at java.util.concurrent.ThreadPoolExecutor$Worker.run(ThreadPoolExecutor.java:617)
	at java.lang.Thread.run(Thread.java:748)
</failure>
    <system-out><![CDATA[Then Depending upon which country the page belongs to,  pin must appear against it (NOT PERFORMED)
]]></system-out>
  </testcase>
  <testcase name="CountryList.story" classname="CountryList.story" time="4.077">
    <failure message="story failed!" type="java.lang.AssertionError">java.lang.AssertionError: story failed!
	at de.codecentric.jbehave.junit.monitoring.JUnitScenarioReporter.afterStory(JUnitScenarioReporter.java:143)
	at org.jbehave.core.reporters.DelegatingStoryReporter.afterStory(DelegatingStoryReporter.java:51)
	at org.jbehave.core.reporters.ConcurrentStoryReporter.afterStory(ConcurrentStoryReporter.java:127)
	at org.jbehave.core.embedder.PerformableTree$PerformableStory.perform(PerformableTree.java:806)
	at org.jbehave.core.embedder.PerformableTree.performCancellable(PerformableTree.java:422)
	at org.jbehave.core.embedder.PerformableTree.perform(PerformableTree.java:393)
	at org.jbehave.core.embedder.StoryManager$EnqueuedStory.call(StoryManager.java:292)
	at org.jbehave.core.embedder.StoryManager$EnqueuedStory.call(StoryManager.java:266)
	at java.util.concurrent.FutureTask.run(FutureTask.java:266)
	at java.util.concurrent.ThreadPoolExecutor.runWorker(ThreadPoolExecutor.java:1142)
	at java.util.concurrent.ThreadPoolExecutor$Worker.run(ThreadPoolExecutor.java:617)
	at java.lang.Thread.run(Thread.java:748)
</failure>
    <system-out><![CDATA[
java.lang.NullPointerException: null value in entry: url=null
	at com.google.common.collect.CollectPreconditions.checkEntryNotNull(CollectPreconditions.java:34)
	at com.google.common.collect.SingletonImmutableBiMap.<init>(SingletonImmutableBiMap.java:42)
	at com.google.common.collect.ImmutableBiMap.of(ImmutableBiMap.java:73)
	at com.google.common.collect.ImmutableMap.of(ImmutableMap.java:120)
	at org.openqa.selenium.remote.RemoteWebDriver.get(RemoteWebDriver.java:316)
	at net.thucydides.core.webdriver.WebDriverFacade.ignoreUndefinedErrorsIfTheUrlIsCorrectFor(WebDriverFacade.java:191)
	at net.thucydides.core.webdriver.WebDriverFacade.openIgnoringHtmlUnitScriptErrors(WebDriverFacade.java:180)
	at net.thucydides.core.webdriver.WebDriverFacade.get(WebDriverFacade.java:175)
	at com.bdd.sample.pages.DictionaryPage.home_page(DictionaryPage.java:57)
	at com.bdd.sample.steps.serenity.EndUserSteps.is_the_home_page(EndUserSteps.java:20)
	at com.bdd.sample.steps.serenity.EndUserSteps$$EnhancerByCGLIB$$6d6e98e7.CGLIB$is_the_home_page$3(<generated>)
	at com.bdd.sample.steps.serenity.EndUserSteps$$EnhancerByCGLIB$$6d6e98e7$$FastClassByCGLIB$$2f3fae3c.invoke(<generated>)
	at net.sf.cglib.proxy.MethodProxy.invokeSuper(MethodProxy.java:228)
	at net.thucydides.core.steps.StepInterceptor.invokeMethod(StepInterceptor.java:372)
	at net.thucydides.core.steps.StepInterceptor.executeTestStepMethod(StepInterceptor.java:357)
	at net.thucydides.core.steps.StepInterceptor.runTestStep(StepInterceptor.java:332)
	at net.thucydides.core.steps.StepInterceptor.testStepResult(StepInterceptor.java:134)
	at net.thucydides.core.steps.StepInterceptor.intercept(StepInterceptor.java:61)
	at com.bdd.sample.steps.serenity.EndUserSteps$$EnhancerByCGLIB$$6d6e98e7.is_the_home_page(<generated>)
	at com.bdd.sample.steps2.DefinitionSteps.Useronhomepage(DefinitionSteps.java:26)
	(reflection-invoke)
	at org.jbehave.core.steps.StepCreator$ParametrisedStep.perform(StepCreator.java:733)
	at org.jbehave.core.embedder.PerformableTree$FineSoFar.run(PerformableTree.java:346)
...
]]></system-out>
    <system-err><![CDATA[[pool-1-thread-1] ERROR net.serenitybdd.core.Serenity - &amp#27;[91m
           __  _____ _____ ____ _____   _____ _    ___ _     _____ ____  
  _       / / |_   _| ____/ ___|_   _| |  ___/ \  |_ _| |   | ____|  _ \ 
 (_)_____| |    | | |  _| \___ \ | |   | |_ / _ \  | || |   |  _| | | | |
  _|_____| |    | | | |___ ___) || |   |  _/ ___ \ | || |___| |___| |_| |
 (_)     | |    |_| |_____|____/ |_|   |_|/_/   \_\___|_____|_____|____/ 
          \_\                                                            

TEST FAILED WITH ERROR: Show regions and its countries
---------------------------------------------------------------------&amp#27;[0m
[pool-1-thread-1] ERROR net.serenitybdd.core.Serenity - &amp#27;[91mTEST FAILED AT STEP Is the home page&amp#27;[0m
[pool-1-thread-1] ERROR net.serenitybdd.core.Serenity - null value in entry: url=null
]]></system-err>
  </testcase>
  <testcase name="Given User on home page​​" classname="com.bdd.sample.steps2.DefinitionSteps" time="3.755">
    <error message="null value in entry: url=null" type="java.lang.NullPointerException"><![CDATA[java.lang.NullPointerException: null value in entry: url=null
	at com.google.common.collect.CollectPreconditions.checkEntryNotNull(CollectPreconditions.java:34)
	at com.google.common.collect.SingletonImmutableBiMap.<init>(SingletonImmutableBiMap.java:42)
	at com.google.common.collect.ImmutableBiMap.of(ImmutableBiMap.java:73)
	at com.google.common.collect.ImmutableMap.of(ImmutableMap.java:120)
	at org.openqa.selenium.remote.RemoteWebDriver.get(RemoteWebDriver.java:316)
	at net.thucydides.core.webdriver.WebDriverFacade.ignoreUndefinedErrorsIfTheUrlIsCorrectFor(WebDriverFacade.java:191)
	at net.thucydides.core.webdriver.WebDriverFacade.openIgnoringHtmlUnitScriptErrors(WebDriverFacade.java:180)
	at net.thucydides.core.webdriver.WebDriverFacade.get(WebDriverFacade.java:175)
	at com.bdd.sample.pages.DictionaryPage.home_page(DictionaryPage.java:57)
	at com.bdd.sample.steps.serenity.EndUserSteps.is_the_home_page(EndUserSteps.java:20)
	at com.bdd.sample.steps.serenity.EndUserSteps$$EnhancerByCGLIB$$6d6e98e7.CGLIB$is_the_home_page$3(<generated>)
	at com.bdd.sample.steps.serenity.EndUserSteps$$EnhancerByCGLIB$$6d6e98e7$$FastClassByCGLIB$$2f3fae3c.invoke(<generated>)
	at net.sf.cglib.proxy.MethodProxy.invokeSuper(MethodProxy.java:228)
	at net.thucydides.core.steps.StepInterceptor.invokeMethod(StepInterceptor.java:372)
	at net.thucydides.core.steps.StepInterceptor.executeTestStepMethod(StepInterceptor.java:357)
	at net.thucydides.core.steps.StepInterceptor.runTestStep(StepInterceptor.java:332)
	at net.thucydides.core.steps.StepInterceptor.testStepResult(StepInterceptor.java:134)
	at net.thucydides.core.steps.StepInterceptor.intercept(StepInterceptor.java:61)
	at com.bdd.sample.steps.serenity.EndUserSteps$$EnhancerByCGLIB$$6d6e98e7.is_the_home_page(<generated>)
	at com.bdd.sample.steps2.DefinitionSteps.Useronhomepage(DefinitionSteps.java:26)
]]></error>
    <system-out><![CDATA[
Running story stories/Global_Nav/Menu.story

(stories/Global_Nav/Menu.story)
Narrative:
In order to check Functionality
As a n Tester
I want to verify Global Nav application
eta:@skip
Scenario: Test case -Menu
Using timeout for story Menu.story of 300 secs.
]]></system-out>
    <system-err><![CDATA[[pool-1-thread-1] INFO net.serenitybdd.jbehave.embedders.monitors.ReportingEmbedderMonitor - 48208774story running with path stories/Global_Nav/Menu.story
[pool-1-thread-1] INFO net.serenitybdd.core.Serenity - Test Suite Started: Menu
[pool-1-thread-1] INFO net.serenitybdd.core.Serenity - 
 _____ _____ ____ _____   ____ _____  _    ____ _____ _____ ____  
|_   _| ____/ ___|_   _| / ___|_   _|/ \  |  _ \_   _| ____|  _ \ 
  | | |  _| \___ \ | |   \___ \ | | / _ \ | |_) || | |  _| | | | |
  | | | |___ ___) || |    ___) || |/ ___ \|  _ < | | | |___| |_| |
  |_| |_____|____/ |_|   |____/ |_/_/   \_\_| \_\|_| |_____|____/ 
                                                                  

TEST STARTED: Test case -Menu
-------------------------------------------------------------------(stories/Global_Nav/Menu.story;Test case -Menu)
]]></system-err>
  </testcase>
  <testcase name="When User hover on Menu Bar shows primary panel with categories" classname="com.bdd.sample.steps2.MenuDefinitionSteps" time="0">
    <skipped/>
    <system-out><![CDATA[Given User on home page (FAILED)
(java.lang.NullPointerException: null value in entry: url=null)
]]></system-out>
  </testcase>
  <testcase name="Then User hover on primary categories panel shows secondary panel" classname="com.bdd.sample.steps2.MenuDefinitionSteps" time="0">
    <skipped/>
    <system-out><![CDATA[When User hover on Menu Bar shows primary panel with categories (NOT PERFORMED)
]]></system-out>
  </testcase>
  <testcase name="Then User hover on Secondary panel should show categerioes and direct links with arrow pointing" classname="com.bdd.sample.steps2.MenuDefinitionSteps" time="0">
    <skipped/>
    <system-out><![CDATA[Then User hover on primary categories panel shows secondary panel (NOT PERFORMED)
]]></system-out>
  </testcase>
  <testcase name="Scenario: Test case -Menu" classname="Scenario: Test case -Menu" time="3.761">
    <failure message="scenario failed!" type="java.lang.AssertionError">java.lang.AssertionError: scenario failed!
	at de.codecentric.jbehave.junit.monitoring.JUnitScenarioReporter.afterScenario(JUnitScenarioReporter.java:218)
	at org.jbehave.core.reporters.DelegatingStoryReporter.afterScenario(DelegatingStoryReporter.java:44)
	at org.jbehave.core.reporters.ConcurrentStoryReporter.afterScenario(ConcurrentStoryReporter.java:187)
	at org.jbehave.core.embedder.PerformableTree$PerformableScenario.perform(PerformableTree.java:905)
	at org.jbehave.core.embedder.PerformableTree$PerformableStory.performScenarios(PerformableTree.java:825)
	at org.jbehave.core.embedder.PerformableTree$PerformableStory.perform(PerformableTree.java:798)
	at org.jbehave.core.embedder.PerformableTree.performCancellable(PerformableTree.java:422)
	at org.jbehave.core.embedder.PerformableTree.perform(PerformableTree.java:393)
	at org.jbehave.core.embedder.StoryManager$EnqueuedStory.call(StoryManager.java:292)
	at org.jbehave.core.embedder.StoryManager$EnqueuedStory.call(StoryManager.java:266)
	at java.util.concurrent.FutureTask.run(FutureTask.java:266)
	at java.util.concurrent.ThreadPoolExecutor.runWorker(ThreadPoolExecutor.java:1142)
	at java.util.concurrent.ThreadPoolExecutor$Worker.run(ThreadPoolExecutor.java:617)
	at java.lang.Thread.run(Thread.java:748)
</failure>
    <system-out><![CDATA[Then User hover on Secondary panel should show categerioes and direct links with arrow pointing (NOT PERFORMED)
]]></system-out>
  </testcase>
  <testcase name="Menu.story" classname="Menu.story" time="4.073">
    <failure message="story failed!" type="java.lang.AssertionError">java.lang.AssertionError: story failed!
	at de.codecentric.jbehave.junit.monitoring.JUnitScenarioReporter.afterStory(JUnitScenarioReporter.java:143)
	at org.jbehave.core.reporters.DelegatingStoryReporter.afterStory(DelegatingStoryReporter.java:51)
	at org.jbehave.core.reporters.ConcurrentStoryReporter.afterStory(ConcurrentStoryReporter.java:127)
	at org.jbehave.core.embedder.PerformableTree$PerformableStory.perform(PerformableTree.java:806)
	at org.jbehave.core.embedder.PerformableTree.performCancellable(PerformableTree.java:422)
	at org.jbehave.core.embedder.PerformableTree.perform(PerformableTree.java:393)
	at org.jbehave.core.embedder.StoryManager$EnqueuedStory.call(StoryManager.java:292)
	at org.jbehave.core.embedder.StoryManager$EnqueuedStory.call(StoryManager.java:266)
	at java.util.concurrent.FutureTask.run(FutureTask.java:266)
	at java.util.concurrent.ThreadPoolExecutor.runWorker(ThreadPoolExecutor.java:1142)
	at java.util.concurrent.ThreadPoolExecutor$Worker.run(ThreadPoolExecutor.java:617)
	at java.lang.Thread.run(Thread.java:748)
</failure>
    <system-out><![CDATA[
java.lang.NullPointerException: null value in entry: url=null
	at com.google.common.collect.CollectPreconditions.checkEntryNotNull(CollectPreconditions.java:34)
	at com.google.common.collect.SingletonImmutableBiMap.<init>(SingletonImmutableBiMap.java:42)
	at com.google.common.collect.ImmutableBiMap.of(ImmutableBiMap.java:73)
	at com.google.common.collect.ImmutableMap.of(ImmutableMap.java:120)
	at org.openqa.selenium.remote.RemoteWebDriver.get(RemoteWebDriver.java:316)
	at net.thucydides.core.webdriver.WebDriverFacade.ignoreUndefinedErrorsIfTheUrlIsCorrectFor(WebDriverFacade.java:191)
	at net.thucydides.core.webdriver.WebDriverFacade.openIgnoringHtmlUnitScriptErrors(WebDriverFacade.java:180)
	at net.thucydides.core.webdriver.WebDriverFacade.get(WebDriverFacade.java:175)
	at com.bdd.sample.pages.DictionaryPage.home_page(DictionaryPage.java:57)
	at com.bdd.sample.steps.serenity.EndUserSteps.is_the_home_page(EndUserSteps.java:20)
	at com.bdd.sample.steps.serenity.EndUserSteps$$EnhancerByCGLIB$$6d6e98e7.CGLIB$is_the_home_page$3(<generated>)
	at com.bdd.sample.steps.serenity.EndUserSteps$$EnhancerByCGLIB$$6d6e98e7$$FastClassByCGLIB$$2f3fae3c.invoke(<generated>)
	at net.sf.cglib.proxy.MethodProxy.invokeSuper(MethodProxy.java:228)
	at net.thucydides.core.steps.StepInterceptor.invokeMethod(StepInterceptor.java:372)
	at net.thucydides.core.steps.StepInterceptor.executeTestStepMethod(StepInterceptor.java:357)
	at net.thucydides.core.steps.StepInterceptor.runTestStep(StepInterceptor.java:332)
	at net.thucydides.core.steps.StepInterceptor.testStepResult(StepInterceptor.java:134)
	at net.thucydides.core.steps.StepInterceptor.intercept(StepInterceptor.java:61)
	at com.bdd.sample.steps.serenity.EndUserSteps$$EnhancerByCGLIB$$6d6e98e7.is_the_home_page(<generated>)
	at com.bdd.sample.steps2.DefinitionSteps.Useronhomepage(DefinitionSteps.java:26)
	(reflection-invoke)
	at org.jbehave.core.steps.StepCreator$ParametrisedStep.perform(StepCreator.java:733)
	at org.jbehave.core.embedder.PerformableTree$FineSoFar.run(PerformableTree.java:346)
...
]]></system-out>
    <system-err><![CDATA[[pool-1-thread-1] ERROR net.serenitybdd.core.Serenity - &amp#27;[91m
           __  _____ _____ ____ _____   _____ _    ___ _     _____ ____  
  _       / / |_   _| ____/ ___|_   _| |  ___/ \  |_ _| |   | ____|  _ \ 
 (_)_____| |    | | |  _| \___ \ | |   | |_ / _ \  | || |   |  _| | | | |
  _|_____| |    | | | |___ ___) || |   |  _/ ___ \ | || |___| |___| |_| |
 (_)     | |    |_| |_____|____/ |_|   |_|/_/   \_\___|_____|_____|____/ 
          \_\                                                            

TEST FAILED WITH ERROR: Test case -Menu
---------------------------------------------------------------------&amp#27;[0m
[pool-1-thread-1] ERROR net.serenitybdd.core.Serenity - &amp#27;[91mTEST FAILED AT STEP Is the home page&amp#27;[0m
[pool-1-thread-1] ERROR net.serenitybdd.core.Serenity - null value in entry: url=null
]]></system-err>
  </testcase>
  <testcase name="Given User on home page​​​" classname="com.bdd.sample.steps2.DefinitionSteps" time="3.738">
    <error message="null value in entry: url=null" type="java.lang.NullPointerException"><![CDATA[java.lang.NullPointerException: null value in entry: url=null
	at com.google.common.collect.CollectPreconditions.checkEntryNotNull(CollectPreconditions.java:34)
	at com.google.common.collect.SingletonImmutableBiMap.<init>(SingletonImmutableBiMap.java:42)
	at com.google.common.collect.ImmutableBiMap.of(ImmutableBiMap.java:73)
	at com.google.common.collect.ImmutableMap.of(ImmutableMap.java:120)
	at org.openqa.selenium.remote.RemoteWebDriver.get(RemoteWebDriver.java:316)
	at net.thucydides.core.webdriver.WebDriverFacade.ignoreUndefinedErrorsIfTheUrlIsCorrectFor(WebDriverFacade.java:191)
	at net.thucydides.core.webdriver.WebDriverFacade.openIgnoringHtmlUnitScriptErrors(WebDriverFacade.java:180)
	at net.thucydides.core.webdriver.WebDriverFacade.get(WebDriverFacade.java:175)
	at com.bdd.sample.pages.DictionaryPage.home_page(DictionaryPage.java:57)
	at com.bdd.sample.steps.serenity.EndUserSteps.is_the_home_page(EndUserSteps.java:20)
	at com.bdd.sample.steps.serenity.EndUserSteps$$EnhancerByCGLIB$$6d6e98e7.CGLIB$is_the_home_page$3(<generated>)
	at com.bdd.sample.steps.serenity.EndUserSteps$$EnhancerByCGLIB$$6d6e98e7$$FastClassByCGLIB$$2f3fae3c.invoke(<generated>)
	at net.sf.cglib.proxy.MethodProxy.invokeSuper(MethodProxy.java:228)
	at net.thucydides.core.steps.StepInterceptor.invokeMethod(StepInterceptor.java:372)
	at net.thucydides.core.steps.StepInterceptor.executeTestStepMethod(StepInterceptor.java:357)
	at net.thucydides.core.steps.StepInterceptor.runTestStep(StepInterceptor.java:332)
	at net.thucydides.core.steps.StepInterceptor.testStepResult(StepInterceptor.java:134)
	at net.thucydides.core.steps.StepInterceptor.intercept(StepInterceptor.java:61)
	at com.bdd.sample.steps.serenity.EndUserSteps$$EnhancerByCGLIB$$6d6e98e7.is_the_home_page(<generated>)
	at com.bdd.sample.steps2.DefinitionSteps.Useronhomepage(DefinitionSteps.java:26)
]]></error>
    <system-out><![CDATA[
Running story stories/Global_Nav/NotSignedIn.story

(stories/Global_Nav/NotSignedIn.story)
Narrative:
In order to check Functionality
As a n Tester
I want to verify Global Nav application
eta:@skip
Scenario: Test case -Not Signed-In
Using timeout for story NotSignedIn.story of 300 secs.
]]></system-out>
    <system-err><![CDATA[[pool-1-thread-1] INFO net.serenitybdd.jbehave.embedders.monitors.ReportingEmbedderMonitor - 48208774story running with path stories/Global_Nav/NotSignedIn.story
[pool-1-thread-1] INFO net.serenitybdd.core.Serenity - Test Suite Started: Not signed in
[pool-1-thread-1] INFO net.serenitybdd.core.Serenity - 
 _____ _____ ____ _____   ____ _____  _    ____ _____ _____ ____  
|_   _| ____/ ___|_   _| / ___|_   _|/ \  |  _ \_   _| ____|  _ \ 
  | | |  _| \___ \ | |   \___ \ | | / _ \ | |_) || | |  _| | | | |
  | | | |___ ___) || |    ___) || |/ ___ \|  _ < | | | |___| |_| |
  |_| |_____|____/ |_|   |____/ |_/_/   \_\_| \_\|_| |_____|____/ 
                                                                  

TEST STARTED: Test case -Not Signed-In
-------------------------------------------------------------------(stories/Global_Nav/NotSignedIn.story;Test case -Not Signed-In)
]]></system-err>
  </testcase>
  <testcase name="When User Not signed In" classname="com.bdd.sample.steps2.NotSignedInDefinition" time="0">
    <skipped/>
    <system-out><![CDATA[Given User on home page (FAILED)
(java.lang.NullPointerException: null value in entry: url=null)
]]></system-out>
  </testcase>
  <testcase name="Then User see the text &apos;Sign In&apos; must be displayed" classname="com.bdd.sample.steps2.NotSignedInDefinition" time="0">
    <skipped/>
    <system-out><![CDATA[When User Not signed In (NOT PERFORMED)
]]></system-out>
  </testcase>
  <testcase name="When User Hover over &apos;Sign In&apos;" classname="com.bdd.sample.steps2.NotSignedInDefinition" time="0">
    <skipped/>
    <system-out><![CDATA[Then User see the text 'Sign In' must be displayed (NOT PERFORMED)
]]></system-out>
  </testcase>
  <testcase name="Then User see the panel must slide down showing two account options &apos;Oracle Account&apos; and &apos;Cloud Account&apos;" classname="com.bdd.sample.steps2.NotSignedInDefinition" time="0">
    <skipped/>
    <system-out><![CDATA[When User Hover over 'Sign In' (NOT PERFORMED)
]]></system-out>
  </testcase>
  <testcase name="Then User verify Oracle Account must have options:" classname="com.bdd.sample.steps2.NotSignedInDefinition" time="0">
    <skipped/>
    <system-out><![CDATA[Then User see the panel must slide down showing two account options 'Oracle Account' and 'Cloud Account' (NOT PERFORMED)
]]></system-out>
  </testcase>
  <testcase name="Then User verify Cloud Account must have only option:" classname="com.bdd.sample.steps2.NotSignedInDefinition" time="0">
    <skipped/>
    <system-out><![CDATA[Then User verify Oracle Account must have options:

|option|
|Sign in|
|Create an account|
|Help|
 (NOT PERFORMED)
]]></system-out>
  </testcase>
  <testcase name="Then User Click on Cloud Account each links:" classname="com.bdd.sample.steps2.NotSignedInDefinition" time="0">
    <skipped/>
    <system-out><![CDATA[Then User verify Cloud Account must have only option:

|option|
|Sign In|
|Free Cloud Platform Trial|
 (NOT PERFORMED)
]]></system-out>
  </testcase>
  <testcase name="Then User Click on Oracle Account each links:" classname="com.bdd.sample.steps2.NotSignedInDefinition" time="0">
    <skipped/>
    <system-out><![CDATA[Then User Click on Cloud Account each links:

|Option|Link|appropriate page|
|Sign In|Sign In|Oracle Cloud|
|Sign In|Free Cloud Platform Trial|Oracle Cloud|
 (NOT PERFORMED)
]]></system-out>
  </testcase>
  <testcase name="Scenario: Test case -Not Signed-In" classname="Scenario: Test case -Not Signed-In" time="3.763">
    <failure message="scenario failed!" type="java.lang.AssertionError">java.lang.AssertionError: scenario failed!
	at de.codecentric.jbehave.junit.monitoring.JUnitScenarioReporter.afterScenario(JUnitScenarioReporter.java:218)
	at org.jbehave.core.reporters.DelegatingStoryReporter.afterScenario(DelegatingStoryReporter.java:44)
	at org.jbehave.core.reporters.ConcurrentStoryReporter.afterScenario(ConcurrentStoryReporter.java:187)
	at org.jbehave.core.embedder.PerformableTree$PerformableScenario.perform(PerformableTree.java:905)
	at org.jbehave.core.embedder.PerformableTree$PerformableStory.performScenarios(PerformableTree.java:825)
	at org.jbehave.core.embedder.PerformableTree$PerformableStory.perform(PerformableTree.java:798)
	at org.jbehave.core.embedder.PerformableTree.performCancellable(PerformableTree.java:422)
	at org.jbehave.core.embedder.PerformableTree.perform(PerformableTree.java:393)
	at org.jbehave.core.embedder.StoryManager$EnqueuedStory.call(StoryManager.java:292)
	at org.jbehave.core.embedder.StoryManager$EnqueuedStory.call(StoryManager.java:266)
	at java.util.concurrent.FutureTask.run(FutureTask.java:266)
	at java.util.concurrent.ThreadPoolExecutor.runWorker(ThreadPoolExecutor.java:1142)
	at java.util.concurrent.ThreadPoolExecutor$Worker.run(ThreadPoolExecutor.java:617)
	at java.lang.Thread.run(Thread.java:748)
</failure>
    <system-out><![CDATA[Then User Click on Oracle Account each links:

|Option|Link|appropriate page|
|Sign In|Help|About Your Oracle Account|
|Sign In|Create an account|Create Account|
|Sign In|Sign in|Single Sign On - Login|
 (NOT PERFORMED)
]]></system-out>
  </testcase>
  <testcase name="NotSignedIn.story" classname="NotSignedIn.story" time="4.066">
    <failure message="story failed!" type="java.lang.AssertionError">java.lang.AssertionError: story failed!
	at de.codecentric.jbehave.junit.monitoring.JUnitScenarioReporter.afterStory(JUnitScenarioReporter.java:143)
	at org.jbehave.core.reporters.DelegatingStoryReporter.afterStory(DelegatingStoryReporter.java:51)
	at org.jbehave.core.reporters.ConcurrentStoryReporter.afterStory(ConcurrentStoryReporter.java:127)
	at org.jbehave.core.embedder.PerformableTree$PerformableStory.perform(PerformableTree.java:806)
	at org.jbehave.core.embedder.PerformableTree.performCancellable(PerformableTree.java:422)
	at org.jbehave.core.embedder.PerformableTree.perform(PerformableTree.java:393)
	at org.jbehave.core.embedder.StoryManager$EnqueuedStory.call(StoryManager.java:292)
	at org.jbehave.core.embedder.StoryManager$EnqueuedStory.call(StoryManager.java:266)
	at java.util.concurrent.FutureTask.run(FutureTask.java:266)
	at java.util.concurrent.ThreadPoolExecutor.runWorker(ThreadPoolExecutor.java:1142)
	at java.util.concurrent.ThreadPoolExecutor$Worker.run(ThreadPoolExecutor.java:617)
	at java.lang.Thread.run(Thread.java:748)
</failure>
    <system-out><![CDATA[
java.lang.NullPointerException: null value in entry: url=null
	at com.google.common.collect.CollectPreconditions.checkEntryNotNull(CollectPreconditions.java:34)
	at com.google.common.collect.SingletonImmutableBiMap.<init>(SingletonImmutableBiMap.java:42)
	at com.google.common.collect.ImmutableBiMap.of(ImmutableBiMap.java:73)
	at com.google.common.collect.ImmutableMap.of(ImmutableMap.java:120)
	at org.openqa.selenium.remote.RemoteWebDriver.get(RemoteWebDriver.java:316)
	at net.thucydides.core.webdriver.WebDriverFacade.ignoreUndefinedErrorsIfTheUrlIsCorrectFor(WebDriverFacade.java:191)
	at net.thucydides.core.webdriver.WebDriverFacade.openIgnoringHtmlUnitScriptErrors(WebDriverFacade.java:180)
	at net.thucydides.core.webdriver.WebDriverFacade.get(WebDriverFacade.java:175)
	at com.bdd.sample.pages.DictionaryPage.home_page(DictionaryPage.java:57)
	at com.bdd.sample.steps.serenity.EndUserSteps.is_the_home_page(EndUserSteps.java:20)
	at com.bdd.sample.steps.serenity.EndUserSteps$$EnhancerByCGLIB$$6d6e98e7.CGLIB$is_the_home_page$3(<generated>)
	at com.bdd.sample.steps.serenity.EndUserSteps$$EnhancerByCGLIB$$6d6e98e7$$FastClassByCGLIB$$2f3fae3c.invoke(<generated>)
	at net.sf.cglib.proxy.MethodProxy.invokeSuper(MethodProxy.java:228)
	at net.thucydides.core.steps.StepInterceptor.invokeMethod(StepInterceptor.java:372)
	at net.thucydides.core.steps.StepInterceptor.executeTestStepMethod(StepInterceptor.java:357)
	at net.thucydides.core.steps.StepInterceptor.runTestStep(StepInterceptor.java:332)
	at net.thucydides.core.steps.StepInterceptor.testStepResult(StepInterceptor.java:134)
	at net.thucydides.core.steps.StepInterceptor.intercept(StepInterceptor.java:61)
	at com.bdd.sample.steps.serenity.EndUserSteps$$EnhancerByCGLIB$$6d6e98e7.is_the_home_page(<generated>)
	at com.bdd.sample.steps2.DefinitionSteps.Useronhomepage(DefinitionSteps.java:26)
	(reflection-invoke)
	at org.jbehave.core.steps.StepCreator$ParametrisedStep.perform(StepCreator.java:733)
	at org.jbehave.core.embedder.PerformableTree$FineSoFar.run(PerformableTree.java:346)
...
]]></system-out>
    <system-err><![CDATA[[pool-1-thread-1] ERROR net.serenitybdd.core.Serenity - &amp#27;[91m
           __  _____ _____ ____ _____   _____ _    ___ _     _____ ____  
  _       / / |_   _| ____/ ___|_   _| |  ___/ \  |_ _| |   | ____|  _ \ 
 (_)_____| |    | | |  _| \___ \ | |   | |_ / _ \  | || |   |  _| | | | |
  _|_____| |    | | | |___ ___) || |   |  _/ ___ \ | || |___| |___| |_| |
 (_)     | |    |_| |_____|____/ |_|   |_|/_/   \_\___|_____|_____|____/ 
          \_\                                                            

TEST FAILED WITH ERROR: Test case -Not Signed-In
---------------------------------------------------------------------&amp#27;[0m
[pool-1-thread-1] ERROR net.serenitybdd.core.Serenity - &amp#27;[91mTEST FAILED AT STEP Is the home page&amp#27;[0m
[pool-1-thread-1] ERROR net.serenitybdd.core.Serenity - null value in entry: url=null
]]></system-err>
  </testcase>
  <testcase name="Given User on home page​​​​" classname="com.bdd.sample.steps2.DefinitionSteps" time="3.796">
    <error message="null value in entry: url=null" type="java.lang.NullPointerException"><![CDATA[java.lang.NullPointerException: null value in entry: url=null
	at com.google.common.collect.CollectPreconditions.checkEntryNotNull(CollectPreconditions.java:34)
	at com.google.common.collect.SingletonImmutableBiMap.<init>(SingletonImmutableBiMap.java:42)
	at com.google.common.collect.ImmutableBiMap.of(ImmutableBiMap.java:73)
	at com.google.common.collect.ImmutableMap.of(ImmutableMap.java:120)
	at org.openqa.selenium.remote.RemoteWebDriver.get(RemoteWebDriver.java:316)
	at net.thucydides.core.webdriver.WebDriverFacade.ignoreUndefinedErrorsIfTheUrlIsCorrectFor(WebDriverFacade.java:191)
	at net.thucydides.core.webdriver.WebDriverFacade.openIgnoringHtmlUnitScriptErrors(WebDriverFacade.java:180)
	at net.thucydides.core.webdriver.WebDriverFacade.get(WebDriverFacade.java:175)
	at com.bdd.sample.pages.DictionaryPage.home_page(DictionaryPage.java:57)
	at com.bdd.sample.steps.serenity.EndUserSteps.is_the_home_page(EndUserSteps.java:20)
	at com.bdd.sample.steps.serenity.EndUserSteps$$EnhancerByCGLIB$$6d6e98e7.CGLIB$is_the_home_page$3(<generated>)
	at com.bdd.sample.steps.serenity.EndUserSteps$$EnhancerByCGLIB$$6d6e98e7$$FastClassByCGLIB$$2f3fae3c.invoke(<generated>)
	at net.sf.cglib.proxy.MethodProxy.invokeSuper(MethodProxy.java:228)
	at net.thucydides.core.steps.StepInterceptor.invokeMethod(StepInterceptor.java:372)
	at net.thucydides.core.steps.StepInterceptor.executeTestStepMethod(StepInterceptor.java:357)
	at net.thucydides.core.steps.StepInterceptor.runTestStep(StepInterceptor.java:332)
	at net.thucydides.core.steps.StepInterceptor.testStepResult(StepInterceptor.java:134)
	at net.thucydides.core.steps.StepInterceptor.intercept(StepInterceptor.java:61)
	at com.bdd.sample.steps.serenity.EndUserSteps$$EnhancerByCGLIB$$6d6e98e7.is_the_home_page(<generated>)
	at com.bdd.sample.steps2.DefinitionSteps.Useronhomepage(DefinitionSteps.java:26)
]]></error>
    <system-out><![CDATA[
Running story stories/Global_Nav/SearchAutosuggestion.story

(stories/Global_Nav/SearchAutosuggestion.story)
Narrative:
In order to check Functionality
As a n Tester
I want to verify Global Nav application
eta:@skip
Scenario: Test case -Search Autosuggestion
Using timeout for story SearchAutosuggestion.story of 300 secs.
]]></system-out>
    <system-err><![CDATA[[pool-1-thread-1] INFO net.serenitybdd.jbehave.embedders.monitors.ReportingEmbedderMonitor - 48208774story running with path stories/Global_Nav/SearchAutosuggestion.story
[pool-1-thread-1] INFO net.serenitybdd.core.Serenity - Test Suite Started: Search autosuggestion
[pool-1-thread-1] INFO net.serenitybdd.core.Serenity - 
 _____ _____ ____ _____   ____ _____  _    ____ _____ _____ ____  
|_   _| ____/ ___|_   _| / ___|_   _|/ \  |  _ \_   _| ____|  _ \ 
  | | |  _| \___ \ | |   \___ \ | | / _ \ | |_) || | |  _| | | | |
  | | | |___ ___) || |    ___) || |/ ___ \|  _ < | | | |___| |_| |
  |_| |_____|____/ |_|   |____/ |_/_/   \_\_| \_\|_| |_____|____/ 
                                                                  

TEST STARTED: Test case -Search Autosuggestion
-------------------------------------------------------------------(stories/Global_Nav/SearchAutosuggestion.story;Test case -Search Autosuggestion)
]]></system-err>
  </testcase>
  <testcase name="When User begins to type keyword &apos;ora&apos; in search box autosuggest must suggest options" classname="com.bdd.sample.steps2.SearchAutosuggestDefinition" time="0">
    <skipped/>
    <system-out><![CDATA[Given User on home page (FAILED)
(java.lang.NullPointerException: null value in entry: url=null)
]]></system-out>
  </testcase>
  <testcase name="Then User start entering keyword &apos;jav&apos; again and autosuggest must reappear" classname="com.bdd.sample.steps2.SearchAutosuggestDefinition" time="0">
    <skipped/>
    <system-out><![CDATA[When User begins to type keyword 'ora' in search box autosuggest must suggest options (NOT PERFORMED)
]]></system-out>
  </testcase>
  <testcase name="Then User Enters keyword &apos;oracle&apos; and hit enter results must be displayed in &apos;Oracle.com Search&apos; page" classname="com.bdd.sample.steps2.SearchAutosuggestDefinition" time="0">
    <skipped/>
    <system-out><![CDATA[Then User start entering keyword 'jav' again and autosuggest must reappear (NOT PERFORMED)
]]></system-out>
  </testcase>
  <testcase name="Then User Enters keyword &apos;jav&apos; and click search icon results must be displayed in &apos;Oracle.com Search&apos; page" classname="com.bdd.sample.steps2.SearchAutosuggestDefinition" time="0">
    <skipped/>
    <system-out><![CDATA[Then User Enters keyword 'oracle' and hit enter results must be displayed in 'Oracle.com Search' page (NOT PERFORMED)
]]></system-out>
  </testcase>
  <testcase name="Then User Enters keyword &apos;oracle&apos; and once autosuggestion appears, click outside the search field and verify that the autosuggest retracts" classname="com.bdd.sample.steps2.SearchAutosuggestDefinition" time="0">
    <skipped/>
    <system-out><![CDATA[Then User Enters keyword 'jav' and click search icon results must be displayed in 'Oracle.com Search' page (NOT PERFORMED)
]]></system-out>
  </testcase>
  <testcase name="Scenario: Test case -Search Autosuggestion" classname="Scenario: Test case -Search Autosuggestion" time="3.808">
    <failure message="scenario failed!" type="java.lang.AssertionError">java.lang.AssertionError: scenario failed!
	at de.codecentric.jbehave.junit.monitoring.JUnitScenarioReporter.afterScenario(JUnitScenarioReporter.java:218)
	at org.jbehave.core.reporters.DelegatingStoryReporter.afterScenario(DelegatingStoryReporter.java:44)
	at org.jbehave.core.reporters.ConcurrentStoryReporter.afterScenario(ConcurrentStoryReporter.java:187)
	at org.jbehave.core.embedder.PerformableTree$PerformableScenario.perform(PerformableTree.java:905)
	at org.jbehave.core.embedder.PerformableTree$PerformableStory.performScenarios(PerformableTree.java:825)
	at org.jbehave.core.embedder.PerformableTree$PerformableStory.perform(PerformableTree.java:798)
	at org.jbehave.core.embedder.PerformableTree.performCancellable(PerformableTree.java:422)
	at org.jbehave.core.embedder.PerformableTree.perform(PerformableTree.java:393)
	at org.jbehave.core.embedder.StoryManager$EnqueuedStory.call(StoryManager.java:292)
	at org.jbehave.core.embedder.StoryManager$EnqueuedStory.call(StoryManager.java:266)
	at java.util.concurrent.FutureTask.run(FutureTask.java:266)
	at java.util.concurrent.ThreadPoolExecutor.runWorker(ThreadPoolExecutor.java:1142)
	at java.util.concurrent.ThreadPoolExecutor$Worker.run(ThreadPoolExecutor.java:617)
	at java.lang.Thread.run(Thread.java:748)
</failure>
    <system-out><![CDATA[Then User Enters keyword 'oracle' and once autosuggestion appears, click outside the search field and verify that the autosuggest retracts (NOT PERFORMED)
]]></system-out>
  </testcase>
  <testcase name="SearchAutosuggestion.story" classname="SearchAutosuggestion.story" time="4.073">
    <failure message="story failed!" type="java.lang.AssertionError">java.lang.AssertionError: story failed!
	at de.codecentric.jbehave.junit.monitoring.JUnitScenarioReporter.afterStory(JUnitScenarioReporter.java:143)
	at org.jbehave.core.reporters.DelegatingStoryReporter.afterStory(DelegatingStoryReporter.java:51)
	at org.jbehave.core.reporters.ConcurrentStoryReporter.afterStory(ConcurrentStoryReporter.java:127)
	at org.jbehave.core.embedder.PerformableTree$PerformableStory.perform(PerformableTree.java:806)
	at org.jbehave.core.embedder.PerformableTree.performCancellable(PerformableTree.java:422)
	at org.jbehave.core.embedder.PerformableTree.perform(PerformableTree.java:393)
	at org.jbehave.core.embedder.StoryManager$EnqueuedStory.call(StoryManager.java:292)
	at org.jbehave.core.embedder.StoryManager$EnqueuedStory.call(StoryManager.java:266)
	at java.util.concurrent.FutureTask.run(FutureTask.java:266)
	at java.util.concurrent.ThreadPoolExecutor.runWorker(ThreadPoolExecutor.java:1142)
	at java.util.concurrent.ThreadPoolExecutor$Worker.run(ThreadPoolExecutor.java:617)
	at java.lang.Thread.run(Thread.java:748)
</failure>
    <system-out><![CDATA[
java.lang.NullPointerException: null value in entry: url=null
	at com.google.common.collect.CollectPreconditions.checkEntryNotNull(CollectPreconditions.java:34)
	at com.google.common.collect.SingletonImmutableBiMap.<init>(SingletonImmutableBiMap.java:42)
	at com.google.common.collect.ImmutableBiMap.of(ImmutableBiMap.java:73)
	at com.google.common.collect.ImmutableMap.of(ImmutableMap.java:120)
	at org.openqa.selenium.remote.RemoteWebDriver.get(RemoteWebDriver.java:316)
	at net.thucydides.core.webdriver.WebDriverFacade.ignoreUndefinedErrorsIfTheUrlIsCorrectFor(WebDriverFacade.java:191)
	at net.thucydides.core.webdriver.WebDriverFacade.openIgnoringHtmlUnitScriptErrors(WebDriverFacade.java:180)
	at net.thucydides.core.webdriver.WebDriverFacade.get(WebDriverFacade.java:175)
	at com.bdd.sample.pages.DictionaryPage.home_page(DictionaryPage.java:57)
	at com.bdd.sample.steps.serenity.EndUserSteps.is_the_home_page(EndUserSteps.java:20)
	at com.bdd.sample.steps.serenity.EndUserSteps$$EnhancerByCGLIB$$6d6e98e7.CGLIB$is_the_home_page$3(<generated>)
	at com.bdd.sample.steps.serenity.EndUserSteps$$EnhancerByCGLIB$$6d6e98e7$$FastClassByCGLIB$$2f3fae3c.invoke(<generated>)
	at net.sf.cglib.proxy.MethodProxy.invokeSuper(MethodProxy.java:228)
	at net.thucydides.core.steps.StepInterceptor.invokeMethod(StepInterceptor.java:372)
	at net.thucydides.core.steps.StepInterceptor.executeTestStepMethod(StepInterceptor.java:357)
	at net.thucydides.core.steps.StepInterceptor.runTestStep(StepInterceptor.java:332)
	at net.thucydides.core.steps.StepInterceptor.testStepResult(StepInterceptor.java:134)
	at net.thucydides.core.steps.StepInterceptor.intercept(StepInterceptor.java:61)
	at com.bdd.sample.steps.serenity.EndUserSteps$$EnhancerByCGLIB$$6d6e98e7.is_the_home_page(<generated>)
	at com.bdd.sample.steps2.DefinitionSteps.Useronhomepage(DefinitionSteps.java:26)
	(reflection-invoke)
	at org.jbehave.core.steps.StepCreator$ParametrisedStep.perform(StepCreator.java:733)
	at org.jbehave.core.embedder.PerformableTree$FineSoFar.run(PerformableTree.java:346)
...
]]></system-out>
    <system-err><![CDATA[[pool-1-thread-1] ERROR net.serenitybdd.core.Serenity - &amp#27;[91m
           __  _____ _____ ____ _____   _____ _    ___ _     _____ ____  
  _       / / |_   _| ____/ ___|_   _| |  ___/ \  |_ _| |   | ____|  _ \ 
 (_)_____| |    | | |  _| \___ \ | |   | |_ / _ \  | || |   |  _| | | | |
  _|_____| |    | | | |___ ___) || |   |  _/ ___ \ | || |___| |___| |_| |
 (_)     | |    |_| |_____|____/ |_|   |_|/_/   \_\___|_____|_____|____/ 
          \_\                                                            

TEST FAILED WITH ERROR: Test case -Search Autosuggestion
---------------------------------------------------------------------&amp#27;[0m
[pool-1-thread-1] ERROR net.serenitybdd.core.Serenity - &amp#27;[91mTEST FAILED AT STEP Is the home page&amp#27;[0m
[pool-1-thread-1] ERROR net.serenitybdd.core.Serenity - null value in entry: url=null
]]></system-err>
  </testcase>
  <testcase name="Given User on home page​​​​​" classname="com.bdd.sample.steps2.DefinitionSteps" time="3.879">
    <error message="null value in entry: url=null" type="java.lang.NullPointerException"><![CDATA[java.lang.NullPointerException: null value in entry: url=null
	at com.google.common.collect.CollectPreconditions.checkEntryNotNull(CollectPreconditions.java:34)
	at com.google.common.collect.SingletonImmutableBiMap.<init>(SingletonImmutableBiMap.java:42)
	at com.google.common.collect.ImmutableBiMap.of(ImmutableBiMap.java:73)
	at com.google.common.collect.ImmutableMap.of(ImmutableMap.java:120)
	at org.openqa.selenium.remote.RemoteWebDriver.get(RemoteWebDriver.java:316)
	at net.thucydides.core.webdriver.WebDriverFacade.ignoreUndefinedErrorsIfTheUrlIsCorrectFor(WebDriverFacade.java:191)
	at net.thucydides.core.webdriver.WebDriverFacade.openIgnoringHtmlUnitScriptErrors(WebDriverFacade.java:180)
	at net.thucydides.core.webdriver.WebDriverFacade.get(WebDriverFacade.java:175)
	at com.bdd.sample.pages.DictionaryPage.home_page(DictionaryPage.java:57)
	at com.bdd.sample.steps.serenity.EndUserSteps.is_the_home_page(EndUserSteps.java:20)
	at com.bdd.sample.steps.serenity.EndUserSteps$$EnhancerByCGLIB$$6d6e98e7.CGLIB$is_the_home_page$3(<generated>)
	at com.bdd.sample.steps.serenity.EndUserSteps$$EnhancerByCGLIB$$6d6e98e7$$FastClassByCGLIB$$2f3fae3c.invoke(<generated>)
	at net.sf.cglib.proxy.MethodProxy.invokeSuper(MethodProxy.java:228)
	at net.thucydides.core.steps.StepInterceptor.invokeMethod(StepInterceptor.java:372)
	at net.thucydides.core.steps.StepInterceptor.executeTestStepMethod(StepInterceptor.java:357)
	at net.thucydides.core.steps.StepInterceptor.runTestStep(StepInterceptor.java:332)
	at net.thucydides.core.steps.StepInterceptor.testStepResult(StepInterceptor.java:134)
	at net.thucydides.core.steps.StepInterceptor.intercept(StepInterceptor.java:61)
	at com.bdd.sample.steps.serenity.EndUserSteps$$EnhancerByCGLIB$$6d6e98e7.is_the_home_page(<generated>)
	at com.bdd.sample.steps2.DefinitionSteps.Useronhomepage(DefinitionSteps.java:26)
]]></error>
    <system-out><![CDATA[
Running story stories/Global_Nav/SearchBox.story

(stories/Global_Nav/SearchBox.story)
Narrative:
In order to check Functionality
As a n Tester
I want to verify Global Nav application
eta:@skip
Scenario: Test case -Search Box
Using timeout for story SearchBox.story of 300 secs.
]]></system-out>
    <system-err><![CDATA[[pool-1-thread-1] INFO net.serenitybdd.jbehave.embedders.monitors.ReportingEmbedderMonitor - 48208774story running with path stories/Global_Nav/SearchBox.story
[pool-1-thread-1] INFO net.serenitybdd.core.Serenity - Test Suite Started: Search box
[pool-1-thread-1] INFO net.serenitybdd.core.Serenity - 
 _____ _____ ____ _____   ____ _____  _    ____ _____ _____ ____  
|_   _| ____/ ___|_   _| / ___|_   _|/ \  |  _ \_   _| ____|  _ \ 
  | | |  _| \___ \ | |   \___ \ | | / _ \ | |_) || | |  _| | | | |
  | | | |___ ___) || |    ___) || |/ ___ \|  _ < | | | |___| |_| |
  |_| |_____|____/ |_|   |____/ |_/_/   \_\_| \_\|_| |_____|____/ 
                                                                  

TEST STARTED: Test case -Search Box
-------------------------------------------------------------------(stories/Global_Nav/SearchBox.story;Test case -Search Box)
]]></system-err>
  </testcase>
  <testcase name="When User click inside the search box must show the cursor" classname="com.bdd.sample.steps2.SearchBoxDefinitionSteps" time="0">
    <skipped/>
    <system-out><![CDATA[Given User on home page (FAILED)
(java.lang.NullPointerException: null value in entry: url=null)
]]></system-out>
  </testcase>
  <testcase name="Then User checks Without entering any text in the search box hit return key Search field must flash in red and disappear" classname="com.bdd.sample.steps2.SearchBoxDefinitionSteps" time="0">
    <skipped/>
    <system-out><![CDATA[When User click inside the search box must show the cursor (NOT PERFORMED)
]]></system-out>
  </testcase>
  <testcase name="Then User text is type &apos;jav&apos; in the search box options must be displayed to choose" classname="com.bdd.sample.steps2.SearchBoxDefinitionSteps" time="0">
    <skipped/>
    <system-out><![CDATA[Then User checks Without entering any text in the search box hit return key Search field must flash in red and disappear (NOT PERFORMED)
]]></system-out>
  </testcase>
  <testcase name="Then User Click on the &apos;java me&apos; options should navigate to &apos;Oracle.com Search&apos; page" classname="com.bdd.sample.steps2.SearchBoxDefinitionSteps" time="0">
    <skipped/>
    <system-out><![CDATA[Then User text is type 'jav' in the search box options must be displayed to choose (NOT PERFORMED)
]]></system-out>
  </testcase>
  <testcase name="Scenario: Test case -Search Box" classname="Scenario: Test case -Search Box" time="3.887">
    <failure message="scenario failed!" type="java.lang.AssertionError">java.lang.AssertionError: scenario failed!
	at de.codecentric.jbehave.junit.monitoring.JUnitScenarioReporter.afterScenario(JUnitScenarioReporter.java:218)
	at org.jbehave.core.reporters.DelegatingStoryReporter.afterScenario(DelegatingStoryReporter.java:44)
	at org.jbehave.core.reporters.ConcurrentStoryReporter.afterScenario(ConcurrentStoryReporter.java:187)
	at org.jbehave.core.embedder.PerformableTree$PerformableScenario.perform(PerformableTree.java:905)
	at org.jbehave.core.embedder.PerformableTree$PerformableStory.performScenarios(PerformableTree.java:825)
	at org.jbehave.core.embedder.PerformableTree$PerformableStory.perform(PerformableTree.java:798)
	at org.jbehave.core.embedder.PerformableTree.performCancellable(PerformableTree.java:422)
	at org.jbehave.core.embedder.PerformableTree.perform(PerformableTree.java:393)
	at org.jbehave.core.embedder.StoryManager$EnqueuedStory.call(StoryManager.java:292)
	at org.jbehave.core.embedder.StoryManager$EnqueuedStory.call(StoryManager.java:266)
	at java.util.concurrent.FutureTask.run(FutureTask.java:266)
	at java.util.concurrent.ThreadPoolExecutor.runWorker(ThreadPoolExecutor.java:1142)
	at java.util.concurrent.ThreadPoolExecutor$Worker.run(ThreadPoolExecutor.java:617)
	at java.lang.Thread.run(Thread.java:748)
</failure>
    <system-out><![CDATA[Then User Click on the 'java me' options should navigate to 'Oracle.com Search' page (NOT PERFORMED)
]]></system-out>
  </testcase>
  <testcase name="SearchBox.story" classname="SearchBox.story" time="4.234">
    <failure message="story failed!" type="java.lang.AssertionError">java.lang.AssertionError: story failed!
	at de.codecentric.jbehave.junit.monitoring.JUnitScenarioReporter.afterStory(JUnitScenarioReporter.java:143)
	at org.jbehave.core.reporters.DelegatingStoryReporter.afterStory(DelegatingStoryReporter.java:51)
	at org.jbehave.core.reporters.ConcurrentStoryReporter.afterStory(ConcurrentStoryReporter.java:127)
	at org.jbehave.core.embedder.PerformableTree$PerformableStory.perform(PerformableTree.java:806)
	at org.jbehave.core.embedder.PerformableTree.performCancellable(PerformableTree.java:422)
	at org.jbehave.core.embedder.PerformableTree.perform(PerformableTree.java:393)
	at org.jbehave.core.embedder.StoryManager$EnqueuedStory.call(StoryManager.java:292)
	at org.jbehave.core.embedder.StoryManager$EnqueuedStory.call(StoryManager.java:266)
	at java.util.concurrent.FutureTask.run(FutureTask.java:266)
	at java.util.concurrent.ThreadPoolExecutor.runWorker(ThreadPoolExecutor.java:1142)
	at java.util.concurrent.ThreadPoolExecutor$Worker.run(ThreadPoolExecutor.java:617)
	at java.lang.Thread.run(Thread.java:748)
</failure>
    <system-out><![CDATA[
java.lang.NullPointerException: null value in entry: url=null
	at com.google.common.collect.CollectPreconditions.checkEntryNotNull(CollectPreconditions.java:34)
	at com.google.common.collect.SingletonImmutableBiMap.<init>(SingletonImmutableBiMap.java:42)
	at com.google.common.collect.ImmutableBiMap.of(ImmutableBiMap.java:73)
	at com.google.common.collect.ImmutableMap.of(ImmutableMap.java:120)
	at org.openqa.selenium.remote.RemoteWebDriver.get(RemoteWebDriver.java:316)
	at net.thucydides.core.webdriver.WebDriverFacade.ignoreUndefinedErrorsIfTheUrlIsCorrectFor(WebDriverFacade.java:191)
	at net.thucydides.core.webdriver.WebDriverFacade.openIgnoringHtmlUnitScriptErrors(WebDriverFacade.java:180)
	at net.thucydides.core.webdriver.WebDriverFacade.get(WebDriverFacade.java:175)
	at com.bdd.sample.pages.DictionaryPage.home_page(DictionaryPage.java:57)
	at com.bdd.sample.steps.serenity.EndUserSteps.is_the_home_page(EndUserSteps.java:20)
	at com.bdd.sample.steps.serenity.EndUserSteps$$EnhancerByCGLIB$$6d6e98e7.CGLIB$is_the_home_page$3(<generated>)
	at com.bdd.sample.steps.serenity.EndUserSteps$$EnhancerByCGLIB$$6d6e98e7$$FastClassByCGLIB$$2f3fae3c.invoke(<generated>)
	at net.sf.cglib.proxy.MethodProxy.invokeSuper(MethodProxy.java:228)
	at net.thucydides.core.steps.StepInterceptor.invokeMethod(StepInterceptor.java:372)
	at net.thucydides.core.steps.StepInterceptor.executeTestStepMethod(StepInterceptor.java:357)
	at net.thucydides.core.steps.StepInterceptor.runTestStep(StepInterceptor.java:332)
	at net.thucydides.core.steps.StepInterceptor.testStepResult(StepInterceptor.java:134)
	at net.thucydides.core.steps.StepInterceptor.intercept(StepInterceptor.java:61)
	at com.bdd.sample.steps.serenity.EndUserSteps$$EnhancerByCGLIB$$6d6e98e7.is_the_home_page(<generated>)
	at com.bdd.sample.steps2.DefinitionSteps.Useronhomepage(DefinitionSteps.java:26)
	(reflection-invoke)
	at org.jbehave.core.steps.StepCreator$ParametrisedStep.perform(StepCreator.java:733)
	at org.jbehave.core.embedder.PerformableTree$FineSoFar.run(PerformableTree.java:346)
...
]]></system-out>
    <system-err><![CDATA[[pool-1-thread-1] ERROR net.serenitybdd.core.Serenity - &amp#27;[91m
           __  _____ _____ ____ _____   _____ _    ___ _     _____ ____  
  _       / / |_   _| ____/ ___|_   _| |  ___/ \  |_ _| |   | ____|  _ \ 
 (_)_____| |    | | |  _| \___ \ | |   | |_ / _ \  | || |   |  _| | | | |
  _|_____| |    | | | |___ ___) || |   |  _/ ___ \ | || |___| |___| |_| |
 (_)     | |    |_| |_____|____/ |_|   |_|/_/   \_\___|_____|_____|____/ 
          \_\                                                            

TEST FAILED WITH ERROR: Test case -Search Box
---------------------------------------------------------------------&amp#27;[0m
[pool-1-thread-1] ERROR net.serenitybdd.core.Serenity - &amp#27;[91mTEST FAILED AT STEP Is the home page&amp#27;[0m
[pool-1-thread-1] ERROR net.serenitybdd.core.Serenity - null value in entry: url=null
]]></system-err>
  </testcase>
  <testcase name="Given User on home page​​​​​​" classname="com.bdd.sample.steps2.DefinitionSteps" time="3.854">
    <error message="null value in entry: url=null" type="java.lang.NullPointerException"><![CDATA[java.lang.NullPointerException: null value in entry: url=null
	at com.google.common.collect.CollectPreconditions.checkEntryNotNull(CollectPreconditions.java:34)
	at com.google.common.collect.SingletonImmutableBiMap.<init>(SingletonImmutableBiMap.java:42)
	at com.google.common.collect.ImmutableBiMap.of(ImmutableBiMap.java:73)
	at com.google.common.collect.ImmutableMap.of(ImmutableMap.java:120)
	at org.openqa.selenium.remote.RemoteWebDriver.get(RemoteWebDriver.java:316)
	at net.thucydides.core.webdriver.WebDriverFacade.ignoreUndefinedErrorsIfTheUrlIsCorrectFor(WebDriverFacade.java:191)
	at net.thucydides.core.webdriver.WebDriverFacade.openIgnoringHtmlUnitScriptErrors(WebDriverFacade.java:180)
	at net.thucydides.core.webdriver.WebDriverFacade.get(WebDriverFacade.java:175)
	at com.bdd.sample.pages.DictionaryPage.home_page(DictionaryPage.java:57)
	at com.bdd.sample.steps.serenity.EndUserSteps.is_the_home_page(EndUserSteps.java:20)
	at com.bdd.sample.steps.serenity.EndUserSteps$$EnhancerByCGLIB$$6d6e98e7.CGLIB$is_the_home_page$3(<generated>)
	at com.bdd.sample.steps.serenity.EndUserSteps$$EnhancerByCGLIB$$6d6e98e7$$FastClassByCGLIB$$2f3fae3c.invoke(<generated>)
	at net.sf.cglib.proxy.MethodProxy.invokeSuper(MethodProxy.java:228)
	at net.thucydides.core.steps.StepInterceptor.invokeMethod(StepInterceptor.java:372)
	at net.thucydides.core.steps.StepInterceptor.executeTestStepMethod(StepInterceptor.java:357)
	at net.thucydides.core.steps.StepInterceptor.runTestStep(StepInterceptor.java:332)
	at net.thucydides.core.steps.StepInterceptor.testStepResult(StepInterceptor.java:134)
	at net.thucydides.core.steps.StepInterceptor.intercept(StepInterceptor.java:61)
	at com.bdd.sample.steps.serenity.EndUserSteps$$EnhancerByCGLIB$$6d6e98e7.is_the_home_page(<generated>)
	at com.bdd.sample.steps2.DefinitionSteps.Useronhomepage(DefinitionSteps.java:26)
]]></error>
    <system-out><![CDATA[
Running story stories/Global_Nav/SignedIn.story

(stories/Global_Nav/SignedIn.story)
Narrative:
In order to check Functionality
As a Tester
I want to verify Global Nav application


eta:@skip
Scenario: Test case -Signed-In
Using timeout for story SignedIn.story of 300 secs.
]]></system-out>
    <system-err><![CDATA[[pool-1-thread-1] INFO net.serenitybdd.jbehave.embedders.monitors.ReportingEmbedderMonitor - 48208774story running with path stories/Global_Nav/SignedIn.story
[pool-1-thread-1] INFO net.serenitybdd.core.Serenity - Test Suite Started: Signed in
[pool-1-thread-1] INFO net.serenitybdd.core.Serenity - 
 _____ _____ ____ _____   ____ _____  _    ____ _____ _____ ____  
|_   _| ____/ ___|_   _| / ___|_   _|/ \  |  _ \_   _| ____|  _ \ 
  | | |  _| \___ \ | |   \___ \ | | / _ \ | |_) || | |  _| | | | |
  | | | |___ ___) || |    ___) || |/ ___ \|  _ < | | | |___| |_| |
  |_| |_____|____/ |_|   |____/ |_/_/   \_\_| \_\|_| |_____|____/ 
                                                                  

TEST STARTED: Test case -Signed-In
-------------------------------------------------------------------(stories/Global_Nav/SignedIn.story;Test case -Signed-In)
]]></system-err>
  </testcase>
  <testcase name="When User Signed In" classname="com.bdd.sample.steps2.SignedInDefinition" time="0">
    <skipped/>
    <system-out><![CDATA[Given User on home page (FAILED)
(java.lang.NullPointerException: null value in entry: url=null)
]]></system-out>
  </testcase>
  <testcase name="Then User see the Text &apos;Account&apos; must be displayed" classname="com.bdd.sample.steps2.SignedInDefinition" time="0">
    <skipped/>
    <system-out><![CDATA[When User Signed In (NOT PERFORMED)
]]></system-out>
  </testcase>
  <testcase name="When User Hover Over &apos;Account&apos;" classname="com.bdd.sample.steps2.SignedInDefinition" time="0">
    <skipped/>
    <system-out><![CDATA[Then User see the Text 'Account' must be displayed (NOT PERFORMED)
]]></system-out>
  </testcase>
  <testcase name="Then User see the panel must slide down showing two Account options &apos;Oracle Account&apos; and &apos;Cloud Account&apos;" classname="com.bdd.sample.steps2.SignedInDefinition" time="0">
    <skipped/>
    <system-out><![CDATA[When User Hover Over 'Account' (NOT PERFORMED)
]]></system-out>
  </testcase>
  <testcase name="Then User verify Oracle account must have options:" classname="com.bdd.sample.steps2.SignedInDefinition" time="0">
    <skipped/>
    <system-out><![CDATA[Then User see the panel must slide down showing two Account options 'Oracle Account' and 'Cloud Account' (NOT PERFORMED)
]]></system-out>
  </testcase>
  <testcase name="Then User verify Cloud account must have only option:" classname="com.bdd.sample.steps2.SignedInDefinition" time="0">
    <skipped/>
    <system-out><![CDATA[Then User verify Oracle account must have options:

|option|
|Sign Out|
|Account|
|Help|
 (NOT PERFORMED)
]]></system-out>
  </testcase>
  <testcase name="Then User Click on Cloud Account each links:​" classname="com.bdd.sample.steps2.NotSignedInDefinition" time="0">
    <skipped/>
    <system-out><![CDATA[Then User verify Cloud account must have only option:

|option|
|Sign In|
|Free Cloud Platform Trial|
 (NOT PERFORMED)
]]></system-out>
  </testcase>
  <testcase name="Then User Clicks on oracle account each links:" classname="com.bdd.sample.steps2.SignedInDefinition" time="0">
    <skipped/>
    <system-out><![CDATA[Then User Click on Cloud Account each links:

|Option|Link|appropriate page|
|Account|Sign In|Oracle Cloud|
|Account|Free Cloud Platform Trial|Oracle Cloud|
 (NOT PERFORMED)
]]></system-out>
  </testcase>
  <testcase name="Scenario: Test case -Signed-In" classname="Scenario: Test case -Signed-In" time="3.876">
    <failure message="scenario failed!" type="java.lang.AssertionError">java.lang.AssertionError: scenario failed!
	at de.codecentric.jbehave.junit.monitoring.JUnitScenarioReporter.afterScenario(JUnitScenarioReporter.java:218)
	at org.jbehave.core.reporters.DelegatingStoryReporter.afterScenario(DelegatingStoryReporter.java:44)
	at org.jbehave.core.reporters.ConcurrentStoryReporter.afterScenario(ConcurrentStoryReporter.java:187)
	at org.jbehave.core.embedder.PerformableTree$PerformableScenario.perform(PerformableTree.java:905)
	at org.jbehave.core.embedder.PerformableTree$PerformableStory.performScenarios(PerformableTree.java:825)
	at org.jbehave.core.embedder.PerformableTree$PerformableStory.perform(PerformableTree.java:798)
	at org.jbehave.core.embedder.PerformableTree.performCancellable(PerformableTree.java:422)
	at org.jbehave.core.embedder.PerformableTree.perform(PerformableTree.java:393)
	at org.jbehave.core.embedder.StoryManager$EnqueuedStory.call(StoryManager.java:292)
	at org.jbehave.core.embedder.StoryManager$EnqueuedStory.call(StoryManager.java:266)
	at java.util.concurrent.FutureTask.run(FutureTask.java:266)
	at java.util.concurrent.ThreadPoolExecutor.runWorker(ThreadPoolExecutor.java:1142)
	at java.util.concurrent.ThreadPoolExecutor$Worker.run(ThreadPoolExecutor.java:617)
	at java.lang.Thread.run(Thread.java:748)
</failure>
    <system-out><![CDATA[Then User Clicks on oracle account each links:

|Option|Link|appropriate page|
|Account|Help|About Your Oracle Account|
|Account|Account|Update Account|
|Account|Sign Out|Search|
 (NOT PERFORMED)
]]></system-out>
  </testcase>
  <testcase name="SignedIn.story" classname="SignedIn.story" time="4.167">
    <failure message="story failed!" type="java.lang.AssertionError">java.lang.AssertionError: story failed!
	at de.codecentric.jbehave.junit.monitoring.JUnitScenarioReporter.afterStory(JUnitScenarioReporter.java:143)
	at org.jbehave.core.reporters.DelegatingStoryReporter.afterStory(DelegatingStoryReporter.java:51)
	at org.jbehave.core.reporters.ConcurrentStoryReporter.afterStory(ConcurrentStoryReporter.java:127)
	at org.jbehave.core.embedder.PerformableTree$PerformableStory.perform(PerformableTree.java:806)
	at org.jbehave.core.embedder.PerformableTree.performCancellable(PerformableTree.java:422)
	at org.jbehave.core.embedder.PerformableTree.perform(PerformableTree.java:393)
	at org.jbehave.core.embedder.StoryManager$EnqueuedStory.call(StoryManager.java:292)
	at org.jbehave.core.embedder.StoryManager$EnqueuedStory.call(StoryManager.java:266)
	at java.util.concurrent.FutureTask.run(FutureTask.java:266)
	at java.util.concurrent.ThreadPoolExecutor.runWorker(ThreadPoolExecutor.java:1142)
	at java.util.concurrent.ThreadPoolExecutor$Worker.run(ThreadPoolExecutor.java:617)
	at java.lang.Thread.run(Thread.java:748)
</failure>
    <system-out><![CDATA[
java.lang.NullPointerException: null value in entry: url=null
	at com.google.common.collect.CollectPreconditions.checkEntryNotNull(CollectPreconditions.java:34)
	at com.google.common.collect.SingletonImmutableBiMap.<init>(SingletonImmutableBiMap.java:42)
	at com.google.common.collect.ImmutableBiMap.of(ImmutableBiMap.java:73)
	at com.google.common.collect.ImmutableMap.of(ImmutableMap.java:120)
	at org.openqa.selenium.remote.RemoteWebDriver.get(RemoteWebDriver.java:316)
	at net.thucydides.core.webdriver.WebDriverFacade.ignoreUndefinedErrorsIfTheUrlIsCorrectFor(WebDriverFacade.java:191)
	at net.thucydides.core.webdriver.WebDriverFacade.openIgnoringHtmlUnitScriptErrors(WebDriverFacade.java:180)
	at net.thucydides.core.webdriver.WebDriverFacade.get(WebDriverFacade.java:175)
	at com.bdd.sample.pages.DictionaryPage.home_page(DictionaryPage.java:57)
	at com.bdd.sample.steps.serenity.EndUserSteps.is_the_home_page(EndUserSteps.java:20)
	at com.bdd.sample.steps.serenity.EndUserSteps$$EnhancerByCGLIB$$6d6e98e7.CGLIB$is_the_home_page$3(<generated>)
	at com.bdd.sample.steps.serenity.EndUserSteps$$EnhancerByCGLIB$$6d6e98e7$$FastClassByCGLIB$$2f3fae3c.invoke(<generated>)
	at net.sf.cglib.proxy.MethodProxy.invokeSuper(MethodProxy.java:228)
	at net.thucydides.core.steps.StepInterceptor.invokeMethod(StepInterceptor.java:372)
	at net.thucydides.core.steps.StepInterceptor.executeTestStepMethod(StepInterceptor.java:357)
	at net.thucydides.core.steps.StepInterceptor.runTestStep(StepInterceptor.java:332)
	at net.thucydides.core.steps.StepInterceptor.testStepResult(StepInterceptor.java:134)
	at net.thucydides.core.steps.StepInterceptor.intercept(StepInterceptor.java:61)
	at com.bdd.sample.steps.serenity.EndUserSteps$$EnhancerByCGLIB$$6d6e98e7.is_the_home_page(<generated>)
	at com.bdd.sample.steps2.DefinitionSteps.Useronhomepage(DefinitionSteps.java:26)
	(reflection-invoke)
	at org.jbehave.core.steps.StepCreator$ParametrisedStep.perform(StepCreator.java:733)
	at org.jbehave.core.embedder.PerformableTree$FineSoFar.run(PerformableTree.java:346)
...
]]></system-out>
    <system-err><![CDATA[[pool-1-thread-1] ERROR net.serenitybdd.core.Serenity - &amp#27;[91m
           __  _____ _____ ____ _____   _____ _    ___ _     _____ ____  
  _       / / |_   _| ____/ ___|_   _| |  ___/ \  |_ _| |   | ____|  _ \ 
 (_)_____| |    | | |  _| \___ \ | |   | |_ / _ \  | || |   |  _| | | | |
  _|_____| |    | | | |___ ___) || |   |  _/ ___ \ | || |___| |___| |_| |
 (_)     | |    |_| |_____|____/ |_|   |_|/_/   \_\___|_____|_____|____/ 
          \_\                                                            

TEST FAILED WITH ERROR: Test case -Signed-In
---------------------------------------------------------------------&amp#27;[0m
[pool-1-thread-1] ERROR net.serenitybdd.core.Serenity - &amp#27;[91mTEST FAILED AT STEP Is the home page&amp#27;[0m
[pool-1-thread-1] ERROR net.serenitybdd.core.Serenity - null value in entry: url=null
]]></system-err>
  </testcase>
  <testcase name="AfterStories" classname="java.lang.Object" time="0.001"/>
  <testcase name="com.bdd.sample.AcceptanceTestSuite" classname="org.apache.maven.surefire.junit4.JUnit4Provider" time="2.651">
    <error message="org.jbehave.core.embedder.Embedder$RunningStoriesFailed: Failures in running stories: &#10;org.jbehave.core.embedder.PerformableTree$SomethingHappened@3be03f97: java.lang.NullPointerException: null value in entry: url=null" type="java.lang.RuntimeException">java.lang.RuntimeException: org.jbehave.core.embedder.Embedder$RunningStoriesFailed: Failures in running stories: 
org.jbehave.core.embedder.PerformableTree$SomethingHappened@3be03f97: java.lang.NullPointerException: null value in entry: url=null
	at org.jbehave.core.embedder.Embedder$ThrowingRunningStoriesFailed.handleFailures(Embedder.java:553)
	at org.jbehave.core.embedder.Embedder.handleFailures(Embedder.java:238)
	at org.jbehave.core.embedder.Embedder.runStoriesAsPaths(Embedder.java:216)
	at net.serenitybdd.jbehave.embedders.ExtendedEmbedder.runStoriesAsPaths(ExtendedEmbedder.java:60)
	at net.serenitybdd.jbehave.runners.SerenityReportingRunner.run(SerenityReportingRunner.java:177)
	at org.apache.maven.surefire.junit4.JUnit4Provider.execute(JUnit4Provider.java:283)
	at org.apache.maven.surefire.junit4.JUnit4Provider.executeWithRerun(JUnit4Provider.java:173)
	at org.apache.maven.surefire.junit4.JUnit4Provider.executeTestSet(JUnit4Provider.java:153)
	at org.apache.maven.surefire.junit4.JUnit4Provider.invoke(JUnit4Provider.java:128)
</error>
    <system-out><![CDATA[
Generating reports view to 'D:\Execution\jbhaves\target\jbehave' using formats '[stats, console, html, xml, serenityreporter, junitscenarioreporter]' and view properties '{decorateNonHtml=true}'
Reports view generated with 8 stories (of which 0 pending) containing 7 scenarios (of which 0 pending)
Failures in reports view: 7 scenarios failed
]]></system-out>
    <system-err><![CDATA[[pool-2-thread-3] INFO net.thucydides.core.reports.json.JSONTestOutcomeReporter - Generating JSON report for Test case -Menu to file D:\Execution\jbhaves\target\site\serenity\3200ab7ea3c062620d4deecec10a49cbd23da9f70c0641d06793fc66c24a182e.json (using temp file D:\Execution\jbhaves\target\site\serenity\3200ab7ea3c062620d4deecec10a49cbd23da9f70c0641d06793fc66c24a182e.json6ea0875c-35eb-4311-92d7-321550dee7ee)
[pool-2-thread-1] INFO net.thucydides.core.reports.json.JSONTestOutcomeReporter - Generating JSON report for Test case -Accelerator to file D:\Execution\jbhaves\target\site\serenity\7978cce99d82cb5ac6d49a0660d65fbd27792858162ce7c9b9e0644934eada53.json (using temp file D:\Execution\jbhaves\target\site\serenity\7978cce99d82cb5ac6d49a0660d65fbd27792858162ce7c9b9e0644934eada53.json1200ca88-2484-4ac7-80cd-5844438d3dfc)
[pool-2-thread-2] INFO net.thucydides.core.reports.json.JSONTestOutcomeReporter - Generating JSON report for Show regions and its countries to file D:\Execution\jbhaves\target\site\serenity\8f07b82738f8bd5f14a7cc1f704d7ebe898dd5600528667f5edd31f3878e8154.json (using temp file D:\Execution\jbhaves\target\site\serenity\8f07b82738f8bd5f14a7cc1f704d7ebe898dd5600528667f5edd31f3878e8154.jsoncb1e2a4b-73b3-4895-864e-a042622c4df5)
[pool-2-thread-4] INFO net.thucydides.core.reports.json.JSONTestOutcomeReporter - Generating JSON report for Test case -Not Signed-In to file D:\Execution\jbhaves\target\site\serenity\ae64225937ba2fdc9f83ae4db8443ddef7968e1e60ae942359d2eafde4e15712.json (using temp file D:\Execution\jbhaves\target\site\serenity\ae64225937ba2fdc9f83ae4db8443ddef7968e1e60ae942359d2eafde4e15712.json292ab458-4372-4713-a835-bef1dabd3e18)
[pool-2-thread-2] INFO net.thucydides.core.reports.json.JSONTestOutcomeReporter - Generating JSON report for Test case -Search Autosuggestion to file D:\Execution\jbhaves\target\site\serenity\9ff2586ceb1a69ae864d5c01510c374edd86681b4c056cf2c86978995cf2883b.json (using temp file D:\Execution\jbhaves\target\site\serenity\9ff2586ceb1a69ae864d5c01510c374edd86681b4c056cf2c86978995cf2883b.jsondfdc18cc-649a-493b-bc0a-e7cfa748c049)
[pool-2-thread-3] INFO net.thucydides.core.reports.json.JSONTestOutcomeReporter - Generating JSON report for Test case -Search Box to file D:\Execution\jbhaves\target\site\serenity\44202ac40425c82409d6a19381db076f241df67029790d1c440327af03d8c592.json (using temp file D:\Execution\jbhaves\target\site\serenity\44202ac40425c82409d6a19381db076f241df67029790d1c440327af03d8c592.json03ff0234-50e0-4073-a64e-9a6884158408)
[pool-2-thread-2] INFO net.thucydides.core.reports.json.JSONTestOutcomeReporter - Generating JSON report for Test case -Signed-In to file D:\Execution\jbhaves\target\site\serenity\530c522b0e1ca8372f10a1aed121986e51d65ca1364d512e702df77bf12c5ae8.json (using temp file D:\Execution\jbhaves\target\site\serenity\530c522b0e1ca8372f10a1aed121986e51d65ca1364d512e702df77bf12c5ae8.jsona31b05e2-b2a5-4d30-b159-572aebe95cff)
[pool-2-thread-1] INFO net.thucydides.core.reports.html.HtmlAcceptanceTestReporter - GENERATING HTML REPORT FOR Accelerator:Test case -Accelerator in 7978cce99d82cb5ac6d49a0660d65fbd27792858162ce7c9b9e0644934eada53.html in directory target\site\serenity  
[pool-2-thread-2] INFO net.thucydides.core.reports.html.HtmlAcceptanceTestReporter - GENERATING HTML REPORT FOR Not signed in:Test case -Not Signed-In in ae64225937ba2fdc9f83ae4db8443ddef7968e1e60ae942359d2eafde4e15712.html in directory target\site\serenity  
[pool-2-thread-4] INFO net.thucydides.core.reports.html.HtmlAcceptanceTestReporter - GENERATING HTML REPORT FOR Country list:Show regions and its countries in 8f07b82738f8bd5f14a7cc1f704d7ebe898dd5600528667f5edd31f3878e8154.html in directory target\site\serenity  
[pool-2-thread-3] INFO net.thucydides.core.reports.html.HtmlAcceptanceTestReporter - GENERATING HTML REPORT FOR Menu:Test case -Menu in 3200ab7ea3c062620d4deecec10a49cbd23da9f70c0641d06793fc66c24a182e.html in directory target\site\serenity  
[pool-2-thread-4] INFO net.thucydides.core.reports.html.HtmlAcceptanceTestReporter - GENERATING HTML REPORT FOR Search box:Test case -Search Box in 44202ac40425c82409d6a19381db076f241df67029790d1c440327af03d8c592.html in directory target\site\serenity  
[pool-2-thread-3] INFO net.thucydides.core.reports.html.HtmlAcceptanceTestReporter - GENERATING HTML REPORT FOR Search autosuggestion:Test case -Search Autosuggestion in 9ff2586ceb1a69ae864d5c01510c374edd86681b4c056cf2c86978995cf2883b.html in directory target\site\serenity  
[pool-2-thread-1] INFO net.thucydides.core.reports.html.HtmlAcceptanceTestReporter - GENERATING HTML REPORT FOR Signed in:Test case -Signed-In in 530c522b0e1ca8372f10a1aed121986e51d65ca1364d512e702df77bf12c5ae8.html in directory target\site\serenity  
]]></system-err>
  </testcase>
</testsuite>