<?xml version="1.0" encoding="UTF-8"?>
<testsuite name="com.bdd.sample.AcceptanceTestSuite" time="710.337" tests="57" errors="0" skipped="0" failures="0">
  <properties>
[...]
</properties>
  <testcase name="BeforeStories" classname="java.lang.Object" time="0.009"/>
  <testcase name="Given User on home page" classname="com.bdd.sample.steps2.DefinitionSteps" time="5.335"/>
  <testcase name="When User verifies Menu bar should not Move while pageload" classname="com.bdd.sample.steps2.DefinitionSteps" time="0.289"/>
  <testcase name="Then User verifies left Header contains:" classname="com.bdd.sample.steps2.DefinitionSteps" time="2.131"/>
  <testcase name="Then User verifies right Header contains:" classname="com.bdd.sample.steps2.DefinitionSteps" time="7.563"/>
  <testcase name="Scenario: Test case -Accelerator" classname="Scenario: Test case -Accelerator" time="9.839"/>
  <testcase name="Accelerator.story" classname="Accelerator.story" time="9.844"/>
  <testcase name="Given User on home page​" classname="com.bdd.sample.steps2.DefinitionSteps" time="3.695"/>
  <testcase name="When User Hover over on &apos;Country&apos; text" classname="com.bdd.sample.steps2.CountryListDefinition" time="1.478"/>
  <testcase name="Then panel must show Regions in the 1st panel and their countries in the 2nd panel 2 column countries list must be displayed" classname="com.bdd.sample.steps2.CountryListDefinition" time="0.459"/>
  <testcase name="Then Depending upon which country the page belongs to,  pin must appear against it" classname="com.bdd.sample.steps2.CountryListDefinition" time="16.745"/>
  <testcase name="Scenario: Show regions and its countries" classname="Scenario: Show regions and its countries" time="18.941"/>
  <testcase name="CountryList.story" classname="CountryList.story" time="18.945"/>
  <testcase name="Given User on home page​​" classname="com.bdd.sample.steps2.DefinitionSteps" time="3.798"/>
  <testcase name="When User hover on Menu Bar shows primary panel with categories" classname="com.bdd.sample.steps2.MenuDefinitionSteps" time="3.031"/>
  <testcase name="Then User hover on primary categories panel shows secondary panel" classname="com.bdd.sample.steps2.MenuDefinitionSteps" time="2.902"/>
  <testcase name="Then User hover on Secondary panel should show categerioes and direct links with arrow pointing" classname="com.bdd.sample.steps2.MenuDefinitionSteps" time="4.808"/>
  <testcase name="Scenario: Test case -Menu" classname="Scenario: Test case -Menu" time="7.03"/>
  <testcase name="Menu.story" classname="Menu.story" time="7.034"/>
  <testcase name="Given User on home page​​​" classname="com.bdd.sample.steps2.DefinitionSteps" time="3.856"/>
  <testcase name="When User Not signed In" classname="com.bdd.sample.steps2.NotSignedInDefinition" time="0.361"/>
  <testcase name="Then User see the text &apos;Sign In&apos; must be displayed" classname="com.bdd.sample.steps2.NotSignedInDefinition" time="2.309"/>
  <testcase name="When User Hover over &apos;Sign In&apos;" classname="com.bdd.sample.steps2.NotSignedInDefinition" time="2.062"/>
  <testcase name="Then User see the panel must slide down showing two account options &apos;Oracle Account&apos; and &apos;Cloud Account&apos;" classname="com.bdd.sample.steps2.NotSignedInDefinition" time="0.374"/>
  <testcase name="Then User verify Oracle Account must have options:" classname="com.bdd.sample.steps2.NotSignedInDefinition" time="0.609"/>
  <testcase name="Then User verify Cloud Account must have only option:" classname="com.bdd.sample.steps2.NotSignedInDefinition" time="0.285"/>
  <testcase name="Then User Click on Cloud Account each links:" classname="com.bdd.sample.steps2.NotSignedInDefinition" time="10.01"/>
  <testcase name="Then User Click on Oracle Account each links:" classname="com.bdd.sample.steps2.NotSignedInDefinition" time="72.258"/>
  <testcase name="Scenario: Test case -Not Signed-In" classname="Scenario: Test case -Not Signed-In" time="74.506"/>
  <testcase name="NotSignedIn.story" classname="NotSignedIn.story" time="74.51"/>
  <testcase name="Given User on home page​​​​" classname="com.bdd.sample.steps2.DefinitionSteps" time="3.699"/>
  <testcase name="When User begins to type keyword &apos;ora&apos; in search box autosuggest must suggest options" classname="com.bdd.sample.steps2.SearchAutosuggestDefinition" time="7.789"/>
  <testcase name="Then User start entering keyword &apos;jav&apos; again and autosuggest must reappear" classname="com.bdd.sample.steps2.SearchAutosuggestDefinition" time="7.669"/>
  <testcase name="Then User Enters keyword &apos;oracle&apos; and hit enter results must be displayed in &apos;Oracle.com Search&apos; page" classname="com.bdd.sample.steps2.SearchAutosuggestDefinition" time="14.496"/>
  <testcase name="Then User Enters keyword &apos;jav&apos; and click search icon results must be displayed in &apos;Oracle.com Search&apos; page" classname="com.bdd.sample.steps2.SearchAutosuggestDefinition" time="14.71"/>
  <testcase name="Then User Enters keyword &apos;oracle&apos; and once autosuggestion appears, click outside the search field and verify that the autosuggest retracts" classname="com.bdd.sample.steps2.SearchAutosuggestDefinition" time="8.343"/>
  <testcase name="Scenario: Test case -Search Autosuggestion" classname="Scenario: Test case -Search Autosuggestion" time="10.527"/>
  <testcase name="SearchAutosuggestion.story" classname="SearchAutosuggestion.story" time="10.531"/>
  <testcase name="Given User on home page​​​​​" classname="com.bdd.sample.steps2.DefinitionSteps" time="3.691"/>
  <testcase name="When User click inside the search box must show the cursor" classname="com.bdd.sample.steps2.SearchBoxDefinitionSteps" time="4.854"/>
  <testcase name="Then User checks Without entering any text in the search box hit return key Search field must flash in red and disappear" classname="com.bdd.sample.steps2.SearchBoxDefinitionSteps" time="0.927"/>
  <testcase name="Then User text is type &apos;jav&apos; in the search box options must be displayed to choose" classname="com.bdd.sample.steps2.SearchBoxDefinitionSteps" time="4.285"/>
  <testcase name="Then User Click on the &apos;java me&apos; options should navigate to &apos;Oracle.com Search&apos; page" classname="com.bdd.sample.steps2.SearchBoxDefinitionSteps" time="9.674"/>
  <testcase name="Scenario: Test case -Search Box" classname="Scenario: Test case -Search Box" time="11.886"/>
  <testcase name="SearchBox.story" classname="SearchBox.story" time="11.89"/>
  <testcase name="Given User on home page​​​​​​" classname="com.bdd.sample.steps2.DefinitionSteps" time="3.689"/>
  <testcase name="When User Signed In" classname="com.bdd.sample.steps2.SignedInDefinition" time="21.238"/>
  <testcase name="Then User see the Text &apos;Account&apos; must be displayed" classname="com.bdd.sample.steps2.SignedInDefinition" time="0.259"/>
  <testcase name="When User Hover Over &apos;Account&apos;" classname="com.bdd.sample.steps2.SignedInDefinition" time="3.525"/>
  <testcase name="Then User see the panel must slide down showing two Account options &apos;Oracle Account&apos; and &apos;Cloud Account&apos;" classname="com.bdd.sample.steps2.SignedInDefinition" time="0.355"/>
  <testcase name="Then User verify Oracle account must have options:" classname="com.bdd.sample.steps2.SignedInDefinition" time="0.631"/>
  <testcase name="Then User verify Cloud account must have only option:" classname="com.bdd.sample.steps2.SignedInDefinition" time="0.38"/>
  <testcase name="Then User Click on Cloud account each links:" classname="com.bdd.sample.steps2.SignedInDefinition" time="15.257"/>
  <testcase name="Then User Clicks on oracle account each links:" classname="com.bdd.sample.steps2.SignedInDefinition" time="56.064"/>
  <testcase name="Scenario: Test case -Signed-In" classname="Scenario: Test case -Signed-In" time="58.298"/>
  <testcase name="SignedIn.story" classname="SignedIn.story" time="58.302"/>
  <testcase name="AfterStories" classname="java.lang.Object" time="2.352"/>
</testsuite>