<?xml version="1.0" encoding="UTF-8"?>
<testsuite name="com.bdd.sample.AcceptanceTestSuite" time="464.263" tests="57" errors="1" skipped="0" failures="3">
  <properties>
[...]
</properties>
  <testcase name="BeforeStories" classname="java.lang.Object" time="0.069"/>
  <testcase name="Given User on home page" classname="com.bdd.sample.steps2.DefinitionSteps" time="15.497"/>
  <testcase name="When User verifies Menu bar should not Move while pageload" classname="com.bdd.sample.steps2.DefinitionSteps" time="0.76"/>
  <testcase name="Then User verifies left Header contains:" classname="com.bdd.sample.steps2.DefinitionSteps" time="3.692"/>
  <testcase name="Then User verifies right Header contains:" classname="com.bdd.sample.steps2.DefinitionSteps" time="8.981"/>
  <testcase name="Scenario: Test case -Accelerator" classname="Scenario: Test case -Accelerator" time="9.474"/>
  <testcase name="Accelerator.story" classname="Accelerator.story" time="10.218"/>
  <testcase name="Given User on home page​" classname="com.bdd.sample.steps2.DefinitionSteps" time="8.276"/>
  <testcase name="When User Hover over on &apos;Country&apos; text" classname="com.bdd.sample.steps2.CountryListDefinition" time="1.852"/>
  <testcase name="Then User can see the  panel showing Regions and their countries with two column" classname="com.bdd.sample.steps2.CountryListDefinition" time="1.304"/>
  <testcase name="Scenario: Test case -Country List" classname="Scenario: Test case -Country List" time="1.538"/>
  <testcase name="CountryList.story" classname="CountryList.story" time="2.141"/>
  <testcase name="Given User on home page​​" classname="com.bdd.sample.steps2.DefinitionSteps" time="8.098"/>
  <testcase name="When User hover on Menu Bar shows primary panel with categories" classname="com.bdd.sample.steps2.MenuDefinitionSteps" time="3.964"/>
  <testcase name="Then User hover on primary categories panel shows secondary panel" classname="com.bdd.sample.steps2.MenuDefinitionSteps" time="3.645"/>
  <testcase name="Then User hover on Secondary panel should show categerioes and direct links with arrow pointing" classname="com.bdd.sample.steps2.MenuDefinitionSteps" time="5.759"/>
  <testcase name="Scenario: Test case -Menu" classname="Scenario: Test case -Menu" time="6.21"/>
  <testcase name="Menu.story" classname="Menu.story" time="6.841"/>
  <testcase name="Given User on home page​​​" classname="com.bdd.sample.steps2.DefinitionSteps" time="7.177"/>
  <testcase name="When User Not signed In" classname="com.bdd.sample.steps2.NotSignedInDefinition" time="0.881"/>
  <testcase name="Then User see the text &apos;Sign In&apos; must be displayed" classname="com.bdd.sample.steps2.NotSignedInDefinition" time="2.807"/>
  <testcase name="When User Hover over &apos;Sign In&apos;" classname="com.bdd.sample.steps2.NotSignedInDefinition" time="2.325"/>
  <testcase name="Then User see the panel must slide down showing two account options &apos;Oracle Account&apos; and &apos;Cloud Account&apos;" classname="com.bdd.sample.steps2.NotSignedInDefinition" time="0.974"/>
  <testcase name="Then User verify Oracle Account must have options:" classname="com.bdd.sample.steps2.NotSignedInDefinition" time="1.711"/>
  <testcase name="Then User verify Cloud Account must have only option:" classname="com.bdd.sample.steps2.NotSignedInDefinition" time="0.796"/>
  <testcase name="Then User Click on Cloud Account each links:" classname="com.bdd.sample.steps2.NotSignedInDefinition" time="13.682"/>
  <testcase name="Then User Click on Oracle Account each links:" classname="com.bdd.sample.steps2.NotSignedInDefinition" time="38.878"/>
  <testcase name="Scenario: Test case -Not Signed-In" classname="Scenario: Test case -Not Signed-In" time="39.384"/>
  <testcase name="NotSignedIn.story" classname="NotSignedIn.story" time="40.263"/>
  <testcase name="Given User on home page​​​​" classname="com.bdd.sample.steps2.DefinitionSteps" time="7.158"/>
  <testcase name="When User begins to type keyword &apos;ora&apos; in search box autosuggest must suggest options" classname="com.bdd.sample.steps2.SearchAutosuggestDefinition" time="3.817"/>
  <testcase name="Then User start entering keyword &apos;jav&apos; again and autosuggest must reappear" classname="com.bdd.sample.steps2.SearchAutosuggestDefinition" time="3.633"/>
  <testcase name="Then User Enters keyword &apos;oracle&apos; and hit enter results must be displayed in &apos;Oracle.com Search&apos; page" classname="com.bdd.sample.steps2.SearchAutosuggestDefinition" time="7.856"/>
  <testcase name="Then User Enters keyword &apos;jav&apos; and click search icon results must be displayed in &apos;Oracle.com Search&apos; page" classname="com.bdd.sample.steps2.SearchAutosuggestDefinition" time="5.845"/>
  <testcase name="Then User Enters keyword &apos;oracle&apos; and once autosuggestion appears, click outside the search field and verify that the autosuggest retracts" classname="com.bdd.sample.steps2.SearchAutosuggestDefinition" time="10.087"/>
  <testcase name="Scenario: Test case -Search Autosuggestion" classname="Scenario: Test case -Search Autosuggestion" time="10.302"/>
  <testcase name="SearchAutosuggestion.story" classname="SearchAutosuggestion.story" time="10.93"/>
  <testcase name="Given User on home page​​​​​" classname="com.bdd.sample.steps2.DefinitionSteps" time="13.321"/>
  <testcase name="When User click inside the search box must show the cursor" classname="com.bdd.sample.steps2.SearchBoxDefinitionSteps" time="2.747"/>
  <testcase name="Then User checks Without entering any text in the search box hit return key Search field must flash in red and disappear" classname="com.bdd.sample.steps2.SearchBoxDefinitionSteps" time="1.604"/>
  <testcase name="Then User text is type &apos;jav&apos; in the search box options must be displayed to choose" classname="com.bdd.sample.steps2.SearchBoxDefinitionSteps" time="4.809"/>
  <testcase name="Then User Click on the &apos;java me&apos; options should navigate to &apos;Oracle.com Search&apos; page" classname="com.bdd.sample.steps2.SearchBoxDefinitionSteps" time="6.853"/>
  <testcase name="Scenario: Test case -Search Box" classname="Scenario: Test case -Search Box" time="7.139"/>
  <testcase name="SearchBox.story" classname="SearchBox.story" time="7.765"/>
  <testcase name="Given User on home page​​​​​​" classname="com.bdd.sample.steps2.DefinitionSteps" time="7.583"/>
  <testcase name="When User Signed In" classname="com.bdd.sample.steps2.SignedInDefinition" time="10.109"/>
  <testcase name="Then User see the Text &apos;Account&apos; must be displayed" classname="com.bdd.sample.steps2.SignedInDefinition" time="0.782"/>
  <testcase name="When User Hover Over &apos;Account&apos;" classname="com.bdd.sample.steps2.SignedInDefinition" time="1.874"/>
  <testcase name="Then User see the panel must slide down showing two Account options &apos;Oracle Account&apos; and &apos;Cloud Account&apos;" classname="com.bdd.sample.steps2.SignedInDefinition" time="1.307"/>
  <testcase name="Then User verify Oracle account must have options:" classname="com.bdd.sample.steps2.SignedInDefinition" time="1.666"/>
  <testcase name="Then User verify Cloud account must have only option:" classname="com.bdd.sample.steps2.SignedInDefinition" time="0.711"/>
  <testcase name="Then User Click on Cloud account each links:" classname="com.bdd.sample.steps2.SignedInDefinition" time="15.634"/>
  <testcase name="Then User Click on Oracle account each links:" classname="com.bdd.sample.steps2.SignedInDefinition" time="22.04">
    <failure type="java.lang.AssertionError:"><![CDATA[java.lang.AssertionError: null
	at org.junit.Assert.fail(Assert.java:86)
	at org.junit.Assert.assertTrue(Assert.java:41)
	at org.junit.Assert.assertTrue(Assert.java:52)
	at com.bdd.sample.pages.SignedInPage.is_page(SignedInPage.java:157)
	at com.bdd.sample.steps.serenity.SignedInSteps.page(SignedInSteps.java:55)
	at com.bdd.sample.steps.serenity.SignedInSteps$$EnhancerByCGLIB$$75af50b3.CGLIB$page$6(<generated>)
	at com.bdd.sample.steps.serenity.SignedInSteps$$EnhancerByCGLIB$$75af50b3$$FastClassByCGLIB$$a28951e6.invoke(<generated>)
	at net.sf.cglib.proxy.MethodProxy.invokeSuper(MethodProxy.java:228)
	at net.thucydides.core.steps.StepInterceptor.invokeMethod(StepInterceptor.java:372)
	at net.thucydides.core.steps.StepInterceptor.executeTestStepMethod(StepInterceptor.java:357)
	at net.thucydides.core.steps.StepInterceptor.runTestStep(StepInterceptor.java:332)
	at net.thucydides.core.steps.StepInterceptor.testStepResult(StepInterceptor.java:134)
	at net.thucydides.core.steps.StepInterceptor.intercept(StepInterceptor.java:61)
	at com.bdd.sample.steps.serenity.SignedInSteps$$EnhancerByCGLIB$$75af50b3.page(<generated>)
	at com.bdd.sample.steps.serenity.SignedInSteps.is_page(SignedInSteps.java:62)
	at com.bdd.sample.steps.serenity.SignedInSteps$$EnhancerByCGLIB$$75af50b3.CGLIB$is_page$4(<generated>)
	at com.bdd.sample.steps.serenity.SignedInSteps$$EnhancerByCGLIB$$75af50b3$$FastClassByCGLIB$$a28951e6.invoke(<generated>)
	at net.sf.cglib.proxy.MethodProxy.invokeSuper(MethodProxy.java:228)
	at net.thucydides.core.steps.StepInterceptor.invokeMethod(StepInterceptor.java:372)
	at net.thucydides.core.steps.StepInterceptor.executeTestStepMethod(StepInterceptor.java:357)
	at net.thucydides.core.steps.StepInterceptor.runTestStep(StepInterceptor.java:332)
	at net.thucydides.core.steps.StepInterceptor.testStepResult(StepInterceptor.java:134)
	at net.thucydides.core.steps.StepInterceptor.intercept(StepInterceptor.java:61)
	at com.bdd.sample.steps.serenity.SignedInSteps$$EnhancerByCGLIB$$75af50b3.is_page(<generated>)
	at com.bdd.sample.steps2.SignedInDefinition.UserClickonOracleAccounteachlinks(SignedInDefinition.java:79)
]]></failure>
    <system-out><![CDATA[Then User Click on Oracle account each links:

|Option|Link|appropriate page|
|Account|Help|About Your Oracle Account|
|Account|Account|Update Account|
|Account|Sign Out|Single Sign off|
 (FAILED)
(java.lang.AssertionError)
]]></system-out>
  </testcase>
  <testcase name="Scenario: Test case -Signed-In" classname="Scenario: Test case -Signed-In" time="22.046">
    <failure message="scenario failed!" type="java.lang.AssertionError">java.lang.AssertionError: scenario failed!
	at de.codecentric.jbehave.junit.monitoring.JUnitScenarioReporter.afterScenario(JUnitScenarioReporter.java:218)
	at org.jbehave.core.reporters.DelegatingStoryReporter.afterScenario(DelegatingStoryReporter.java:44)
	at org.jbehave.core.reporters.ConcurrentStoryReporter.afterScenario(ConcurrentStoryReporter.java:187)
	at org.jbehave.core.embedder.PerformableTree$PerformableScenario.perform(PerformableTree.java:905)
	at org.jbehave.core.embedder.PerformableTree$PerformableStory.performScenarios(PerformableTree.java:825)
	at org.jbehave.core.embedder.PerformableTree$PerformableStory.perform(PerformableTree.java:798)
	at org.jbehave.core.embedder.PerformableTree.performCancellable(PerformableTree.java:422)
	at org.jbehave.core.embedder.PerformableTree.perform(PerformableTree.java:393)
	at org.jbehave.core.embedder.StoryManager$EnqueuedStory.call(StoryManager.java:292)
	at org.jbehave.core.embedder.StoryManager$EnqueuedStory.call(StoryManager.java:266)
	at java.util.concurrent.FutureTask.run(FutureTask.java:266)
	at java.util.concurrent.ThreadPoolExecutor.runWorker(ThreadPoolExecutor.java:1142)
	at java.util.concurrent.ThreadPoolExecutor$Worker.run(ThreadPoolExecutor.java:617)
	at java.lang.Thread.run(Thread.java:748)
</failure>
    <system-out><![CDATA[
java.lang.AssertionError
	at org.junit.Assert.fail(Assert.java:86)
	at org.junit.Assert.assertTrue(Assert.java:41)
	at org.junit.Assert.assertTrue(Assert.java:52)
	at com.bdd.sample.pages.SignedInPage.is_page(SignedInPage.java:157)
	at com.bdd.sample.steps.serenity.SignedInSteps.page(SignedInSteps.java:55)
	at com.bdd.sample.steps.serenity.SignedInSteps$$EnhancerByCGLIB$$75af50b3.CGLIB$page$6(<generated>)
	at com.bdd.sample.steps.serenity.SignedInSteps$$EnhancerByCGLIB$$75af50b3$$FastClassByCGLIB$$a28951e6.invoke(<generated>)
	at net.sf.cglib.proxy.MethodProxy.invokeSuper(MethodProxy.java:228)
	at net.thucydides.core.steps.StepInterceptor.invokeMethod(StepInterceptor.java:372)
	at net.thucydides.core.steps.StepInterceptor.executeTestStepMethod(StepInterceptor.java:357)
	at net.thucydides.core.steps.StepInterceptor.runTestStep(StepInterceptor.java:332)
	at net.thucydides.core.steps.StepInterceptor.testStepResult(StepInterceptor.java:134)
	at net.thucydides.core.steps.StepInterceptor.intercept(StepInterceptor.java:61)
	at com.bdd.sample.steps.serenity.SignedInSteps$$EnhancerByCGLIB$$75af50b3.page(<generated>)
	at com.bdd.sample.steps.serenity.SignedInSteps.is_page(SignedInSteps.java:62)
	at com.bdd.sample.steps.serenity.SignedInSteps$$EnhancerByCGLIB$$75af50b3.CGLIB$is_page$4(<generated>)
	at com.bdd.sample.steps.serenity.SignedInSteps$$EnhancerByCGLIB$$75af50b3$$FastClassByCGLIB$$a28951e6.invoke(<generated>)
	at net.sf.cglib.proxy.MethodProxy.invokeSuper(MethodProxy.java:228)
	at net.thucydides.core.steps.StepInterceptor.invokeMethod(StepInterceptor.java:372)
	at net.thucydides.core.steps.StepInterceptor.executeTestStepMethod(StepInterceptor.java:357)
	at net.thucydides.core.steps.StepInterceptor.runTestStep(StepInterceptor.java:332)
	at net.thucydides.core.steps.StepInterceptor.testStepResult(StepInterceptor.java:134)
	at net.thucydides.core.steps.StepInterceptor.intercept(StepInterceptor.java:61)
	at com.bdd.sample.steps.serenity.SignedInSteps$$EnhancerByCGLIB$$75af50b3.is_page(<generated>)
	at com.bdd.sample.steps2.SignedInDefinition.UserClickonOracleAccounteachlinks(SignedInDefinition.java:79)
	(reflection-invoke)
	at org.jbehave.core.steps.StepCreator$ParametrisedStep.perform(StepCreator.java:733)
	at org.jbehave.core.embedder.PerformableTree$FineSoFar.run(PerformableTree.java:346)
...
]]></system-out>
  </testcase>
  <testcase name="SignedIn.story" classname="SignedIn.story" time="23.007">
    <failure message="story failed!" type="java.lang.AssertionError">java.lang.AssertionError: story failed!
	at de.codecentric.jbehave.junit.monitoring.JUnitScenarioReporter.afterStory(JUnitScenarioReporter.java:143)
	at org.jbehave.core.reporters.DelegatingStoryReporter.afterStory(DelegatingStoryReporter.java:51)
	at org.jbehave.core.reporters.ConcurrentStoryReporter.afterStory(ConcurrentStoryReporter.java:127)
	at org.jbehave.core.embedder.PerformableTree$PerformableStory.perform(PerformableTree.java:806)
	at org.jbehave.core.embedder.PerformableTree.performCancellable(PerformableTree.java:422)
	at org.jbehave.core.embedder.PerformableTree.perform(PerformableTree.java:393)
	at org.jbehave.core.embedder.StoryManager$EnqueuedStory.call(StoryManager.java:292)
	at org.jbehave.core.embedder.StoryManager$EnqueuedStory.call(StoryManager.java:266)
	at java.util.concurrent.FutureTask.run(FutureTask.java:266)
	at java.util.concurrent.ThreadPoolExecutor.runWorker(ThreadPoolExecutor.java:1142)
	at java.util.concurrent.ThreadPoolExecutor$Worker.run(ThreadPoolExecutor.java:617)
	at java.lang.Thread.run(Thread.java:748)
</failure>
    <system-out><![CDATA[
]]></system-out>
    <system-err><![CDATA[[pool-1-thread-1] ERROR net.serenitybdd.core.Serenity - &amp#27;[91m
           __  _____ _____ ____ _____   _____ _    ___ _     _____ ____  
  _       / / |_   _| ____/ ___|_   _| |  ___/ \  |_ _| |   | ____|  _ \ 
 (_)_____| |    | | |  _| \___ \ | |   | |_ / _ \  | || |   |  _| | | | |
  _|_____| |    | | | |___ ___) || |   |  _/ ___ \ | || |___| |___| |_| |
 (_)     | |    |_| |_____|____/ |_|   |_|/_/   \_\___|_____|_____|____/ 
          \_\                                                            

TEST FAILED: Test case -Signed-In
--------------------------------------------------------------------------&amp#27;[0m
[pool-1-thread-1] ERROR net.serenitybdd.core.Serenity - &amp#27;[91mTEST FAILED AT STEP Page: Account, Update Account&amp#27;[0m
[pool-1-thread-1] ERROR net.serenitybdd.core.Serenity - 
]]></system-err>
  </testcase>
  <testcase name="AfterStories" classname="java.lang.Object" time="0.006"/>
  <testcase name="com.bdd.sample.AcceptanceTestSuite" classname="org.apache.maven.surefire.junit4.JUnit4Provider" time="6.435">
    <error message="org.jbehave.core.embedder.Embedder$RunningStoriesFailed: Failures in running stories: &#10;org.jbehave.core.embedder.PerformableTree$SomethingHappened@5f927e8c: java.lang.AssertionError" type="java.lang.RuntimeException">java.lang.RuntimeException: org.jbehave.core.embedder.Embedder$RunningStoriesFailed: Failures in running stories: 
org.jbehave.core.embedder.PerformableTree$SomethingHappened@5f927e8c: java.lang.AssertionError
	at org.jbehave.core.embedder.Embedder$ThrowingRunningStoriesFailed.handleFailures(Embedder.java:553)
	at org.jbehave.core.embedder.Embedder.handleFailures(Embedder.java:238)
	at org.jbehave.core.embedder.Embedder.runStoriesAsPaths(Embedder.java:216)
	at net.serenitybdd.jbehave.embedders.ExtendedEmbedder.runStoriesAsPaths(ExtendedEmbedder.java:60)
	at net.serenitybdd.jbehave.runners.SerenityReportingRunner.run(SerenityReportingRunner.java:177)
	at org.apache.maven.surefire.junit4.JUnit4Provider.execute(JUnit4Provider.java:283)
	at org.apache.maven.surefire.junit4.JUnit4Provider.executeWithRerun(JUnit4Provider.java:173)
	at org.apache.maven.surefire.junit4.JUnit4Provider.executeTestSet(JUnit4Provider.java:153)
	at org.apache.maven.surefire.junit4.JUnit4Provider.invoke(JUnit4Provider.java:128)
</error>
    <system-out><![CDATA[Generating reports view to 'D:\Execution\jbhaves\target\jbehave' using formats '[stats, console, html, xml, serenityreporter, junitscenarioreporter]' and view properties '{decorateNonHtml=true}'
Reports view generated with 8 stories (of which 0 pending) containing 7 scenarios (of which 0 pending)
Failures in reports view: 1 scenarios failed
]]></system-out>
    <system-err><![CDATA[[pool-2-thread-2] INFO net.thucydides.core.reports.json.JSONTestOutcomeReporter - Generating JSON report for Test case -Country List to file D:\Execution\jbhaves\target\site\serenity\59f0f4d6a19aa92f6f256c329022ee705fac5c00763c22087f2ea2a99cbfc70d.json (using temp file D:\Execution\jbhaves\target\site\serenity\59f0f4d6a19aa92f6f256c329022ee705fac5c00763c22087f2ea2a99cbfc70d.json3849d851-2bf7-4bb5-9c2a-a49e16b92472)
[pool-2-thread-4] INFO net.thucydides.core.reports.json.JSONTestOutcomeReporter - Generating JSON report for Test case -Not Signed-In to file D:\Execution\jbhaves\target\site\serenity\fb7a9eaed77eefdd1196e518cc33e9b2732d4b905f896d2d120a3e972d3318f2.json (using temp file D:\Execution\jbhaves\target\site\serenity\fb7a9eaed77eefdd1196e518cc33e9b2732d4b905f896d2d120a3e972d3318f2.jsonebf8e507-713b-418e-bc60-ff6cb72bd4e5)
[pool-2-thread-3] INFO net.thucydides.core.reports.json.JSONTestOutcomeReporter - Generating JSON report for Test case -Menu to file D:\Execution\jbhaves\target\site\serenity\376eefedfd784d3e6868db3547a995e4a182555e45569cde431948970cdc4c08.json (using temp file D:\Execution\jbhaves\target\site\serenity\376eefedfd784d3e6868db3547a995e4a182555e45569cde431948970cdc4c08.jsona28452f5-ba36-4b5e-9d6a-32832924821e)
[pool-2-thread-1] INFO net.thucydides.core.reports.json.JSONTestOutcomeReporter - Generating JSON report for Test case -Accelerator to file D:\Execution\jbhaves\target\site\serenity\f6c0f56acb526d6bf8482971cf18cd55578c40b86a7214598bcc18e4e39c6463.json (using temp file D:\Execution\jbhaves\target\site\serenity\f6c0f56acb526d6bf8482971cf18cd55578c40b86a7214598bcc18e4e39c6463.json90d625b7-6285-46eb-9b59-20c40447e8df)
[pool-2-thread-4] INFO net.thucydides.core.reports.json.JSONTestOutcomeReporter - Generating JSON report for Test case -Search Autosuggestion to file D:\Execution\jbhaves\target\site\serenity\560d8a46dd5549d272dd89ec6d99f41a1464d3735d040ea275f20cc07e5028de.json (using temp file D:\Execution\jbhaves\target\site\serenity\560d8a46dd5549d272dd89ec6d99f41a1464d3735d040ea275f20cc07e5028de.json2918267f-d6e9-4c05-bc86-59dd92d494f9)
[pool-2-thread-3] INFO net.thucydides.core.reports.json.JSONTestOutcomeReporter - Generating JSON report for Test case -Search Box to file D:\Execution\jbhaves\target\site\serenity\284d83c994f1bc212da366e0dd25075a626f1ba9ca915337babb6c15454516db.json (using temp file D:\Execution\jbhaves\target\site\serenity\284d83c994f1bc212da366e0dd25075a626f1ba9ca915337babb6c15454516db.json6f817d61-0e4b-4338-bf12-a0fcaf734433)
[pool-2-thread-2] INFO net.thucydides.core.reports.json.JSONTestOutcomeReporter - Generating JSON report for Test case -Signed-In to file D:\Execution\jbhaves\target\site\serenity\1e9b3e955b94378d7aef9057879a437affdb42c340f1e83b6d3c29c32996a603.json (using temp file D:\Execution\jbhaves\target\site\serenity\1e9b3e955b94378d7aef9057879a437affdb42c340f1e83b6d3c29c32996a603.jsonfe831cc6-0917-489f-84e6-eeb51b4906b7)
[pool-2-thread-4] INFO net.thucydides.core.reports.html.HtmlAcceptanceTestReporter - GENERATING HTML REPORT FOR Country list:Test case -Country List in 59f0f4d6a19aa92f6f256c329022ee705fac5c00763c22087f2ea2a99cbfc70d.html in directory target\site\serenity  
[pool-2-thread-3] INFO net.thucydides.core.reports.html.HtmlAcceptanceTestReporter - GENERATING HTML REPORT FOR Menu:Test case -Menu in 376eefedfd784d3e6868db3547a995e4a182555e45569cde431948970cdc4c08.html in directory target\site\serenity  
[pool-2-thread-1] INFO net.thucydides.core.reports.html.HtmlAcceptanceTestReporter - GENERATING HTML REPORT FOR Accelerator:Test case -Accelerator in f6c0f56acb526d6bf8482971cf18cd55578c40b86a7214598bcc18e4e39c6463.html in directory target\site\serenity  
[pool-2-thread-2] INFO net.thucydides.core.reports.html.HtmlAcceptanceTestReporter - GENERATING HTML REPORT FOR Not signed in:Test case -Not Signed-In in fb7a9eaed77eefdd1196e518cc33e9b2732d4b905f896d2d120a3e972d3318f2.html in directory target\site\serenity  
[pool-2-thread-4] INFO net.thucydides.core.reports.html.HtmlAcceptanceTestReporter - GENERATING HTML REPORT FOR Search autosuggestion:Test case -Search Autosuggestion in 560d8a46dd5549d272dd89ec6d99f41a1464d3735d040ea275f20cc07e5028de.html in directory target\site\serenity  
[pool-2-thread-3] INFO net.thucydides.core.reports.html.HtmlAcceptanceTestReporter - GENERATING HTML REPORT FOR Search box:Test case -Search Box in 284d83c994f1bc212da366e0dd25075a626f1ba9ca915337babb6c15454516db.html in directory target\site\serenity  
[pool-2-thread-1] INFO net.thucydides.core.reports.html.HtmlAcceptanceTestReporter - GENERATING HTML REPORT FOR Signed in:Test case -Signed-In in 1e9b3e955b94378d7aef9057879a437affdb42c340f1e83b6d3c29c32996a603.html in directory target\site\serenity  
]]></system-err>
  </testcase>
</testsuite>