<?xml version="1.0" encoding="UTF-8"?>
<testsuite name="com.bdd.sample.AcceptanceTestSuite" time="925.812" tests="56" errors="0" skipped="0" failures="3">
  <properties>
[...]
</properties>
  <testcase name="BeforeStories" classname="java.lang.Object" time="0.022"/>
  <testcase name="Given User on home page" classname="com.bdd.sample.steps2.DefinitionSteps" time="92.421"/>
  <testcase name="When User Not signed In" classname="com.bdd.sample.steps2.NotSignedInDefinition" time="1.603"/>
  <testcase name="Then User see the text &apos;Sign In&apos; must be displayed" classname="com.bdd.sample.steps2.NotSignedInDefinition" time="2.828"/>
  <testcase name="When User Hover over &apos;Sign In&apos;" classname="com.bdd.sample.steps2.NotSignedInDefinition" time="2.378"/>
  <testcase name="Then User see the panel must slide down showing two account options &apos;Oracle Account&apos; and &apos;Cloud Account&apos;" classname="com.bdd.sample.steps2.NotSignedInDefinition" time="1.051"/>
  <testcase name="Then User verify Oracle Account must have options:" classname="com.bdd.sample.steps2.NotSignedInDefinition" time="1.717"/>
  <testcase name="Then User verify Cloud Account must have only option:" classname="com.bdd.sample.steps2.NotSignedInDefinition" time="0.725"/>
  <testcase name="Then User Click on Cloud Account each links:" classname="com.bdd.sample.steps2.NotSignedInDefinition" time="14.479"/>
  <testcase name="Then User Click on Oracle Account each links:" classname="com.bdd.sample.steps2.NotSignedInDefinition" time="149.314"/>
  <testcase name="Scenario: Test case -Not Signed-In" classname="Scenario: Test case -Not Signed-In" time="149.894"/>
  <testcase name="NotSignedIn.story" classname="NotSignedIn.story" time="149.936"/>
  <testcase name="Given User on home page​" classname="com.bdd.sample.steps2.DefinitionSteps" time="8.271"/>
  <testcase name="When User click inside the search box must show the cursor" classname="com.bdd.sample.steps2.SearchBoxDefinitionSteps" time="2.698"/>
  <testcase name="Then User checks Without entering any text in the search box hit return key Search field must flash in red and disappear" classname="com.bdd.sample.steps2.SearchBoxDefinitionSteps" time="1.858"/>
  <testcase name="Then User text is type &apos;java me&apos; in the search box options must be displayed to choose" classname="com.bdd.sample.steps2.SearchBoxDefinitionSteps" time="5.191"/>
  <testcase name="Then User Click on the &apos;java me&apos; options should navigate to &apos;Oracle.com Search&apos; page" classname="com.bdd.sample.steps2.SearchBoxDefinitionSteps" time="12.432"/>
  <testcase name="Scenario: Test case -Search Box" classname="Scenario: Test case -Search Box" time="12.707"/>
  <testcase name="SearchBox.story" classname="SearchBox.story" time="12.71"/>
  <testcase name="Given User on home page​​" classname="com.bdd.sample.steps2.DefinitionSteps" time="12.355"/>
  <testcase name="When User Hover over on &apos;Country&apos; text" classname="com.bdd.sample.steps2.CountryListDefinition" time="1.895"/>
  <testcase name="Then User can see the  panel showing Regions and their countries with two column" classname="com.bdd.sample.steps2.CountryListDefinition" time="1.322"/>
  <testcase name="Scenario: Test case -Country List" classname="Scenario: Test case -Country List" time="1.546"/>
  <testcase name="CountryList.story" classname="CountryList.story" time="1.548"/>
  <testcase name="Given User on home page​​​" classname="com.bdd.sample.steps2.DefinitionSteps" time="8.348"/>
  <testcase name="When User hover on Menu Bar shows primary panel with categories" classname="com.bdd.sample.steps2.MenuDefinitionSteps" time="3.955"/>
  <testcase name="Then User hover on primary categories panel shows secondary panel" classname="com.bdd.sample.steps2.MenuDefinitionSteps" time="3.62"/>
  <testcase name="Then User hover on Secondary panel should show categerioes and direct links with arrow pointing" classname="com.bdd.sample.steps2.MenuDefinitionSteps" time="5.814"/>
  <testcase name="Scenario: Test case -Menu" classname="Scenario: Test case -Menu" time="6.286"/>
  <testcase name="Menu.story" classname="Menu.story" time="6.72"/>
  <testcase name="Given User on home page​​​​" classname="com.bdd.sample.steps2.DefinitionSteps" time="8.373"/>
  <testcase name="When User Signed In" classname="com.bdd.sample.steps2.SignedInDefinition" time="10.765"/>
  <testcase name="Then User see the Text &apos;Account&apos; must be displayed" classname="com.bdd.sample.steps2.SignedInDefinition" time="0.692"/>
  <testcase name="When User Hover Over &apos;Account&apos;" classname="com.bdd.sample.steps2.SignedInDefinition" time="2.036"/>
  <testcase name="Then User see the panel must slide down showing two Account options &apos;Oracle Account&apos; and &apos;Cloud Account&apos;" classname="com.bdd.sample.steps2.SignedInDefinition" time="0.981"/>
  <testcase name="Then User verify Oracle account must have options:" classname="com.bdd.sample.steps2.SignedInDefinition" time="1.748"/>
  <testcase name="Then User verify Cloud account must have only option:" classname="com.bdd.sample.steps2.SignedInDefinition" time="0.696"/>
  <testcase name="Then User Click on Cloud account each links:" classname="com.bdd.sample.steps2.SignedInDefinition" time="13.878"/>
  <testcase name="Then User Click on Oracle account each links:" classname="com.bdd.sample.steps2.SignedInDefinition" time="28.425">
    <failure type="java.lang.AssertionError:"><![CDATA[java.lang.AssertionError: null
	at org.junit.Assert.fail(Assert.java:86)
	at org.junit.Assert.assertTrue(Assert.java:41)
	at org.junit.Assert.assertTrue(Assert.java:52)
	at com.bdd.sample.pages.SignedInPage.is_page(SignedInPage.java:157)
	at com.bdd.sample.steps.serenity.SignedInSteps.page(SignedInSteps.java:55)
	at com.bdd.sample.steps.serenity.SignedInSteps$$EnhancerByCGLIB$$8839cfac.CGLIB$page$0(<generated>)
	at com.bdd.sample.steps.serenity.SignedInSteps$$EnhancerByCGLIB$$8839cfac$$FastClassByCGLIB$$5839d622.invoke(<generated>)
	at net.sf.cglib.proxy.MethodProxy.invokeSuper(MethodProxy.java:228)
	at net.thucydides.core.steps.StepInterceptor.invokeMethod(StepInterceptor.java:369)
	at net.thucydides.core.steps.StepInterceptor.executeTestStepMethod(StepInterceptor.java:354)
	at net.thucydides.core.steps.StepInterceptor.runTestStep(StepInterceptor.java:329)
	at net.thucydides.core.steps.StepInterceptor.testStepResult(StepInterceptor.java:134)
	at net.thucydides.core.steps.StepInterceptor.intercept(StepInterceptor.java:61)
	at com.bdd.sample.steps.serenity.SignedInSteps$$EnhancerByCGLIB$$8839cfac.page(<generated>)
	at com.bdd.sample.steps.serenity.SignedInSteps.is_page(SignedInSteps.java:62)
	at com.bdd.sample.steps.serenity.SignedInSteps$$EnhancerByCGLIB$$8839cfac.CGLIB$is_page$5(<generated>)
	at com.bdd.sample.steps.serenity.SignedInSteps$$EnhancerByCGLIB$$8839cfac$$FastClassByCGLIB$$5839d622.invoke(<generated>)
	at net.sf.cglib.proxy.MethodProxy.invokeSuper(MethodProxy.java:228)
	at net.thucydides.core.steps.StepInterceptor.invokeMethod(StepInterceptor.java:369)
	at net.thucydides.core.steps.StepInterceptor.executeTestStepMethod(StepInterceptor.java:354)
	at net.thucydides.core.steps.StepInterceptor.runTestStep(StepInterceptor.java:329)
	at net.thucydides.core.steps.StepInterceptor.testStepResult(StepInterceptor.java:134)
	at net.thucydides.core.steps.StepInterceptor.intercept(StepInterceptor.java:61)
	at com.bdd.sample.steps.serenity.SignedInSteps$$EnhancerByCGLIB$$8839cfac.is_page(<generated>)
	at com.bdd.sample.steps2.SignedInDefinition.UserClickonOracleAccounteachlinks(SignedInDefinition.java:79)
]]></failure>
    <system-out><![CDATA[Then User Click on Oracle account each links:

|Option|Link|appropriate page|
|Account|Help|About Your Oracle Account|
|Account|Account|Update Account|
|Account|Sign Out|Single Sign off|
 (FAILED)
(java.lang.AssertionError)
]]></system-out>
  </testcase>
  <testcase name="Scenario: Test case -Signed-In" classname="Scenario: Test case -Signed-In" time="28.432">
    <failure message="scenario failed!" type="java.lang.AssertionError">java.lang.AssertionError: scenario failed!
	at de.codecentric.jbehave.junit.monitoring.JUnitScenarioReporter.afterScenario(JUnitScenarioReporter.java:218)
	at org.jbehave.core.reporters.DelegatingStoryReporter.afterScenario(DelegatingStoryReporter.java:43)
	at org.jbehave.core.reporters.ConcurrentStoryReporter.afterScenario(ConcurrentStoryReporter.java:176)
	at org.jbehave.core.embedder.PerformableTree$PerformableScenario.perform(PerformableTree.java:890)
	at org.jbehave.core.embedder.PerformableTree$PerformableStory.performScenarios(PerformableTree.java:811)
	at org.jbehave.core.embedder.PerformableTree$PerformableStory.perform(PerformableTree.java:784)
	at org.jbehave.core.embedder.PerformableTree.performCancellable(PerformableTree.java:416)
	at org.jbehave.core.embedder.PerformableTree.perform(PerformableTree.java:387)
	at org.jbehave.core.embedder.StoryManager$EnqueuedStory.call(StoryManager.java:291)
	at org.jbehave.core.embedder.StoryManager$EnqueuedStory.call(StoryManager.java:265)
	at java.util.concurrent.FutureTask.run(FutureTask.java:266)
	at java.util.concurrent.ThreadPoolExecutor.runWorker(ThreadPoolExecutor.java:1142)
	at java.util.concurrent.ThreadPoolExecutor$Worker.run(ThreadPoolExecutor.java:617)
	at java.lang.Thread.run(Thread.java:748)
</failure>
    <system-out><![CDATA[
java.lang.AssertionError
	at org.junit.Assert.fail(Assert.java:86)
	at org.junit.Assert.assertTrue(Assert.java:41)
	at org.junit.Assert.assertTrue(Assert.java:52)
	at com.bdd.sample.pages.SignedInPage.is_page(SignedInPage.java:157)
	at com.bdd.sample.steps.serenity.SignedInSteps.page(SignedInSteps.java:55)
	at com.bdd.sample.steps.serenity.SignedInSteps$$EnhancerByCGLIB$$8839cfac.CGLIB$page$0(<generated>)
	at com.bdd.sample.steps.serenity.SignedInSteps$$EnhancerByCGLIB$$8839cfac$$FastClassByCGLIB$$5839d622.invoke(<generated>)
	at net.sf.cglib.proxy.MethodProxy.invokeSuper(MethodProxy.java:228)
	at net.thucydides.core.steps.StepInterceptor.invokeMethod(StepInterceptor.java:369)
	at net.thucydides.core.steps.StepInterceptor.executeTestStepMethod(StepInterceptor.java:354)
	at net.thucydides.core.steps.StepInterceptor.runTestStep(StepInterceptor.java:329)
	at net.thucydides.core.steps.StepInterceptor.testStepResult(StepInterceptor.java:134)
	at net.thucydides.core.steps.StepInterceptor.intercept(StepInterceptor.java:61)
	at com.bdd.sample.steps.serenity.SignedInSteps$$EnhancerByCGLIB$$8839cfac.page(<generated>)
	at com.bdd.sample.steps.serenity.SignedInSteps.is_page(SignedInSteps.java:62)
	at com.bdd.sample.steps.serenity.SignedInSteps$$EnhancerByCGLIB$$8839cfac.CGLIB$is_page$5(<generated>)
	at com.bdd.sample.steps.serenity.SignedInSteps$$EnhancerByCGLIB$$8839cfac$$FastClassByCGLIB$$5839d622.invoke(<generated>)
	at net.sf.cglib.proxy.MethodProxy.invokeSuper(MethodProxy.java:228)
	at net.thucydides.core.steps.StepInterceptor.invokeMethod(StepInterceptor.java:369)
	at net.thucydides.core.steps.StepInterceptor.executeTestStepMethod(StepInterceptor.java:354)
	at net.thucydides.core.steps.StepInterceptor.runTestStep(StepInterceptor.java:329)
	at net.thucydides.core.steps.StepInterceptor.testStepResult(StepInterceptor.java:134)
	at net.thucydides.core.steps.StepInterceptor.intercept(StepInterceptor.java:61)
	at com.bdd.sample.steps.serenity.SignedInSteps$$EnhancerByCGLIB$$8839cfac.is_page(<generated>)
	at com.bdd.sample.steps2.SignedInDefinition.UserClickonOracleAccounteachlinks(SignedInDefinition.java:79)
	(reflection-invoke)
	at org.jbehave.core.steps.StepCreator$ParametrisedStep.perform(StepCreator.java:599)
	at org.jbehave.core.embedder.PerformableTree$FineSoFar.run(PerformableTree.java:340)
...
]]></system-out>
  </testcase>
  <testcase name="SignedIn.story" classname="SignedIn.story" time="28.527">
    <failure message="story failed!" type="java.lang.AssertionError">java.lang.AssertionError: story failed!
	at de.codecentric.jbehave.junit.monitoring.JUnitScenarioReporter.afterStory(JUnitScenarioReporter.java:143)
	at org.jbehave.core.reporters.DelegatingStoryReporter.afterStory(DelegatingStoryReporter.java:49)
	at org.jbehave.core.reporters.ConcurrentStoryReporter.afterStory(ConcurrentStoryReporter.java:122)
	at org.jbehave.core.embedder.PerformableTree$PerformableStory.perform(PerformableTree.java:792)
	at org.jbehave.core.embedder.PerformableTree.performCancellable(PerformableTree.java:416)
	at org.jbehave.core.embedder.PerformableTree.perform(PerformableTree.java:387)
	at org.jbehave.core.embedder.StoryManager$EnqueuedStory.call(StoryManager.java:291)
	at org.jbehave.core.embedder.StoryManager$EnqueuedStory.call(StoryManager.java:265)
	at java.util.concurrent.FutureTask.run(FutureTask.java:266)
	at java.util.concurrent.ThreadPoolExecutor.runWorker(ThreadPoolExecutor.java:1142)
	at java.util.concurrent.ThreadPoolExecutor$Worker.run(ThreadPoolExecutor.java:617)
	at java.lang.Thread.run(Thread.java:748)
</failure>
    <system-out><![CDATA[
]]></system-out>
    <system-err><![CDATA[[pool-1-thread-1] ERROR net.serenitybdd.core.Serenity - &amp#27;[91m
           __  _____ _____ ____ _____   _____ _    ___ _     _____ ____  
  _       / / |_   _| ____/ ___|_   _| |  ___/ \  |_ _| |   | ____|  _ \ 
 (_)_____| |    | | |  _| \___ \ | |   | |_ / _ \  | || |   |  _| | | | |
  _|_____| |    | | | |___ ___) || |   |  _/ ___ \ | || |___| |___| |_| |
 (_)     | |    |_| |_____|____/ |_|   |_|/_/   \_\___|_____|_____|____/ 
          \_\                                                            

TEST FAILED: Test case -Signed-In
--------------------------------------------------------------------------&amp#27;[0m
[pool-1-thread-1] ERROR net.serenitybdd.core.Serenity - &amp#27;[91mTEST FAILED AT STEP Page: Account, Update Account&amp#27;[0m
[pool-1-thread-1] ERROR net.serenitybdd.core.Serenity - 
]]></system-err>
  </testcase>
  <testcase name="Given User on home page​​​​​" classname="com.bdd.sample.steps2.DefinitionSteps" time="10.679"/>
  <testcase name="When User verifies Menu bar should not Move while pageload" classname="com.bdd.sample.steps2.DefinitionSteps" time="0.882"/>
  <testcase name="Then User verifies left Header contains:" classname="com.bdd.sample.steps2.DefinitionSteps" time="3.694"/>
  <testcase name="Then User verifies right Header contains:" classname="com.bdd.sample.steps2.DefinitionSteps" time="9.02"/>
  <testcase name="Scenario: Test case -Accelerator" classname="Scenario: Test case -Accelerator" time="9.494"/>
  <testcase name="Accelerator.story" classname="Accelerator.story" time="9.497"/>
  <testcase name="Given User on home page​​​​​​" classname="com.bdd.sample.steps2.DefinitionSteps" time="8.268"/>
  <testcase name="When User begins to type keyword &apos;ora&apos; in search box autosuggest must suggest options" classname="com.bdd.sample.steps2.SearchAutosuggestDefinition" time="3.81"/>
  <testcase name="Then User start entering keyword &apos;jav&apos; again and autosuggest must reappear" classname="com.bdd.sample.steps2.SearchAutosuggestDefinition" time="3.767"/>
  <testcase name="Then User Enters keyword &apos;oracle&apos; and hit enter results must be displayed in &apos;Oracle.com Search&apos; page" classname="com.bdd.sample.steps2.SearchAutosuggestDefinition" time="34.665"/>
  <testcase name="Then User Enters keyword &apos;jav&apos; and click search icon results must be displayed in &apos;Oracle.com Search&apos; page" classname="com.bdd.sample.steps2.SearchAutosuggestDefinition" time="7.493"/>
  <testcase name="Then User Enters keyword &apos;oracle&apos; and once autosuggestion appears, click outside the search field and verify that the autosuggest retracts" classname="com.bdd.sample.steps2.SearchAutosuggestDefinition" time="7.943"/>
  <testcase name="Scenario: Test case -Search Autosuggestion" classname="Scenario: Test case -Search Autosuggestion" time="8.199"/>
  <testcase name="SearchAutosuggestion.story" classname="SearchAutosuggestion.story" time="8.201"/>
  <testcase name="AfterStories" classname="java.lang.Object" time="0.003"/>
</testsuite>