<acceptance-test-run title="Test case -Not Signed-In" name="Test case -Not Signed-In" steps="11" successful="7" failures="1" skipped="3" ignored="0" pending="0" annotated-result="FAILURE" result="FAILURE" duration="32397" timestamp="2017-07-16T20:35:26.850+05:30" session-id="fe4c386511a1f365d973063f54a20fa6">
  <user-story id="Not Signed In" name="Not Signed In" path="stories/consult_dictionary/Not Signed In.story"/>
  <tags>
    <tag name="Consult dictionary" type="feature"/>
    <tag name="Consult dictionary/Not signed in" type="story"/>
    <tag name="Not Signed In" type="story"/>
  </tags>
  <test-group name="Given User on home page" result="SUCCESS">
    <screenshots>
      <screenshot image="2020270df667b06b3649babbeebd4917.png"/>
    </screenshots>
    <test-step result="SUCCESS" duration="21158">
      <screenshots>
        <screenshot image="2020270df667b06b3649babbeebd4917.png"/>
      </screenshots>
      <description>Is the home page</description>
    </test-step>
  </test-group>
  <test-group name="When User Not signed In" result="SUCCESS">
    <screenshots>
      <screenshot image="2020270df667b06b3649babbeebd4917.png"/>
    </screenshots>
    <test-step result="SUCCESS" duration="800">
      <screenshots>
        <screenshot image="2020270df667b06b3649babbeebd4917.png"/>
      </screenshots>
      <description>Is not signin</description>
    </test-step>
  </test-group>
  <test-group name="Then User see the text &apos;Sign In&apos; must be displayed" result="SUCCESS">
    <screenshots>
      <screenshot image="2020270df667b06b3649babbeebd4917.png"/>
    </screenshots>
    <test-step result="SUCCESS" duration="758">
      <screenshots>
        <screenshot image="2020270df667b06b3649babbeebd4917.png"/>
      </screenshots>
      <description>Expected text: Sign In</description>
    </test-step>
  </test-group>
  <test-group name="When User Hover over &apos;Sign In&apos;" result="SUCCESS">
    <screenshots>
      <screenshot image="63daef7265e2ca0d9dd878f89ac42da9.png"/>
    </screenshots>
    <test-step result="SUCCESS" duration="2664">
      <screenshots>
        <screenshot image="84c06cea8b819fbe75533fa81e30a1d3.png"/>
      </screenshots>
      <description>Hover on signin: Sign In</description>
    </test-step>
  </test-group>
  <test-group name="Then User see the panel must slide down showing two account options &apos;Oracle Account&apos; and &apos;Cloud Account&apos;" result="SUCCESS">
    <screenshots>
      <screenshot image="63daef7265e2ca0d9dd878f89ac42da9.png"/>
    </screenshots>
    <test-step result="SUCCESS" duration="774">
      <screenshots>
        <screenshot image="63daef7265e2ca0d9dd878f89ac42da9.png"/>
      </screenshots>
      <description>Expected option display: Oracle Account, Cloud Account</description>
    </test-step>
  </test-group>
  <test-group name="Then User verify Oracle Account must have options:&#xa;［|option           |&#xa;|Sign in          |&#xa;|Create an account|&#xa;|Help             |］" result="FAILURE">
    <screenshots>
      <screenshot image="63daef7265e2ca0d9dd878f89ac42da9.png"/>
    </screenshots>
    <test-step result="SUCCESS" duration="738">
      <screenshots>
        <screenshot image="63daef7265e2ca0d9dd878f89ac42da9.png"/>
      </screenshots>
      <description>Expected oracle account option: Sign in</description>
    </test-step>
    <test-step result="SUCCESS" duration="804">
      <screenshots>
        <screenshot image="63daef7265e2ca0d9dd878f89ac42da9.png"/>
      </screenshots>
      <description>Expected oracle account option: Create an account</description>
    </test-step>
    <test-step result="FAILURE" duration="944">
      <screenshots>
        <screenshot image="63daef7265e2ca0d9dd878f89ac42da9.png" source="pagesource3878701271429005751.html.txt"/>
      </screenshots>
      <description>Expected oracle account option: Help</description>
      <error>java.lang.AssertionError</error>
      <exception>java.lang.AssertionError:null&#xd;
[com.bdd.sample.pages.NotSignedInPage.oracle_account_option(NotSignedInPage.java:96), com.bdd.sample.steps.serenity.NotSignedInStep.Expected_oracle_account_option(NotSignedInStep.java:42), com.bdd.sample.steps2.NotSignedInDefinition.UserverifyOracleAccountmusthaveoptions(NotSignedInDefinition.java:53)]</exception>
    </test-step>
  </test-group>
  <test-step result="SKIPPED" duration="1">
    <description>Then User verify Cloud Account must have only option:
［|option |
|Sign in|］</description>
  </test-step>
  <test-step result="SKIPPED" duration="1">
    <description>Then User Click on Oracle Account each links:
［|Option |Link             |appropriate page         |
|Sign In|Sign in          |Single Sign On - Login   |
|Sign In|Create an account|Create Account           |
|Sign In|Help             |About Your Oracle Account|］</description>
  </test-step>
  <test-step result="SKIPPED" duration="0">
    <description>Then User Click on Cloud Account each links:
［|Option  |Link             |appropriate page        |
|Sign In |Sign in          |Oracle Cloud            |］</description>
  </test-step>
</acceptance-test-run>