<!DOCTYPE html>
<html xmlns="http://www.w3.org/1999/html">
<head>
    <meta charset="UTF-8"/>
    <title>Stories</title>
    <link rel="shortcut icon" href="favicon.ico">

<link rel="stylesheet" href="font-awesome/css/font-awesome.min.css">
<!--[if IE 7]>
<link rel="stylesheet" href="font-awesome/css/font-awesome-ie7.min.css">
<![endif]--><!-- JQuery -->
<script type="text/javascript" src="scripts/jquery-1.11.1.min.js"></script><!-- Bootstrap -->
<link href="bootstrap/css/bootstrap.min.css" rel="stylesheet">
<script src="bootstrap/js/bootstrap.min.js"></script><link rel="stylesheet" href="css/core.css"/>
<link rel="stylesheet" href="css/link.css"/>
<link type="text/css" media="screen" href="css/screen.css" rel="Stylesheet"/><!-- JQuery-UI -->
<link type="text/css" href="jqueryui/1.11.2-start/jquery-ui.min.css" rel="Stylesheet" />
<script type="text/javascript" src="jqueryui/1.11.2-start/jquery-ui.min.js"></script><!-- DataTables -->
<link type="text/css" href="datatables/1.10.4/media/jqueryui/dataTables.jqueryui.css" rel="Stylesheet"/>
<link type="text/css" href="css/tables.css" rel="stylesheet" />

<script type="text/javascript" src="datatables/1.10.4/media/js/jquery.dataTables.min.js"></script>
<script type="text/javascript" src="datatables/1.10.4/media/jqueryui/dataTables.jqueryui.min.js"></script><!-- jQplot -->
<!--[if IE]>
<script language="javascript" type="text/javascript" src="excanvas/3/excanvas.compiled.js"></script>
<![endif]--><link rel="stylesheet" type="text/css" href="jqplot/1.0.8/jquery.jqplot.min.css"/>
<script type="text/javascript" src="jqplot/1.0.8/jquery.jqplot.min.js"></script>
<script type="text/javascript" src="jqplot/1.0.8/plugins/jqplot.pieRenderer.min.js"></script>


    <script class="code" type="text/javascript">$(document).ready(function () {

        // Results table
        $('#req-results-table').DataTable({
            "order": [
                [ 2, "asc" ]
            ],
            "pageLength": 25
        });
        $('#test-results-table').DataTable({
            "order": [
                [ 2, "asc" ]
            ],
            "pageLength": 25
        });
        $('#examples-table').DataTable({
            "order": [
                [ 2, "asc" ]
            ],
            "pageLength": 25
        });
        $("#tabs").tabs();
        $("#test-tabs").tabs();
    })
    ;
    </script>

    <script type="text/javascript">
        $(document).ready(function () {
            $(".read-more-link").click(function () {
                $(this).nextAll("div.read-more-text").toggle();
                var isrc = $(this).find("img").attr('src');
                if (isrc == 'images/plus.png') {
                    $(this).find("img").attr("src", function () {
                        return "images/minus.png";
                    });
                } else {
                    $(this).find("img").attr("src", function () {
                        return "images/plus.png";
                    });
                }
            });
        });
    </script>
</head>

<body class="results-page">
<div id="topheader">
    <div id="topbanner">
        <div id="logo"><a href="index.html"><img src="images/serenity-bdd-logo.png" border="0"/></a></div>
        <div id="projectname-banner" style="float:right">
            <span class="projectname">Global Nav</span>
        </div>
    </div>
</div>


<div class="middlecontent">
<div id="contenttop">
    <div class="middlebg">
        <span class="breadcrumbs"><a href="index.html">Home</a>
            > Stories
        </span>
    </div>
    <div class="rightbg"></div>
</div>

<div class="clr"></div>

<!--/* starts second table*/-->
<div>
    <ul class="nav nav-tabs" role="tablist">
        <li >
            <a href="index.html"><i class="fa fa-check-square-o"></i> Overall Test Results</a>
        </li>
        <li >
            <a href="capabilities.html"><i class="fa fa-book"></i> Requirements</a>
        </li>
        <li >
            <a href="576946480b52ad056d6f5bddf874399c83582ecf90963cc074a14c70580e7d9f.html"><i class="fa fa-comments-o"></i> Features</a>
        </li>
        <li class="active">
            <a href="#"><i class="fa fa-comments-o"></i> Stories</a>
        </li>
    </ul>
    <span class="date-and-time"><a href="build-info.html"><i class="fa fa-info-circle"></i></a> Report generated 16-07-2017 20:39</span>
    <br style="clear:left"/>
</div>

<div class="clr"></div>

<div id="beforetable"></div>
<div id="results-dashboard">
<div class="middlb">
<div class="table">

    <div id="tabs">
            <ul>
                    <li><a href="#tabs-1">
                    Stories (7)
                    </a></li>
            </ul>
            <div id="tabs-1" class="capabilities-table">
<div id="req_list_tests" class="table">
    <div class="test-results">
        <table id="req-results-table">
            <thead>
            <tr>
                <th width="30" class="test-results-heading">&nbsp;</th>
                <th width="65" class="test-results-heading">ID</th>
                <th width="525" class="test-results-heading">Story</th>
                <th class="test-results-heading" width="75px">Auto.<br/>Tests</th>
                <th class="test-results-heading" width="25px"><i class="fa fa-check-square-o"
                                                                 title="Tests passed (automated)"></i>
                </th>
                <th class="test-results-heading" width="25px"><i class="fa fa-square-o"
                                                                 title="Tests skipped or pending (automated)">
                </th>
                <th class="test-results-heading" width="25px"><i class="fa fa-times-circle"
                                                                 title="Tests failed (automated)"></th>
                <th class="test-results-heading" width="25px"><i
                        class="fa fa-exclamation-triangle"
                        title="Tests failed with an error (automated)"></th>
                <th class="test-results-heading" width="25px">
                    <i class="fa fa-chain-broken fa-lg" title="Tests compromised"></i>
                </th>
                    <th class="test-results-heading" width="75px">Manual<br/>Tests</th>
                    <th class="test-results-heading" width="25px"><i class="fa fa-check-square-o"
                                                                     title="Tests passed (manual)"></i>
                    </th>
                    <th class="test-results-heading" width="25px"><i class="fa fa-square-o"
                                                                     title="Tests skipped or pending (manual)">
                    </th>
                    <th class="test-results-heading" width="25px"><i class="fa fa-times-circle"
                                                                     title="Tests failed (manual)"></th>
                    <th class="test-results-heading" width="25px"><i
                            class="fa fa-exclamation-triangle"
                            title="Tests failed with an error (manual)"></th>


                <th width="125px" class="test-results-heading">Coverage</th>
            </tr>
            <tbody>


                <tr class="test-FAILURE requirementRow">
                    <td class="requirementRowCell">
                        <span class="status_icon"><i class='fa fa-times-circle failure-icon ' title='FAILURE'></i></span>
                        <span style="display:none">3</span>
                    </td>
                    <td class="cardNumber requirementRowCell"></td>

                    <td class="FAILURE-text requirementRowCell">
                    <a href="javaScript:void(0)" class="read-more-link">
                    <img src="images/plus.png" height="16"/></a>
                        <span class="requirementName"><a
                                href="b64827174e261ab2915d19ae549ec8f55e62430cc714c30832f39d6e18c31be3.html">Not signed in</a></span>

                        <div class="requirementNarrative read-more-text">In order to check Functionality<br>As an Tester<br>I want to verify Global Nav application<br>eta:@skip</div>
                    </td>



                    <td class="greentext highlighted-value requirementRowCell">1</td>
                    <td class="greentext requirementRowCell">0</td>
                    <td class="bluetext requirementRowCell">0</td>
                    <td class="redtext requirementRowCell">1</td>
                    <td class="lightorangetext requirementRowCell">0</td>
                    <td class="violettext requirementRowCell">0</td>
                        <td class="greentext highlighted-value requirementRowCell">0</td>
                        <td class="greentext requirementRowCell">0</td>
                        <td class="bluetext requirementRowCell">0</td>
                        <td class="redtext requirementRowCell">0</td>
                        <td class="lightorangetext requirementRowCell">0</td>

                    <td width="125px" class="lightgreentext requirementRowCell">

                        <table>
                            <tr>
                                <td width="40px">
                                    <div class="small">0%</div>
                                </td>
                                <td width="125px">
                                    <div class="percentagebar"
                                         title="Not signed in
Tests implemented: 1
  - Passing tests: 0 (0% of specified requirements)
  - Failing tests: 1 (100% of specified requirements)
  - Tests with errors: 0 (0% of specified requirements)
  - Compromised tests 0 (0% of specified requirements)

Tests not implemented or not executed: 0
  - Pending tests: 0 (0% of specified requirements)
  - Ignored or skipped tests: 0 (0% of specified requirements)

Requirements specified:     1
Requirements with no tests: 0


Estimated unimplemented tests: 0
Estimated unimplemented or pending requirements: 0%
Estimated ignored or skipped requirements: 0%"
                                         style="width: 125px;">
                                        <div class="ignoredbar"
                                             style="width: 125px;"
                                             title="Not signed in
Tests implemented: 1
  - Passing tests: 0 (0% of specified requirements)
  - Failing tests: 1 (100% of specified requirements)
  - Tests with errors: 0 (0% of specified requirements)
  - Compromised tests 0 (0% of specified requirements)

Tests not implemented or not executed: 0
  - Pending tests: 0 (0% of specified requirements)
  - Ignored or skipped tests: 0 (0% of specified requirements)

Requirements specified:     1
Requirements with no tests: 0


Estimated unimplemented tests: 0
Estimated unimplemented or pending requirements: 0%
Estimated ignored or skipped requirements: 0%">
                                            <div class="compromisedbar"
                                                 style="width: 125px;"
                                                 title="Not signed in
Tests implemented: 1
  - Passing tests: 0 (0% of specified requirements)
  - Failing tests: 1 (100% of specified requirements)
  - Tests with errors: 0 (0% of specified requirements)
  - Compromised tests 0 (0% of specified requirements)

Tests not implemented or not executed: 0
  - Pending tests: 0 (0% of specified requirements)
  - Ignored or skipped tests: 0 (0% of specified requirements)

Requirements specified:     1
Requirements with no tests: 0


Estimated unimplemented tests: 0
Estimated unimplemented or pending requirements: 0%
Estimated ignored or skipped requirements: 0%">
                                                <div class="errorbar"
                                                     style="width: 125px;"
                                                     title="Not signed in
Tests implemented: 1
  - Passing tests: 0 (0% of specified requirements)
  - Failing tests: 1 (100% of specified requirements)
  - Tests with errors: 0 (0% of specified requirements)
  - Compromised tests 0 (0% of specified requirements)

Tests not implemented or not executed: 0
  - Pending tests: 0 (0% of specified requirements)
  - Ignored or skipped tests: 0 (0% of specified requirements)

Requirements specified:     1
Requirements with no tests: 0


Estimated unimplemented tests: 0
Estimated unimplemented or pending requirements: 0%
Estimated ignored or skipped requirements: 0%">
                                                    <div class="failingbar"
                                                         style="width: 125px;"
                                                         title="Not signed in
Tests implemented: 1
  - Passing tests: 0 (0% of specified requirements)
  - Failing tests: 1 (100% of specified requirements)
  - Tests with errors: 0 (0% of specified requirements)
  - Compromised tests 0 (0% of specified requirements)

Tests not implemented or not executed: 0
  - Pending tests: 0 (0% of specified requirements)
  - Ignored or skipped tests: 0 (0% of specified requirements)

Requirements specified:     1
Requirements with no tests: 0


Estimated unimplemented tests: 0
Estimated unimplemented or pending requirements: 0%
Estimated ignored or skipped requirements: 0%">
                                                        <div class="passingbar"
                                                             style="width: 0px;"
                                                             title="Not signed in
Tests implemented: 1
  - Passing tests: 0 (0% of specified requirements)
  - Failing tests: 1 (100% of specified requirements)
  - Tests with errors: 0 (0% of specified requirements)
  - Compromised tests 0 (0% of specified requirements)

Tests not implemented or not executed: 0
  - Pending tests: 0 (0% of specified requirements)
  - Ignored or skipped tests: 0 (0% of specified requirements)

Requirements specified:     1
Requirements with no tests: 0


Estimated unimplemented tests: 0
Estimated unimplemented or pending requirements: 0%
Estimated ignored or skipped requirements: 0%">
                                                        </div>
                                                    </div>
                                                </div>
                                            </div>
                                        </div>
                                    </div>
                                </td>
                            </tr>
                        </table>
                    </td>

                </tr>

                <tr class="test-SUCCESS requirementRow">
                    <td class="requirementRowCell">
                        <span class="status_icon"><i class='fa fa-check-square-o success-icon ' title='SUCCESS'></i></span>
                        <span style="display:none">1</span>
                    </td>
                    <td class="cardNumber requirementRowCell"></td>

                    <td class="SUCCESS-text requirementRowCell">
                    <a href="javaScript:void(0)" class="read-more-link">
                    <img src="images/plus.png" height="16"/></a>
                        <span class="requirementName"><a
                                href="bb9b6f16e70970afd01ac95ebfa83a401492c9ae290f609d161a7a54fad1495b.html">Menu</a></span>

                        <div class="requirementNarrative read-more-text">In order to check Functionality<br>As an Tester<br>I want to verify Global Nav application<br>eta:@skip</div>
                    </td>



                    <td class="greentext highlighted-value requirementRowCell">1</td>
                    <td class="greentext requirementRowCell">1</td>
                    <td class="bluetext requirementRowCell">0</td>
                    <td class="redtext requirementRowCell">0</td>
                    <td class="lightorangetext requirementRowCell">0</td>
                    <td class="violettext requirementRowCell">0</td>
                        <td class="greentext highlighted-value requirementRowCell">0</td>
                        <td class="greentext requirementRowCell">0</td>
                        <td class="bluetext requirementRowCell">0</td>
                        <td class="redtext requirementRowCell">0</td>
                        <td class="lightorangetext requirementRowCell">0</td>

                    <td width="125px" class="lightgreentext requirementRowCell">

                        <table>
                            <tr>
                                <td width="40px">
                                    <div class="small">100%</div>
                                </td>
                                <td width="125px">
                                    <div class="percentagebar"
                                         title="Menu
Tests implemented: 1
  - Passing tests: 1 (100% of specified requirements)
  - Failing tests: 0 (0% of specified requirements)
  - Tests with errors: 0 (0% of specified requirements)
  - Compromised tests 0 (0% of specified requirements)

Tests not implemented or not executed: 0
  - Pending tests: 0 (0% of specified requirements)
  - Ignored or skipped tests: 0 (0% of specified requirements)

Requirements specified:     1
Requirements with no tests: 0


Estimated unimplemented tests: 0
Estimated unimplemented or pending requirements: 0%
Estimated ignored or skipped requirements: 0%"
                                         style="width: 125px;">
                                        <div class="ignoredbar"
                                             style="width: 125px;"
                                             title="Menu
Tests implemented: 1
  - Passing tests: 1 (100% of specified requirements)
  - Failing tests: 0 (0% of specified requirements)
  - Tests with errors: 0 (0% of specified requirements)
  - Compromised tests 0 (0% of specified requirements)

Tests not implemented or not executed: 0
  - Pending tests: 0 (0% of specified requirements)
  - Ignored or skipped tests: 0 (0% of specified requirements)

Requirements specified:     1
Requirements with no tests: 0


Estimated unimplemented tests: 0
Estimated unimplemented or pending requirements: 0%
Estimated ignored or skipped requirements: 0%">
                                            <div class="compromisedbar"
                                                 style="width: 125px;"
                                                 title="Menu
Tests implemented: 1
  - Passing tests: 1 (100% of specified requirements)
  - Failing tests: 0 (0% of specified requirements)
  - Tests with errors: 0 (0% of specified requirements)
  - Compromised tests 0 (0% of specified requirements)

Tests not implemented or not executed: 0
  - Pending tests: 0 (0% of specified requirements)
  - Ignored or skipped tests: 0 (0% of specified requirements)

Requirements specified:     1
Requirements with no tests: 0


Estimated unimplemented tests: 0
Estimated unimplemented or pending requirements: 0%
Estimated ignored or skipped requirements: 0%">
                                                <div class="errorbar"
                                                     style="width: 125px;"
                                                     title="Menu
Tests implemented: 1
  - Passing tests: 1 (100% of specified requirements)
  - Failing tests: 0 (0% of specified requirements)
  - Tests with errors: 0 (0% of specified requirements)
  - Compromised tests 0 (0% of specified requirements)

Tests not implemented or not executed: 0
  - Pending tests: 0 (0% of specified requirements)
  - Ignored or skipped tests: 0 (0% of specified requirements)

Requirements specified:     1
Requirements with no tests: 0


Estimated unimplemented tests: 0
Estimated unimplemented or pending requirements: 0%
Estimated ignored or skipped requirements: 0%">
                                                    <div class="failingbar"
                                                         style="width: 125px;"
                                                         title="Menu
Tests implemented: 1
  - Passing tests: 1 (100% of specified requirements)
  - Failing tests: 0 (0% of specified requirements)
  - Tests with errors: 0 (0% of specified requirements)
  - Compromised tests 0 (0% of specified requirements)

Tests not implemented or not executed: 0
  - Pending tests: 0 (0% of specified requirements)
  - Ignored or skipped tests: 0 (0% of specified requirements)

Requirements specified:     1
Requirements with no tests: 0


Estimated unimplemented tests: 0
Estimated unimplemented or pending requirements: 0%
Estimated ignored or skipped requirements: 0%">
                                                        <div class="passingbar"
                                                             style="width: 125px;"
                                                             title="Menu
Tests implemented: 1
  - Passing tests: 1 (100% of specified requirements)
  - Failing tests: 0 (0% of specified requirements)
  - Tests with errors: 0 (0% of specified requirements)
  - Compromised tests 0 (0% of specified requirements)

Tests not implemented or not executed: 0
  - Pending tests: 0 (0% of specified requirements)
  - Ignored or skipped tests: 0 (0% of specified requirements)

Requirements specified:     1
Requirements with no tests: 0


Estimated unimplemented tests: 0
Estimated unimplemented or pending requirements: 0%
Estimated ignored or skipped requirements: 0%">
                                                        </div>
                                                    </div>
                                                </div>
                                            </div>
                                        </div>
                                    </div>
                                </td>
                            </tr>
                        </table>
                    </td>

                </tr>

                <tr class="test-SUCCESS requirementRow">
                    <td class="requirementRowCell">
                        <span class="status_icon"><i class='fa fa-check-square-o success-icon ' title='SUCCESS'></i></span>
                        <span style="display:none">1</span>
                    </td>
                    <td class="cardNumber requirementRowCell"></td>

                    <td class="SUCCESS-text requirementRowCell">
                    <a href="javaScript:void(0)" class="read-more-link">
                    <img src="images/plus.png" height="16"/></a>
                        <span class="requirementName"><a
                                href="b27859d7c86d198c69ddb8fb8feb0f9841c2ee50d720f3a7592ca8003bdb0f86.html">Country list</a></span>

                        <div class="requirementNarrative read-more-text">In order to check Functionality<br>As an Tester<br>I want to verify Global Nav application<br>eta:@skip</div>
                    </td>



                    <td class="greentext highlighted-value requirementRowCell">1</td>
                    <td class="greentext requirementRowCell">1</td>
                    <td class="bluetext requirementRowCell">0</td>
                    <td class="redtext requirementRowCell">0</td>
                    <td class="lightorangetext requirementRowCell">0</td>
                    <td class="violettext requirementRowCell">0</td>
                        <td class="greentext highlighted-value requirementRowCell">0</td>
                        <td class="greentext requirementRowCell">0</td>
                        <td class="bluetext requirementRowCell">0</td>
                        <td class="redtext requirementRowCell">0</td>
                        <td class="lightorangetext requirementRowCell">0</td>

                    <td width="125px" class="lightgreentext requirementRowCell">

                        <table>
                            <tr>
                                <td width="40px">
                                    <div class="small">100%</div>
                                </td>
                                <td width="125px">
                                    <div class="percentagebar"
                                         title="Country list
Tests implemented: 1
  - Passing tests: 1 (100% of specified requirements)
  - Failing tests: 0 (0% of specified requirements)
  - Tests with errors: 0 (0% of specified requirements)
  - Compromised tests 0 (0% of specified requirements)

Tests not implemented or not executed: 0
  - Pending tests: 0 (0% of specified requirements)
  - Ignored or skipped tests: 0 (0% of specified requirements)

Requirements specified:     1
Requirements with no tests: 0


Estimated unimplemented tests: 0
Estimated unimplemented or pending requirements: 0%
Estimated ignored or skipped requirements: 0%"
                                         style="width: 125px;">
                                        <div class="ignoredbar"
                                             style="width: 125px;"
                                             title="Country list
Tests implemented: 1
  - Passing tests: 1 (100% of specified requirements)
  - Failing tests: 0 (0% of specified requirements)
  - Tests with errors: 0 (0% of specified requirements)
  - Compromised tests 0 (0% of specified requirements)

Tests not implemented or not executed: 0
  - Pending tests: 0 (0% of specified requirements)
  - Ignored or skipped tests: 0 (0% of specified requirements)

Requirements specified:     1
Requirements with no tests: 0


Estimated unimplemented tests: 0
Estimated unimplemented or pending requirements: 0%
Estimated ignored or skipped requirements: 0%">
                                            <div class="compromisedbar"
                                                 style="width: 125px;"
                                                 title="Country list
Tests implemented: 1
  - Passing tests: 1 (100% of specified requirements)
  - Failing tests: 0 (0% of specified requirements)
  - Tests with errors: 0 (0% of specified requirements)
  - Compromised tests 0 (0% of specified requirements)

Tests not implemented or not executed: 0
  - Pending tests: 0 (0% of specified requirements)
  - Ignored or skipped tests: 0 (0% of specified requirements)

Requirements specified:     1
Requirements with no tests: 0


Estimated unimplemented tests: 0
Estimated unimplemented or pending requirements: 0%
Estimated ignored or skipped requirements: 0%">
                                                <div class="errorbar"
                                                     style="width: 125px;"
                                                     title="Country list
Tests implemented: 1
  - Passing tests: 1 (100% of specified requirements)
  - Failing tests: 0 (0% of specified requirements)
  - Tests with errors: 0 (0% of specified requirements)
  - Compromised tests 0 (0% of specified requirements)

Tests not implemented or not executed: 0
  - Pending tests: 0 (0% of specified requirements)
  - Ignored or skipped tests: 0 (0% of specified requirements)

Requirements specified:     1
Requirements with no tests: 0


Estimated unimplemented tests: 0
Estimated unimplemented or pending requirements: 0%
Estimated ignored or skipped requirements: 0%">
                                                    <div class="failingbar"
                                                         style="width: 125px;"
                                                         title="Country list
Tests implemented: 1
  - Passing tests: 1 (100% of specified requirements)
  - Failing tests: 0 (0% of specified requirements)
  - Tests with errors: 0 (0% of specified requirements)
  - Compromised tests 0 (0% of specified requirements)

Tests not implemented or not executed: 0
  - Pending tests: 0 (0% of specified requirements)
  - Ignored or skipped tests: 0 (0% of specified requirements)

Requirements specified:     1
Requirements with no tests: 0


Estimated unimplemented tests: 0
Estimated unimplemented or pending requirements: 0%
Estimated ignored or skipped requirements: 0%">
                                                        <div class="passingbar"
                                                             style="width: 125px;"
                                                             title="Country list
Tests implemented: 1
  - Passing tests: 1 (100% of specified requirements)
  - Failing tests: 0 (0% of specified requirements)
  - Tests with errors: 0 (0% of specified requirements)
  - Compromised tests 0 (0% of specified requirements)

Tests not implemented or not executed: 0
  - Pending tests: 0 (0% of specified requirements)
  - Ignored or skipped tests: 0 (0% of specified requirements)

Requirements specified:     1
Requirements with no tests: 0


Estimated unimplemented tests: 0
Estimated unimplemented or pending requirements: 0%
Estimated ignored or skipped requirements: 0%">
                                                        </div>
                                                    </div>
                                                </div>
                                            </div>
                                        </div>
                                    </div>
                                </td>
                            </tr>
                        </table>
                    </td>

                </tr>

                <tr class="test-SUCCESS requirementRow">
                    <td class="requirementRowCell">
                        <span class="status_icon"><i class='fa fa-check-square-o success-icon ' title='SUCCESS'></i></span>
                        <span style="display:none">1</span>
                    </td>
                    <td class="cardNumber requirementRowCell"></td>

                    <td class="SUCCESS-text requirementRowCell">
                    <a href="javaScript:void(0)" class="read-more-link">
                    <img src="images/plus.png" height="16"/></a>
                        <span class="requirementName"><a
                                href="027231a7c90a8359415811378e46452b47405277f010aae46c6d477f123e8786.html">Accelerator</a></span>

                        <div class="requirementNarrative read-more-text">In order to check Functionality<br>As an Tester<br>I want to verify Global Nav application<br>eta:@skip</div>
                    </td>



                    <td class="greentext highlighted-value requirementRowCell">1</td>
                    <td class="greentext requirementRowCell">1</td>
                    <td class="bluetext requirementRowCell">0</td>
                    <td class="redtext requirementRowCell">0</td>
                    <td class="lightorangetext requirementRowCell">0</td>
                    <td class="violettext requirementRowCell">0</td>
                        <td class="greentext highlighted-value requirementRowCell">0</td>
                        <td class="greentext requirementRowCell">0</td>
                        <td class="bluetext requirementRowCell">0</td>
                        <td class="redtext requirementRowCell">0</td>
                        <td class="lightorangetext requirementRowCell">0</td>

                    <td width="125px" class="lightgreentext requirementRowCell">

                        <table>
                            <tr>
                                <td width="40px">
                                    <div class="small">100%</div>
                                </td>
                                <td width="125px">
                                    <div class="percentagebar"
                                         title="Accelerator
Tests implemented: 1
  - Passing tests: 1 (100% of specified requirements)
  - Failing tests: 0 (0% of specified requirements)
  - Tests with errors: 0 (0% of specified requirements)
  - Compromised tests 0 (0% of specified requirements)

Tests not implemented or not executed: 0
  - Pending tests: 0 (0% of specified requirements)
  - Ignored or skipped tests: 0 (0% of specified requirements)

Requirements specified:     1
Requirements with no tests: 0


Estimated unimplemented tests: 0
Estimated unimplemented or pending requirements: 0%
Estimated ignored or skipped requirements: 0%"
                                         style="width: 125px;">
                                        <div class="ignoredbar"
                                             style="width: 125px;"
                                             title="Accelerator
Tests implemented: 1
  - Passing tests: 1 (100% of specified requirements)
  - Failing tests: 0 (0% of specified requirements)
  - Tests with errors: 0 (0% of specified requirements)
  - Compromised tests 0 (0% of specified requirements)

Tests not implemented or not executed: 0
  - Pending tests: 0 (0% of specified requirements)
  - Ignored or skipped tests: 0 (0% of specified requirements)

Requirements specified:     1
Requirements with no tests: 0


Estimated unimplemented tests: 0
Estimated unimplemented or pending requirements: 0%
Estimated ignored or skipped requirements: 0%">
                                            <div class="compromisedbar"
                                                 style="width: 125px;"
                                                 title="Accelerator
Tests implemented: 1
  - Passing tests: 1 (100% of specified requirements)
  - Failing tests: 0 (0% of specified requirements)
  - Tests with errors: 0 (0% of specified requirements)
  - Compromised tests 0 (0% of specified requirements)

Tests not implemented or not executed: 0
  - Pending tests: 0 (0% of specified requirements)
  - Ignored or skipped tests: 0 (0% of specified requirements)

Requirements specified:     1
Requirements with no tests: 0


Estimated unimplemented tests: 0
Estimated unimplemented or pending requirements: 0%
Estimated ignored or skipped requirements: 0%">
                                                <div class="errorbar"
                                                     style="width: 125px;"
                                                     title="Accelerator
Tests implemented: 1
  - Passing tests: 1 (100% of specified requirements)
  - Failing tests: 0 (0% of specified requirements)
  - Tests with errors: 0 (0% of specified requirements)
  - Compromised tests 0 (0% of specified requirements)

Tests not implemented or not executed: 0
  - Pending tests: 0 (0% of specified requirements)
  - Ignored or skipped tests: 0 (0% of specified requirements)

Requirements specified:     1
Requirements with no tests: 0


Estimated unimplemented tests: 0
Estimated unimplemented or pending requirements: 0%
Estimated ignored or skipped requirements: 0%">
                                                    <div class="failingbar"
                                                         style="width: 125px;"
                                                         title="Accelerator
Tests implemented: 1
  - Passing tests: 1 (100% of specified requirements)
  - Failing tests: 0 (0% of specified requirements)
  - Tests with errors: 0 (0% of specified requirements)
  - Compromised tests 0 (0% of specified requirements)

Tests not implemented or not executed: 0
  - Pending tests: 0 (0% of specified requirements)
  - Ignored or skipped tests: 0 (0% of specified requirements)

Requirements specified:     1
Requirements with no tests: 0


Estimated unimplemented tests: 0
Estimated unimplemented or pending requirements: 0%
Estimated ignored or skipped requirements: 0%">
                                                        <div class="passingbar"
                                                             style="width: 125px;"
                                                             title="Accelerator
Tests implemented: 1
  - Passing tests: 1 (100% of specified requirements)
  - Failing tests: 0 (0% of specified requirements)
  - Tests with errors: 0 (0% of specified requirements)
  - Compromised tests 0 (0% of specified requirements)

Tests not implemented or not executed: 0
  - Pending tests: 0 (0% of specified requirements)
  - Ignored or skipped tests: 0 (0% of specified requirements)

Requirements specified:     1
Requirements with no tests: 0


Estimated unimplemented tests: 0
Estimated unimplemented or pending requirements: 0%
Estimated ignored or skipped requirements: 0%">
                                                        </div>
                                                    </div>
                                                </div>
                                            </div>
                                        </div>
                                    </div>
                                </td>
                            </tr>
                        </table>
                    </td>

                </tr>

                <tr class="test-SUCCESS requirementRow">
                    <td class="requirementRowCell">
                        <span class="status_icon"><i class='fa fa-check-square-o success-icon ' title='SUCCESS'></i></span>
                        <span style="display:none">1</span>
                    </td>
                    <td class="cardNumber requirementRowCell"></td>

                    <td class="SUCCESS-text requirementRowCell">
                    <a href="javaScript:void(0)" class="read-more-link">
                    <img src="images/plus.png" height="16"/></a>
                        <span class="requirementName"><a
                                href="328ae57056b301a02d4548f78668556277739bec7ffd9a8c9ff760c2334a9e3f.html">Search box</a></span>

                        <div class="requirementNarrative read-more-text">In order to check Functionality<br>As an Tester<br>I want to verify Global Nav application<br>eta:@skip</div>
                    </td>



                    <td class="greentext highlighted-value requirementRowCell">1</td>
                    <td class="greentext requirementRowCell">1</td>
                    <td class="bluetext requirementRowCell">0</td>
                    <td class="redtext requirementRowCell">0</td>
                    <td class="lightorangetext requirementRowCell">0</td>
                    <td class="violettext requirementRowCell">0</td>
                        <td class="greentext highlighted-value requirementRowCell">0</td>
                        <td class="greentext requirementRowCell">0</td>
                        <td class="bluetext requirementRowCell">0</td>
                        <td class="redtext requirementRowCell">0</td>
                        <td class="lightorangetext requirementRowCell">0</td>

                    <td width="125px" class="lightgreentext requirementRowCell">

                        <table>
                            <tr>
                                <td width="40px">
                                    <div class="small">100%</div>
                                </td>
                                <td width="125px">
                                    <div class="percentagebar"
                                         title="Search box
Tests implemented: 1
  - Passing tests: 1 (100% of specified requirements)
  - Failing tests: 0 (0% of specified requirements)
  - Tests with errors: 0 (0% of specified requirements)
  - Compromised tests 0 (0% of specified requirements)

Tests not implemented or not executed: 0
  - Pending tests: 0 (0% of specified requirements)
  - Ignored or skipped tests: 0 (0% of specified requirements)

Requirements specified:     1
Requirements with no tests: 0


Estimated unimplemented tests: 0
Estimated unimplemented or pending requirements: 0%
Estimated ignored or skipped requirements: 0%"
                                         style="width: 125px;">
                                        <div class="ignoredbar"
                                             style="width: 125px;"
                                             title="Search box
Tests implemented: 1
  - Passing tests: 1 (100% of specified requirements)
  - Failing tests: 0 (0% of specified requirements)
  - Tests with errors: 0 (0% of specified requirements)
  - Compromised tests 0 (0% of specified requirements)

Tests not implemented or not executed: 0
  - Pending tests: 0 (0% of specified requirements)
  - Ignored or skipped tests: 0 (0% of specified requirements)

Requirements specified:     1
Requirements with no tests: 0


Estimated unimplemented tests: 0
Estimated unimplemented or pending requirements: 0%
Estimated ignored or skipped requirements: 0%">
                                            <div class="compromisedbar"
                                                 style="width: 125px;"
                                                 title="Search box
Tests implemented: 1
  - Passing tests: 1 (100% of specified requirements)
  - Failing tests: 0 (0% of specified requirements)
  - Tests with errors: 0 (0% of specified requirements)
  - Compromised tests 0 (0% of specified requirements)

Tests not implemented or not executed: 0
  - Pending tests: 0 (0% of specified requirements)
  - Ignored or skipped tests: 0 (0% of specified requirements)

Requirements specified:     1
Requirements with no tests: 0


Estimated unimplemented tests: 0
Estimated unimplemented or pending requirements: 0%
Estimated ignored or skipped requirements: 0%">
                                                <div class="errorbar"
                                                     style="width: 125px;"
                                                     title="Search box
Tests implemented: 1
  - Passing tests: 1 (100% of specified requirements)
  - Failing tests: 0 (0% of specified requirements)
  - Tests with errors: 0 (0% of specified requirements)
  - Compromised tests 0 (0% of specified requirements)

Tests not implemented or not executed: 0
  - Pending tests: 0 (0% of specified requirements)
  - Ignored or skipped tests: 0 (0% of specified requirements)

Requirements specified:     1
Requirements with no tests: 0


Estimated unimplemented tests: 0
Estimated unimplemented or pending requirements: 0%
Estimated ignored or skipped requirements: 0%">
                                                    <div class="failingbar"
                                                         style="width: 125px;"
                                                         title="Search box
Tests implemented: 1
  - Passing tests: 1 (100% of specified requirements)
  - Failing tests: 0 (0% of specified requirements)
  - Tests with errors: 0 (0% of specified requirements)
  - Compromised tests 0 (0% of specified requirements)

Tests not implemented or not executed: 0
  - Pending tests: 0 (0% of specified requirements)
  - Ignored or skipped tests: 0 (0% of specified requirements)

Requirements specified:     1
Requirements with no tests: 0


Estimated unimplemented tests: 0
Estimated unimplemented or pending requirements: 0%
Estimated ignored or skipped requirements: 0%">
                                                        <div class="passingbar"
                                                             style="width: 125px;"
                                                             title="Search box
Tests implemented: 1
  - Passing tests: 1 (100% of specified requirements)
  - Failing tests: 0 (0% of specified requirements)
  - Tests with errors: 0 (0% of specified requirements)
  - Compromised tests 0 (0% of specified requirements)

Tests not implemented or not executed: 0
  - Pending tests: 0 (0% of specified requirements)
  - Ignored or skipped tests: 0 (0% of specified requirements)

Requirements specified:     1
Requirements with no tests: 0


Estimated unimplemented tests: 0
Estimated unimplemented or pending requirements: 0%
Estimated ignored or skipped requirements: 0%">
                                                        </div>
                                                    </div>
                                                </div>
                                            </div>
                                        </div>
                                    </div>
                                </td>
                            </tr>
                        </table>
                    </td>

                </tr>

                <tr class="test-FAILURE requirementRow">
                    <td class="requirementRowCell">
                        <span class="status_icon"><i class='fa fa-times-circle failure-icon ' title='FAILURE'></i></span>
                        <span style="display:none">3</span>
                    </td>
                    <td class="cardNumber requirementRowCell"></td>

                    <td class="FAILURE-text requirementRowCell">
                    <a href="javaScript:void(0)" class="read-more-link">
                    <img src="images/plus.png" height="16"/></a>
                        <span class="requirementName"><a
                                href="9088f513ae8a9c3684975933edc54ab307433195fb8055aea80c34b54768e40a.html">Signed in</a></span>

                        <div class="requirementNarrative read-more-text">In order to check Functionality<br>As an Tester<br>I want to verify Global Nav application<br>eta:@skip</div>
                    </td>



                    <td class="greentext highlighted-value requirementRowCell">1</td>
                    <td class="greentext requirementRowCell">0</td>
                    <td class="bluetext requirementRowCell">0</td>
                    <td class="redtext requirementRowCell">1</td>
                    <td class="lightorangetext requirementRowCell">0</td>
                    <td class="violettext requirementRowCell">0</td>
                        <td class="greentext highlighted-value requirementRowCell">0</td>
                        <td class="greentext requirementRowCell">0</td>
                        <td class="bluetext requirementRowCell">0</td>
                        <td class="redtext requirementRowCell">0</td>
                        <td class="lightorangetext requirementRowCell">0</td>

                    <td width="125px" class="lightgreentext requirementRowCell">

                        <table>
                            <tr>
                                <td width="40px">
                                    <div class="small">0%</div>
                                </td>
                                <td width="125px">
                                    <div class="percentagebar"
                                         title="Signed in
Tests implemented: 1
  - Passing tests: 0 (0% of specified requirements)
  - Failing tests: 1 (100% of specified requirements)
  - Tests with errors: 0 (0% of specified requirements)
  - Compromised tests 0 (0% of specified requirements)

Tests not implemented or not executed: 0
  - Pending tests: 0 (0% of specified requirements)
  - Ignored or skipped tests: 0 (0% of specified requirements)

Requirements specified:     1
Requirements with no tests: 0


Estimated unimplemented tests: 0
Estimated unimplemented or pending requirements: 0%
Estimated ignored or skipped requirements: 0%"
                                         style="width: 125px;">
                                        <div class="ignoredbar"
                                             style="width: 125px;"
                                             title="Signed in
Tests implemented: 1
  - Passing tests: 0 (0% of specified requirements)
  - Failing tests: 1 (100% of specified requirements)
  - Tests with errors: 0 (0% of specified requirements)
  - Compromised tests 0 (0% of specified requirements)

Tests not implemented or not executed: 0
  - Pending tests: 0 (0% of specified requirements)
  - Ignored or skipped tests: 0 (0% of specified requirements)

Requirements specified:     1
Requirements with no tests: 0


Estimated unimplemented tests: 0
Estimated unimplemented or pending requirements: 0%
Estimated ignored or skipped requirements: 0%">
                                            <div class="compromisedbar"
                                                 style="width: 125px;"
                                                 title="Signed in
Tests implemented: 1
  - Passing tests: 0 (0% of specified requirements)
  - Failing tests: 1 (100% of specified requirements)
  - Tests with errors: 0 (0% of specified requirements)
  - Compromised tests 0 (0% of specified requirements)

Tests not implemented or not executed: 0
  - Pending tests: 0 (0% of specified requirements)
  - Ignored or skipped tests: 0 (0% of specified requirements)

Requirements specified:     1
Requirements with no tests: 0


Estimated unimplemented tests: 0
Estimated unimplemented or pending requirements: 0%
Estimated ignored or skipped requirements: 0%">
                                                <div class="errorbar"
                                                     style="width: 125px;"
                                                     title="Signed in
Tests implemented: 1
  - Passing tests: 0 (0% of specified requirements)
  - Failing tests: 1 (100% of specified requirements)
  - Tests with errors: 0 (0% of specified requirements)
  - Compromised tests 0 (0% of specified requirements)

Tests not implemented or not executed: 0
  - Pending tests: 0 (0% of specified requirements)
  - Ignored or skipped tests: 0 (0% of specified requirements)

Requirements specified:     1
Requirements with no tests: 0


Estimated unimplemented tests: 0
Estimated unimplemented or pending requirements: 0%
Estimated ignored or skipped requirements: 0%">
                                                    <div class="failingbar"
                                                         style="width: 125px;"
                                                         title="Signed in
Tests implemented: 1
  - Passing tests: 0 (0% of specified requirements)
  - Failing tests: 1 (100% of specified requirements)
  - Tests with errors: 0 (0% of specified requirements)
  - Compromised tests 0 (0% of specified requirements)

Tests not implemented or not executed: 0
  - Pending tests: 0 (0% of specified requirements)
  - Ignored or skipped tests: 0 (0% of specified requirements)

Requirements specified:     1
Requirements with no tests: 0


Estimated unimplemented tests: 0
Estimated unimplemented or pending requirements: 0%
Estimated ignored or skipped requirements: 0%">
                                                        <div class="passingbar"
                                                             style="width: 0px;"
                                                             title="Signed in
Tests implemented: 1
  - Passing tests: 0 (0% of specified requirements)
  - Failing tests: 1 (100% of specified requirements)
  - Tests with errors: 0 (0% of specified requirements)
  - Compromised tests 0 (0% of specified requirements)

Tests not implemented or not executed: 0
  - Pending tests: 0 (0% of specified requirements)
  - Ignored or skipped tests: 0 (0% of specified requirements)

Requirements specified:     1
Requirements with no tests: 0


Estimated unimplemented tests: 0
Estimated unimplemented or pending requirements: 0%
Estimated ignored or skipped requirements: 0%">
                                                        </div>
                                                    </div>
                                                </div>
                                            </div>
                                        </div>
                                    </div>
                                </td>
                            </tr>
                        </table>
                    </td>

                </tr>

                <tr class="test-SUCCESS requirementRow">
                    <td class="requirementRowCell">
                        <span class="status_icon"><i class='fa fa-check-square-o success-icon ' title='SUCCESS'></i></span>
                        <span style="display:none">1</span>
                    </td>
                    <td class="cardNumber requirementRowCell"></td>

                    <td class="SUCCESS-text requirementRowCell">
                    <a href="javaScript:void(0)" class="read-more-link">
                    <img src="images/plus.png" height="16"/></a>
                        <span class="requirementName"><a
                                href="25c9c8d156418838a12f5750d1ea24eef89c5ee6e12e5bd7ee871ace347ba2c5.html">Search autosuggestion</a></span>

                        <div class="requirementNarrative read-more-text">In order to check Functionality<br>As an Tester<br>I want to verify Global Nav application<br>eta:@skip</div>
                    </td>



                    <td class="greentext highlighted-value requirementRowCell">1</td>
                    <td class="greentext requirementRowCell">1</td>
                    <td class="bluetext requirementRowCell">0</td>
                    <td class="redtext requirementRowCell">0</td>
                    <td class="lightorangetext requirementRowCell">0</td>
                    <td class="violettext requirementRowCell">0</td>
                        <td class="greentext highlighted-value requirementRowCell">0</td>
                        <td class="greentext requirementRowCell">0</td>
                        <td class="bluetext requirementRowCell">0</td>
                        <td class="redtext requirementRowCell">0</td>
                        <td class="lightorangetext requirementRowCell">0</td>

                    <td width="125px" class="lightgreentext requirementRowCell">

                        <table>
                            <tr>
                                <td width="40px">
                                    <div class="small">100%</div>
                                </td>
                                <td width="125px">
                                    <div class="percentagebar"
                                         title="Search autosuggestion
Tests implemented: 1
  - Passing tests: 1 (100% of specified requirements)
  - Failing tests: 0 (0% of specified requirements)
  - Tests with errors: 0 (0% of specified requirements)
  - Compromised tests 0 (0% of specified requirements)

Tests not implemented or not executed: 0
  - Pending tests: 0 (0% of specified requirements)
  - Ignored or skipped tests: 0 (0% of specified requirements)

Requirements specified:     1
Requirements with no tests: 0


Estimated unimplemented tests: 0
Estimated unimplemented or pending requirements: 0%
Estimated ignored or skipped requirements: 0%"
                                         style="width: 125px;">
                                        <div class="ignoredbar"
                                             style="width: 125px;"
                                             title="Search autosuggestion
Tests implemented: 1
  - Passing tests: 1 (100% of specified requirements)
  - Failing tests: 0 (0% of specified requirements)
  - Tests with errors: 0 (0% of specified requirements)
  - Compromised tests 0 (0% of specified requirements)

Tests not implemented or not executed: 0
  - Pending tests: 0 (0% of specified requirements)
  - Ignored or skipped tests: 0 (0% of specified requirements)

Requirements specified:     1
Requirements with no tests: 0


Estimated unimplemented tests: 0
Estimated unimplemented or pending requirements: 0%
Estimated ignored or skipped requirements: 0%">
                                            <div class="compromisedbar"
                                                 style="width: 125px;"
                                                 title="Search autosuggestion
Tests implemented: 1
  - Passing tests: 1 (100% of specified requirements)
  - Failing tests: 0 (0% of specified requirements)
  - Tests with errors: 0 (0% of specified requirements)
  - Compromised tests 0 (0% of specified requirements)

Tests not implemented or not executed: 0
  - Pending tests: 0 (0% of specified requirements)
  - Ignored or skipped tests: 0 (0% of specified requirements)

Requirements specified:     1
Requirements with no tests: 0


Estimated unimplemented tests: 0
Estimated unimplemented or pending requirements: 0%
Estimated ignored or skipped requirements: 0%">
                                                <div class="errorbar"
                                                     style="width: 125px;"
                                                     title="Search autosuggestion
Tests implemented: 1
  - Passing tests: 1 (100% of specified requirements)
  - Failing tests: 0 (0% of specified requirements)
  - Tests with errors: 0 (0% of specified requirements)
  - Compromised tests 0 (0% of specified requirements)

Tests not implemented or not executed: 0
  - Pending tests: 0 (0% of specified requirements)
  - Ignored or skipped tests: 0 (0% of specified requirements)

Requirements specified:     1
Requirements with no tests: 0


Estimated unimplemented tests: 0
Estimated unimplemented or pending requirements: 0%
Estimated ignored or skipped requirements: 0%">
                                                    <div class="failingbar"
                                                         style="width: 125px;"
                                                         title="Search autosuggestion
Tests implemented: 1
  - Passing tests: 1 (100% of specified requirements)
  - Failing tests: 0 (0% of specified requirements)
  - Tests with errors: 0 (0% of specified requirements)
  - Compromised tests 0 (0% of specified requirements)

Tests not implemented or not executed: 0
  - Pending tests: 0 (0% of specified requirements)
  - Ignored or skipped tests: 0 (0% of specified requirements)

Requirements specified:     1
Requirements with no tests: 0


Estimated unimplemented tests: 0
Estimated unimplemented or pending requirements: 0%
Estimated ignored or skipped requirements: 0%">
                                                        <div class="passingbar"
                                                             style="width: 125px;"
                                                             title="Search autosuggestion
Tests implemented: 1
  - Passing tests: 1 (100% of specified requirements)
  - Failing tests: 0 (0% of specified requirements)
  - Tests with errors: 0 (0% of specified requirements)
  - Compromised tests 0 (0% of specified requirements)

Tests not implemented or not executed: 0
  - Pending tests: 0 (0% of specified requirements)
  - Ignored or skipped tests: 0 (0% of specified requirements)

Requirements specified:     1
Requirements with no tests: 0


Estimated unimplemented tests: 0
Estimated unimplemented or pending requirements: 0%
Estimated ignored or skipped requirements: 0%">
                                                        </div>
                                                    </div>
                                                </div>
                                            </div>
                                        </div>
                                    </div>
                                </td>
                            </tr>
                        </table>
                    </td>

                </tr>
            </tbody>
        </table>
    </div>
</div>

            </div>
    </div>
</div>
</div>
</div>
</div>
<div id="beforefooter"></div>
<div id="bottomfooter">
<span class="version">Serenity BDD version 1.1.36</span>
</div>


</body>
</html>
