<acceptance-test-run title="Test case -Signed-In" name="Test case -Signed-In" steps="12" successful="11" failures="1" skipped="0" ignored="0" pending="0" annotated-result="FAILURE" result="FAILURE" duration="138161" timestamp="2017-07-14T23:55:14.473+05:30" session-id="b1f81c74a00422fce2e96d17a7592992">
  <user-story id="e" name="E" path="stories/consult_dictionary/e.story"/>
  <tags>
    <tag name="Consult dictionary" type="feature"/>
    <tag name="Consult dictionary/E" type="story"/>
  </tags>
  <test-group name="Given User on home page" result="SUCCESS">
    <screenshots>
      <screenshot image="2020270df667b06b3649babbeebd4917.png"/>
    </screenshots>
    <test-step result="SUCCESS" duration="11610">
      <screenshots>
        <screenshot image="2020270df667b06b3649babbeebd4917.png"/>
      </screenshots>
      <description>Is the home page</description>
    </test-step>
  </test-group>
  <test-group name="When User Signed In" result="SUCCESS">
    <screenshots>
      <screenshot image="08472b34e35debd88d948b2b3fa40538.png"/>
    </screenshots>
    <test-step result="SUCCESS" duration="25281">
      <screenshots>
        <screenshot image="08472b34e35debd88d948b2b3fa40538.png"/>
      </screenshots>
      <description>Is signin</description>
    </test-step>
  </test-group>
  <test-group name="Then User see the Text &apos;Account&apos; must be displayed" result="SUCCESS">
    <screenshots>
      <screenshot image="08472b34e35debd88d948b2b3fa40538.png"/>
    </screenshots>
    <test-step result="SUCCESS" duration="731">
      <screenshots>
        <screenshot image="08472b34e35debd88d948b2b3fa40538.png"/>
      </screenshots>
      <description>Expected text: Account</description>
    </test-step>
  </test-group>
  <test-group name="When User Hover Over &apos;Account&apos;" result="SUCCESS">
    <screenshots>
      <screenshot image="42a7748b320737be66d007a190fd76bc.png"/>
    </screenshots>
    <test-step result="SUCCESS" duration="1783">
      <screenshots>
        <screenshot image="378257424f759abaab01fd3ddcb6bfb9.png"/>
      </screenshots>
      <description>Hover on signin: Account</description>
    </test-step>
  </test-group>
  <test-group name="Then User see the panel must slide down showing two Account options &apos;Oracle Account&apos; and &apos;Cloud Account&apos;" result="SUCCESS">
    <screenshots>
      <screenshot image="42a7748b320737be66d007a190fd76bc.png"/>
    </screenshots>
    <test-step result="SUCCESS" duration="773">
      <screenshots>
        <screenshot image="42a7748b320737be66d007a190fd76bc.png"/>
      </screenshots>
      <description>Expected option display: Oracle Account, Cloud Account</description>
    </test-step>
  </test-group>
  <test-group name="Then User verify Oracle account must have options:&#xa;［|option           |&#xa;|Sign Out         |&#xa;|Account          |&#xa;|Help             |］" result="SUCCESS">
    <screenshots>
      <screenshot image="42a7748b320737be66d007a190fd76bc.png"/>
    </screenshots>
    <test-step result="SUCCESS" duration="705">
      <screenshots>
        <screenshot image="42a7748b320737be66d007a190fd76bc.png"/>
      </screenshots>
      <description>Expected oracle account option: Sign Out</description>
    </test-step>
    <test-step result="SUCCESS" duration="722">
      <screenshots>
        <screenshot image="42a7748b320737be66d007a190fd76bc.png"/>
      </screenshots>
      <description>Expected oracle account option: Account</description>
    </test-step>
    <test-step result="SUCCESS" duration="827">
      <screenshots>
        <screenshot image="42a7748b320737be66d007a190fd76bc.png"/>
      </screenshots>
      <description>Expected oracle account option: Help</description>
    </test-step>
  </test-group>
  <test-group name="Then User verify Cloud account must have only option:&#xa;［|option |&#xa;|Sign in|］" result="SUCCESS">
    <screenshots>
      <screenshot image="42a7748b320737be66d007a190fd76bc.png"/>
    </screenshots>
    <test-step result="SUCCESS" duration="757">
      <screenshots>
        <screenshot image="42a7748b320737be66d007a190fd76bc.png"/>
      </screenshots>
      <description>Expected cloud account option: Sign in</description>
    </test-step>
  </test-group>
  <test-group name="Then User Click on Cloud account each links:&#xa;［|Option  |Link             |appropriate page        |&#xa;|Account |Sign in          |Oracle Cloud            |］" result="SUCCESS">
    <screenshots>
      <screenshot image="42a7748b320737be66d007a190fd76bc.png"/>
    </screenshots>
    <test-group name="Is page: Account, Sign in, Oracle Cloud" result="SUCCESS">
      <screenshots>
        <screenshot image="42a7748b320737be66d007a190fd76bc.png"/>
      </screenshots>
      <test-step result="SUCCESS" duration="6325">
        <screenshots>
          <screenshot image="2be6df80ad35f322252d7fdef778aee3.png"/>
          <screenshot image="c6b3fbaa251b276eec1f0ef8722fb3e6.png"/>
        </screenshots>
        <description>Page: Account, Oracle Cloud</description>
      </test-step>
    </test-group>
  </test-group>
  <test-group name="Then User Click on Oracle account each links:&#xa;［|Option |Link             |appropriate page         |&#xa;|Account|Help             |About Your Oracle Account|&#xa;|Account|Account          |Update Account           |&#xa;|Account|Sign Out         |Single Sign off          |］" result="FAILURE">
    <screenshots>
      <screenshot image="42a7748b320737be66d007a190fd76bc.png"/>
    </screenshots>
    <test-group name="Is page: Account, Help, About Your Oracle Account" result="SUCCESS">
      <screenshots>
        <screenshot image="42a7748b320737be66d007a190fd76bc.png"/>
      </screenshots>
      <test-step result="SUCCESS" duration="7796">
        <screenshots>
          <screenshot image="6f18360a4f85dfa37dc5990794bc545a.png"/>
          <screenshot image="24c084516aa46edb14f05453c149df69.png"/>
        </screenshots>
        <description>Page: Account, About Your Oracle Account</description>
      </test-step>
    </test-group>
    <test-group name="Is page: Account, Account, Update Account" result="FAILURE">
      <screenshots>
        <screenshot image="42a7748b320737be66d007a190fd76bc.png"/>
      </screenshots>
      <test-step result="FAILURE" duration="763">
        <screenshots>
          <screenshot image="5544fd9339f25ecd646480bf7d17e0cf.png"/>
          <screenshot image="5544fd9339f25ecd646480bf7d17e0cf.png" source="pagesource3294824493450685471.html.txt"/>
        </screenshots>
        <description>Page: Account, Update Account</description>
        <error>java.lang.AssertionError</error>
        <exception>java.lang.AssertionError:null&#xd;
[com.bdd.sample.pages.SignedInPage.is_page(SignedInPage.java:157), com.bdd.sample.steps.serenity.SignedInSteps.page(SignedInSteps.java:55), com.bdd.sample.steps.serenity.SignedInSteps.is_page(SignedInSteps.java:62), com.bdd.sample.steps2.SignedInDefinition.UserClickonOracleAccounteachlinks(SignedInDefinition.java:79)]</exception>
      </test-step>
    </test-group>
  </test-group>
</acceptance-test-run>