<acceptance-test-run title="Test case -Signed-In" name="Test case -Signed-In" steps="12" successful="11" failures="1" skipped="0" ignored="0" pending="0" annotated-result="FAILURE" result="FAILURE" duration="98638" timestamp="2017-07-16T20:38:00.747+05:30" session-id="0c836ec82745039b485079a377af4cc5">
  <user-story id="Signed In" name="Signed In" path="stories/consult_dictionary/Signed In.story"/>
  <tags>
    <tag name="Consult dictionary" type="feature"/>
    <tag name="Consult dictionary/Signed in" type="story"/>
    <tag name="Signed In" type="story"/>
  </tags>
  <test-group name="Given User on home page" result="SUCCESS">
    <screenshots>
      <screenshot image="2020270df667b06b3649babbeebd4917.png"/>
    </screenshots>
    <test-step result="SUCCESS" duration="12052">
      <screenshots>
        <screenshot image="2020270df667b06b3649babbeebd4917.png"/>
      </screenshots>
      <description>Is the home page</description>
    </test-step>
  </test-group>
  <test-group name="When User Signed In" result="SUCCESS">
    <screenshots>
      <screenshot image="08472b34e35debd88d948b2b3fa40538.png"/>
    </screenshots>
    <test-step result="SUCCESS" duration="23986">
      <screenshots>
        <screenshot image="08472b34e35debd88d948b2b3fa40538.png"/>
      </screenshots>
      <description>Is signin</description>
    </test-step>
  </test-group>
  <test-group name="Then User see the Text &apos;Account&apos; must be displayed" result="SUCCESS">
    <screenshots>
      <screenshot image="08472b34e35debd88d948b2b3fa40538.png"/>
    </screenshots>
    <test-step result="SUCCESS" duration="748">
      <screenshots>
        <screenshot image="08472b34e35debd88d948b2b3fa40538.png"/>
      </screenshots>
      <description>Expected text: Account</description>
    </test-step>
  </test-group>
  <test-group name="When User Hover Over &apos;Account&apos;" result="SUCCESS">
    <screenshots>
      <screenshot image="42a7748b320737be66d007a190fd76bc.png"/>
    </screenshots>
    <test-step result="SUCCESS" duration="1849">
      <screenshots>
        <screenshot image="5a83b327aff4dc136d5a400f27232999.png"/>
      </screenshots>
      <description>Hover on signin: Account</description>
    </test-step>
  </test-group>
  <test-group name="Then User see the panel must slide down showing two Account options &apos;Oracle Account&apos; and &apos;Cloud Account&apos;" result="SUCCESS">
    <screenshots>
      <screenshot image="42a7748b320737be66d007a190fd76bc.png"/>
    </screenshots>
    <test-step result="SUCCESS" duration="795">
      <screenshots>
        <screenshot image="42a7748b320737be66d007a190fd76bc.png"/>
      </screenshots>
      <description>Expected option display: Oracle Account, Cloud Account</description>
    </test-step>
  </test-group>
  <test-group name="Then User verify Oracle account must have options:&#xa;［|option           |&#xa;|Sign Out         |&#xa;|Account          |&#xa;|Help             |］" result="SUCCESS">
    <screenshots>
      <screenshot image="42a7748b320737be66d007a190fd76bc.png"/>
    </screenshots>
    <test-step result="SUCCESS" duration="762">
      <screenshots>
        <screenshot image="42a7748b320737be66d007a190fd76bc.png"/>
      </screenshots>
      <description>Expected oracle account option: Sign Out</description>
    </test-step>
    <test-step result="SUCCESS" duration="743">
      <screenshots>
        <screenshot image="42a7748b320737be66d007a190fd76bc.png"/>
      </screenshots>
      <description>Expected oracle account option: Account</description>
    </test-step>
    <test-step result="SUCCESS" duration="737">
      <screenshots>
        <screenshot image="42a7748b320737be66d007a190fd76bc.png"/>
      </screenshots>
      <description>Expected oracle account option: Help</description>
    </test-step>
  </test-group>
  <test-group name="Then User verify Cloud account must have only option:&#xa;［|option |&#xa;|Sign in|］" result="SUCCESS">
    <screenshots>
      <screenshot image="42a7748b320737be66d007a190fd76bc.png"/>
    </screenshots>
    <test-step result="SUCCESS" duration="791">
      <screenshots>
        <screenshot image="42a7748b320737be66d007a190fd76bc.png"/>
      </screenshots>
      <description>Expected cloud account option: Sign in</description>
    </test-step>
  </test-group>
  <test-group name="Then User Click on Cloud account each links:&#xa;［|Option  |Link             |appropriate page        |&#xa;|Account |Sign in          |Oracle Cloud            |］" result="SUCCESS">
    <screenshots>
      <screenshot image="42a7748b320737be66d007a190fd76bc.png"/>
    </screenshots>
    <test-group name="Is page: Account, Sign in, Oracle Cloud" result="SUCCESS">
      <screenshots>
        <screenshot image="42a7748b320737be66d007a190fd76bc.png"/>
      </screenshots>
      <test-step result="SUCCESS" duration="4826">
        <screenshots>
          <screenshot image="8a4949e588ead50e9a836ecd11cece52.png"/>
          <screenshot image="f9e85e6925f713471ecf842f66f7123a.png"/>
        </screenshots>
        <description>Page: Account, Oracle Cloud</description>
      </test-step>
    </test-group>
  </test-group>
  <test-group name="Then User Click on Oracle account each links:&#xa;［|Option |Link             |appropriate page         |&#xa;|Account|Help             |About Your Oracle Account|&#xa;|Account|Account          |Update Account           |&#xa;|Account|Sign Out         |Single Sign off          |］" result="FAILURE">
    <screenshots>
      <screenshot image="42a7748b320737be66d007a190fd76bc.png"/>
    </screenshots>
    <test-group name="Is page: Account, Help, About Your Oracle Account" result="SUCCESS">
      <screenshots>
        <screenshot image="42a7748b320737be66d007a190fd76bc.png"/>
      </screenshots>
      <test-step result="SUCCESS" duration="7152">
        <screenshots>
          <screenshot image="6f18360a4f85dfa37dc5990794bc545a.png"/>
          <screenshot image="0a624d8dcd20850fcdea8803a1c621ac.png"/>
        </screenshots>
        <description>Page: Account, About Your Oracle Account</description>
      </test-step>
    </test-group>
    <test-group name="Is page: Account, Account, Update Account" result="FAILURE">
      <screenshots>
        <screenshot image="42a7748b320737be66d007a190fd76bc.png"/>
      </screenshots>
      <test-step result="FAILURE" duration="768">
        <screenshots>
          <screenshot image="5544fd9339f25ecd646480bf7d17e0cf.png"/>
          <screenshot image="5544fd9339f25ecd646480bf7d17e0cf.png" source="pagesource8867770884574272934.html.txt"/>
        </screenshots>
        <description>Page: Account, Update Account</description>
        <error>java.lang.AssertionError</error>
        <exception>java.lang.AssertionError:null&#xd;
[com.bdd.sample.pages.SignedInPage.is_page(SignedInPage.java:157), com.bdd.sample.steps.serenity.SignedInSteps.page(SignedInSteps.java:55), com.bdd.sample.steps.serenity.SignedInSteps.is_page(SignedInSteps.java:62), com.bdd.sample.steps2.SignedInDefinition.UserClickonOracleAccounteachlinks(SignedInDefinition.java:79)]</exception>
      </test-step>
    </test-group>
  </test-group>
</acceptance-test-run>