<?xml version="1.0" encoding="UTF-8"?><testsuite errors="0" failures="1" name="Not Signed In" skipped="0" tests="1" time="32.4" timestamp="2017-07-197 08:35:26"><testcase name="Test case -Not Signed-In"><failure type="java.lang.AssertionError"/><system-err>null&#13;
com.bdd.sample.pages.NotSignedInPage.oracle_account_option(NotSignedInPage.java:96)&#13;
com.bdd.sample.steps.serenity.NotSignedInStep.Expected_oracle_account_option(NotSignedInStep.java:42)&#13;
com.bdd.sample.steps2.NotSignedInDefinition.UserverifyOracleAccountmusthaveoptions(NotSignedInDefinition.java:53)&#13;
</system-err></testcase></testsuite>