<?xml version="1.0" encoding="UTF-8"?><testsuite errors="0" failures="1" name="Signed in" skipped="0" tests="1" time="125.59" timestamp="2018-01-24 04:56:59"><testcase name="Test case -Signed-In"><failure type="java.lang.AssertionError"/><system-err>null&#13;
com.bdd.sample.pages.SignedInPage.is_page(SignedInPage.java:227)&#13;
com.bdd.sample.steps.serenity.SignedInSteps.page(SignedInSteps.java:55)&#13;
com.bdd.sample.steps.serenity.SignedInSteps.is_page(SignedInSteps.java:62)&#13;
com.bdd.sample.steps2.SignedInDefinition.UserClickonOracleAccounteachlinks(SignedInDefinition.java:78)&#13;
</system-err></testcase></testsuite>