<?xml version="1.0" encoding="UTF-8"?><testsuite errors="1" failures="0" name="F" skipped="0" tests="1" time="8.85" timestamp="2017-07-196 12:11:32"><testcase name="Test case -Not Signed-In"><error message="Timed out after 2 seconds. Element not found&#10;For documentation on this error, please visit: http://seleniumhq.org/exceptions/no_such_element.html&#10;Build info: version: '2.53.1', revision: 'a36b8b1cd5757287168e54b817830adce9b0158d', time: '2016-06-30 19:26:09'&#10;System info: host: 'ARPANNEE-IN', ip: '192.168.43.79', os.name: 'Windows 10', os.arch: 'amd64', os.version: '10.0', java.version: '1.8.0_131'&#10;Driver info: driver.version: unknown" type="org.openqa.selenium.NoSuchElementException">Timed out after 2 seconds. Element not found
For documentation on this error, please visit: http://seleniumhq.org/exceptions/no_such_element.html
Build info: version: '2.53.1', revision: 'a36b8b1cd5757287168e54b817830adce9b0158d', time: '2016-06-30 19:26:09'
System info: host: 'ARPANNEE-IN', ip: '192.168.43.79', os.name: 'Windows 10', os.arch: 'amd64', os.version: '10.0', java.version: '1.8.0_131'
Driver info: driver.version: unknown</error><system-err>Timed out after 2 seconds. Element not found
For documentation on this error, please visit: http://seleniumhq.org/exceptions/no_such_element.html
Build info: version: '2.53.1', revision: 'a36b8b1cd5757287168e54b817830adce9b0158d', time: '2016-06-30 19:26:09'
System info: host: 'ARPANNEE-IN', ip: '192.168.43.79', os.name: 'Windows 10', os.arch: 'amd64', os.version: '10.0', java.version: '1.8.0_131'
Driver info: driver.version: unknown&#13;
com.bdd.sample.pages.NotSignedInPage.Not_signIn(NotSignedInPage.java:28)&#13;
com.bdd.sample.steps.serenity.NotSignedInStep.is_not_signin(NotSignedInStep.java:18)&#13;
com.bdd.sample.steps2.NotSignedInDefinition.UserNotsignedIn(NotSignedInDefinition.java:22)&#13;
</system-err></testcase></testsuite>