<?xml version="1.0" encoding="UTF-8"?><testsuite errors="0" failures="1" name="Signed in" skipped="0" tests="1" time="109.57" timestamp="2018-08-219 11:22:14"><testcase name="Test case -Signed-In"><failure type="java.lang.AssertionError"/><system-err>null&#13;
com.bdd.sample.pages.NotSignedInPage.is_page_(NotSignedInPage.java:172)&#13;
com.bdd.sample.steps.serenity.NotSignedInStep.Page(NotSignedInStep.java:79)&#13;
com.bdd.sample.steps.serenity.NotSignedInStep.is_page_(NotSignedInStep.java:87)&#13;
com.bdd.sample.steps2.NotSignedInDefinition.UserClickoneachoptions(NotSignedInDefinition.java:97)&#13;
</system-err></testcase></testsuite>