<?xml version="1.0" encoding="UTF-8"?><testsuite errors="1" failures="0" name="Accelerator" skipped="0" tests="1" time="64.92" timestamp="2018-08-229 06:59:14"><testcase name="Test case -Accelerator"><error message="Timed out after 2 seconds. Element not found&#10;For documentation on this error, please visit: http://seleniumhq.org/exceptions/no_such_element.html&#10;Build info: version: '2.53.1', revision: 'a36b8b1cd5757287168e54b817830adce9b0158d', time: '2016-06-30 19:26:09'&#10;System info: host: 'RABHINAN-LAP', ip: '10.178.30.255', os.name: 'Windows 7', os.arch: 'amd64', os.version: '6.1', java.version: '1.8.0_131'&#10;Driver info: driver.version: unknown" type="org.openqa.selenium.NoSuchElementException">Timed out after 2 seconds. Element not found
For documentation on this error, please visit: http://seleniumhq.org/exceptions/no_such_element.html
Build info: version: '2.53.1', revision: 'a36b8b1cd5757287168e54b817830adce9b0158d', time: '2016-06-30 19:26:09'
System info: host: 'RABHINAN-LAP', ip: '10.178.30.255', os.name: 'Windows 7', os.arch: 'amd64', os.version: '6.1', java.version: '1.8.0_131'
Driver info: driver.version: unknown</error><system-err>Timed out after 2 seconds. Element not found
For documentation on this error, please visit: http://seleniumhq.org/exceptions/no_such_element.html
Build info: version: '2.53.1', revision: 'a36b8b1cd5757287168e54b817830adce9b0158d', time: '2016-06-30 19:26:09'
System info: host: 'RABHINAN-LAP', ip: '10.178.30.255', os.name: 'Windows 7', os.arch: 'amd64', os.version: '6.1', java.version: '1.8.0_131'
Driver info: driver.version: unknown&#13;
com.bdd.sample.pages.DictionaryPage.Menu_bar_displayed(DictionaryPage.java:67)&#13;
com.bdd.sample.steps.serenity.EndUserSteps.verify_Menu_bar_position(EndUserSteps.java:27)&#13;
com.bdd.sample.steps2.DefinitionSteps.pageloadsjamesverifyMenubarshouldnotMove(DefinitionSteps.java:32)&#13;
</system-err></testcase></testsuite>