<?xml version="1.0" encoding="UTF-8"?><testsuite errors="1" failures="0" name="C" skipped="0" tests="1" time="11.63" timestamp="2017-07-196 12:11:19"><testcase name="Test case -Search Box"><error message="Timed out after 2 seconds. Element not found&#10;For documentation on this error, please visit: http://seleniumhq.org/exceptions/no_such_element.html&#10;Build info: version: '2.53.1', revision: 'a36b8b1cd5757287168e54b817830adce9b0158d', time: '2016-06-30 19:26:09'&#10;System info: host: 'ARPANNEE-IN', ip: '192.168.43.79', os.name: 'Windows 10', os.arch: 'amd64', os.version: '10.0', java.version: '1.8.0_131'&#10;Driver info: driver.version: unknown" type="org.openqa.selenium.NoSuchElementException">Timed out after 2 seconds. Element not found
For documentation on this error, please visit: http://seleniumhq.org/exceptions/no_such_element.html
Build info: version: '2.53.1', revision: 'a36b8b1cd5757287168e54b817830adce9b0158d', time: '2016-06-30 19:26:09'
System info: host: 'ARPANNEE-IN', ip: '192.168.43.79', os.name: 'Windows 10', os.arch: 'amd64', os.version: '10.0', java.version: '1.8.0_131'
Driver info: driver.version: unknown</error><system-err>Timed out after 2 seconds. Element not found
For documentation on this error, please visit: http://seleniumhq.org/exceptions/no_such_element.html
Build info: version: '2.53.1', revision: 'a36b8b1cd5757287168e54b817830adce9b0158d', time: '2016-06-30 19:26:09'
System info: host: 'ARPANNEE-IN', ip: '192.168.43.79', os.name: 'Windows 10', os.arch: 'amd64', os.version: '10.0', java.version: '1.8.0_131'
Driver info: driver.version: unknown&#13;
com.bdd.sample.pages.SearchBoxPage.click_on_inside_textbox(SearchBoxPage.java:36)&#13;
com.bdd.sample.steps.serenity.SearchBoxUserStep.click_on_inside_Textbox(SearchBoxUserStep.java:17)&#13;
com.bdd.sample.steps2.SearchBoxDefinitionSteps.Userclickinsidethesearchboxmustshowthecursor(SearchBoxDefinitionSteps.java:26)&#13;
</system-err></testcase></testsuite>